<!DOCTYPE html>
<html>
  <head>
    <meta charset="utf-8"/>
    <title id="head-title">test_report.html</title>
      <style type="text/css">body {
  font-family: Helvetica, Arial, sans-serif;
  font-size: 12px;
  /* do not increase min-width as some may use split screens */
  min-width: 800px;
  color: #999;
}

h1 {
  font-size: 24px;
  color: black;
}

h2 {
  font-size: 16px;
  color: black;
}

p {
  color: black;
}

a {
  color: #999;
}

table {
  border-collapse: collapse;
}

/******************************
 * SUMMARY INFORMATION
 ******************************/
#environment td {
  padding: 5px;
  border: 1px solid #e6e6e6;
  vertical-align: top;
}
#environment tr:nth-child(odd) {
  background-color: #f6f6f6;
}
#environment ul {
  margin: 0;
  padding: 0 20px;
}

/******************************
 * TEST RESULT COLORS
 ******************************/
span.passed,
.passed .col-result {
  color: green;
}

span.skipped,
span.xfailed,
span.rerun,
.skipped .col-result,
.xfailed .col-result,
.rerun .col-result {
  color: orange;
}

span.error,
span.failed,
span.xpassed,
.error .col-result,
.failed .col-result,
.xpassed .col-result {
  color: red;
}

.col-links__extra {
  margin-right: 3px;
}

/******************************
 * RESULTS TABLE
 *
 * 1. Table Layout
 * 2. Extra
 * 3. Sorting items
 *
 ******************************/
/*------------------
 * 1. Table Layout
 *------------------*/
#results-table {
  border: 1px solid #e6e6e6;
  color: #999;
  font-size: 12px;
  width: 100%;
}
#results-table th,
#results-table td {
  padding: 5px;
  border: 1px solid #e6e6e6;
  text-align: left;
}
#results-table th {
  font-weight: bold;
}

/*------------------
 * 2. Extra
 *------------------*/
.logwrapper {
  max-height: 230px;
  overflow-y: scroll;
  background-color: #e6e6e6;
}
.logwrapper.expanded {
  max-height: none;
}
.logwrapper.expanded .logexpander:after {
  content: "collapse [-]";
}
.logwrapper .logexpander {
  z-index: 1;
  position: sticky;
  top: 10px;
  width: max-content;
  border: 1px solid;
  border-radius: 3px;
  padding: 5px 7px;
  margin: 10px 0 10px calc(100% - 80px);
  cursor: pointer;
  background-color: #e6e6e6;
}
.logwrapper .logexpander:after {
  content: "expand [+]";
}
.logwrapper .logexpander:hover {
  color: #000;
  border-color: #000;
}
.logwrapper .log {
  min-height: 40px;
  position: relative;
  top: -50px;
  height: calc(100% + 50px);
  border: 1px solid #e6e6e6;
  color: black;
  display: block;
  font-family: "Courier New", Courier, monospace;
  padding: 5px;
  padding-right: 80px;
  white-space: pre-wrap;
}

div.media {
  border: 1px solid #e6e6e6;
  float: right;
  height: 240px;
  margin: 0 5px;
  overflow: hidden;
  width: 320px;
}

.media-container {
  display: grid;
  grid-template-columns: 25px auto 25px;
  align-items: center;
  flex: 1 1;
  overflow: hidden;
  height: 200px;
}

.media-container--fullscreen {
  grid-template-columns: 0px auto 0px;
}

.media-container__nav--right,
.media-container__nav--left {
  text-align: center;
  cursor: pointer;
}

.media-container__viewport {
  cursor: pointer;
  text-align: center;
  height: inherit;
}
.media-container__viewport img,
.media-container__viewport video {
  object-fit: cover;
  width: 100%;
  max-height: 100%;
}

.media__name,
.media__counter {
  display: flex;
  flex-direction: row;
  justify-content: space-around;
  flex: 0 0 25px;
  align-items: center;
}

.collapsible td:not(.col-links) {
  cursor: pointer;
}
.collapsible td:not(.col-links):hover::after {
  color: #bbb;
  font-style: italic;
  cursor: pointer;
}

.col-result {
  width: 130px;
}
.col-result:hover::after {
  content: " (hide details)";
}

.col-result.collapsed:hover::after {
  content: " (show details)";
}

#environment-header h2:hover::after {
  content: " (hide details)";
  color: #bbb;
  font-style: italic;
  cursor: pointer;
  font-size: 12px;
}

#environment-header.collapsed h2:hover::after {
  content: " (show details)";
  color: #bbb;
  font-style: italic;
  cursor: pointer;
  font-size: 12px;
}

/*------------------
 * 3. Sorting items
 *------------------*/
.sortable {
  cursor: pointer;
}
.sortable.desc:after {
  content: " ";
  position: relative;
  left: 5px;
  bottom: -12.5px;
  border: 10px solid #4caf50;
  border-bottom: 0;
  border-left-color: transparent;
  border-right-color: transparent;
}
.sortable.asc:after {
  content: " ";
  position: relative;
  left: 5px;
  bottom: 12.5px;
  border: 10px solid #4caf50;
  border-top: 0;
  border-left-color: transparent;
  border-right-color: transparent;
}

.hidden, .summary__reload__button.hidden {
  display: none;
}

.summary__data {
  flex: 0 0 550px;
}
.summary__reload {
  flex: 1 1;
  display: flex;
  justify-content: center;
}
.summary__reload__button {
  flex: 0 0 300px;
  display: flex;
  color: white;
  font-weight: bold;
  background-color: #4caf50;
  text-align: center;
  justify-content: center;
  align-items: center;
  border-radius: 3px;
  cursor: pointer;
}
.summary__reload__button:hover {
  background-color: #46a049;
}
.summary__spacer {
  flex: 0 0 550px;
}

.controls {
  display: flex;
  justify-content: space-between;
}

.filters,
.collapse {
  display: flex;
  align-items: center;
}
.filters button,
.collapse button {
  color: #999;
  border: none;
  background: none;
  cursor: pointer;
  text-decoration: underline;
}
.filters button:hover,
.collapse button:hover {
  color: #ccc;
}

.filter__label {
  margin-right: 10px;
}

      </style>
    
  </head>
  <body>
    <h1 id="title">test_report.html</h1>
    <p>Report generated on 15-Jul-2025 at 09:21:49 by <a href="https://pypi.python.org/pypi/pytest-html">pytest-html</a>
        v4.1.1</p>
    <div id="environment-header">
      <h2>Environment</h2>
    </div>
    <table id="environment"></table>
    <!-- TEMPLATES -->
      <template id="template_environment_row">
      <tr>
        <td></td>
        <td></td>
      </tr>
    </template>
    <template id="template_results-table__body--empty">
      <tbody class="results-table-row">
        <tr id="not-found-message">
          <td colspan="4">No results found. Check the filters.</th>
        </tr>
    </template>
    <template id="template_results-table__tbody">
      <tbody class="results-table-row">
        <tr class="collapsible">
        </tr>
        <tr class="extras-row">
          <td class="extra" colspan="4">
            <div class="extraHTML"></div>
            <div class="media">
              <div class="media-container">
                  <div class="media-container__nav--left"><</div>
                  <div class="media-container__viewport">
                    <img src="" />
                    <video controls>
                      <source src="" type="video/mp4">
                    </video>
                  </div>
                  <div class="media-container__nav--right">></div>
                </div>
                <div class="media__name"></div>
                <div class="media__counter"></div>
            </div>
            <div class="logwrapper">
              <div class="logexpander"></div>
              <div class="log"></div>
            </div>
          </td>
        </tr>
      </tbody>
    </template>
    <!-- END TEMPLATES -->
    <div class="summary">
      <div class="summary__data">
        <h2>Summary</h2>
        <div class="additional-summary prefix">
        </div>
        <p class="run-count">5 tests took 00:15:06.</p>
        <p class="filter">(Un)check the boxes to filter the results.</p>
        <div class="summary__reload">
          <div class="summary__reload__button hidden" onclick="location.reload()">
            <div>There are still tests running. <br />Reload this page to get the latest results!</div>
          </div>
        </div>
        <div class="summary__spacer"></div>
        <div class="controls">
          <div class="filters">
            <input checked="true" class="filter" name="filter_checkbox" type="checkbox" data-test-result="failed" disabled/>
            <span class="failed">0 Failed,</span>
            <input checked="true" class="filter" name="filter_checkbox" type="checkbox" data-test-result="passed" />
            <span class="passed">5 Passed,</span>
            <input checked="true" class="filter" name="filter_checkbox" type="checkbox" data-test-result="skipped" disabled/>
            <span class="skipped">0 Skipped,</span>
            <input checked="true" class="filter" name="filter_checkbox" type="checkbox" data-test-result="xfailed" disabled/>
            <span class="xfailed">0 Expected failures,</span>
            <input checked="true" class="filter" name="filter_checkbox" type="checkbox" data-test-result="xpassed" disabled/>
            <span class="xpassed">0 Unexpected passes,</span>
            <input checked="true" class="filter" name="filter_checkbox" type="checkbox" data-test-result="error" />
            <span class="error">18 Errors,</span>
            <input checked="true" class="filter" name="filter_checkbox" type="checkbox" data-test-result="rerun" disabled/>
            <span class="rerun">0 Reruns</span>
          </div>
          <div class="collapse">
            <button id="show_all_details">Show all details</button>&nbsp;/&nbsp;<button id="hide_all_details">Hide all details</button>
          </div>
        </div>
      </div>
      <div class="additional-summary summary">
      </div>
      <div class="additional-summary postfix">
      </div>
    </div>
    <table id="results-table">
      <thead id="results-table-head">
        <tr>
          <th class="sortable" data-column-type="result">Result</th>
          <th class="sortable" data-column-type="testId">Test</th>
          <th class="sortable" data-column-type="duration">Duration</th>
          <th>Links</th>
        </tr>
      </thead>
    </table>
  </body>
  <footer>
    <div id="data-container" data-jsonblob="{&#34;environment&#34;: {&#34;Python&#34;: &#34;3.12.3&#34;, &#34;Platform&#34;: &#34;Windows-11-10.0.22631-SP0&#34;, &#34;Packages&#34;: {&#34;pytest&#34;: &#34;8.3.3&#34;, &#34;pluggy&#34;: &#34;1.5.0&#34;}, &#34;Plugins&#34;: {&#34;anyio&#34;: &#34;4.4.0&#34;, &#34;html&#34;: &#34;4.1.1&#34;, &#34;metadata&#34;: &#34;3.1.1&#34;}}, &#34;tests&#34;: {&#34;tests/test_meeting_creation.py::TestMeetingCreation::test_create_online_meeting_default&#34;: [{&#34;extras&#34;: [], &#34;result&#34;: &#34;Error&#34;, &#34;testId&#34;: &#34;tests/test_meeting_creation.py::TestMeetingCreation::test_create_online_meeting_default::setup&#34;, &#34;duration&#34;: &#34;00:00:45&#34;, &#34;resultsTableRow&#34;: [&#34;&lt;td class=\&#34;col-result\&#34;&gt;Error&lt;/td&gt;&#34;, &#34;&lt;td class=\&#34;col-testId\&#34;&gt;tests/test_meeting_creation.py::TestMeetingCreation::test_create_online_meeting_default::setup&lt;/td&gt;&#34;, &#34;&lt;td class=\&#34;col-duration\&#34;&gt;00:00:45&lt;/td&gt;&#34;, &#34;&lt;td class=\&#34;col-links\&#34;&gt;&lt;/td&gt;&#34;], &#34;log&#34;: &#34;self = &amp;lt;tests.test_meeting_creation.TestMeetingCreation object at 0x00000234B4D18800&amp;gt;, login_flow = &amp;lt;pages.login_flow.LoginFlow object at 0x00000234B4D61910&amp;gt;\n\n    @pytest.fixture(autouse=True)\n    def setup(self, login_flow):\n        &amp;quot;&amp;quot;&amp;quot;Setup: Login and open meeting creation dialog&amp;quot;&amp;quot;&amp;quot;\n        self.login_flow = login_flow\n        self.meeting_page = MeetingCreationPage(login_flow.driver)\n        self.login_flow.execute_login_flow(\n            email=&amp;quot;nandopanjaitan003@gmail.com&amp;quot;,\n            password=&amp;quot;Twice300403&amp;quot;\n        )\n&amp;gt;       self.meeting_page.open_meeting_creation_dialog()\n\ntests\\test_meeting_creation.py:46: \n_ _ _ _ _ _ _ _ _ _ _ _ _ _ _ _ _ _ _ _ _ _ _ _ _ _ _ _ _ _ _ _ _ _ _ _ _ _ _ _ _ _ _ _ _ _ _ _ _ _ _ _ _ _ _ _ _ _ _ _ _ _ _ _ _ _ _ _ _ _ _ _ _ _ _ _ _ _ \npages\\meeting_creation_page.py:98: in open_meeting_creation_dialog\n    self.wait.until(\n_ _ _ _ _ _ _ _ _ _ _ _ _ _ _ _ _ _ _ _ _ _ _ _ _ _ _ _ _ _ _ _ _ _ _ _ _ _ _ _ _ _ _ _ _ _ _ _ _ _ _ _ _ _ _ _ _ _ _ _ _ _ _ _ _ _ _ _ _ _ _ _ _ _ _ _ _ _ \n\nself = &amp;lt;selenium.webdriver.support.wait.WebDriverWait (session=&amp;quot;fa43937cf7e5a7f7c38ed0e8c7be2268&amp;quot;)&amp;gt;\nmethod = &amp;lt;function MeetingCreationPage.open_meeting_creation_dialog.&amp;lt;locals&amp;gt;.&amp;lt;lambda&amp;gt; at 0x00000234B3FEE840&amp;gt;, message = &amp;#x27;&amp;#x27;\n\n    def until(self, method: Callable[[D], Union[Literal[False], T]], message: str = &amp;quot;&amp;quot;) -&amp;gt; T:\n        &amp;quot;&amp;quot;&amp;quot;Calls the method provided with the driver as an argument until the \\\n        return value does not evaluate to ``False``.\n    \n        :param method: callable(WebDriver)\n        :param message: optional message for :exc:`TimeoutException`\n        :returns: the result of the last call to `method`\n        :raises: :exc:`selenium.common.exceptions.TimeoutException` if timeout occurs\n        &amp;quot;&amp;quot;&amp;quot;\n        screen = None\n        stacktrace = None\n    \n        end_time = time.monotonic() + self._timeout\n        while True:\n            try:\n                value = method(self._driver)\n                if value:\n                    return value\n            except self._ignored_exceptions as exc:\n                screen = getattr(exc, &amp;quot;screen&amp;quot;, None)\n                stacktrace = getattr(exc, &amp;quot;stacktrace&amp;quot;, None)\n            time.sleep(self._poll)\n            if time.monotonic() &amp;gt; end_time:\n                break\n&amp;gt;       raise TimeoutException(message, screen, stacktrace)\nE       selenium.common.exceptions.TimeoutException: Message: \nE       Stacktrace:\nE       \tGetHandleVerifier [0x0xb244a3+62419]\nE       \tGetHandleVerifier [0x0xb244e4+62484]\nE       \t(No symbol) [0x0x962133]\nE       \t(No symbol) [0x0x9aa8fe]\nE       \t(No symbol) [0x0x9aac9b]\nE       \t(No symbol) [0x0x9f3052]\nE       \t(No symbol) [0x0x9cf4b4]\nE       \t(No symbol) [0x0x9f087a]\nE       \t(No symbol) [0x0x9cf266]\nE       \t(No symbol) [0x0x99e852]\nE       \t(No symbol) [0x0x99f6f4]\nE       \tGetHandleVerifier [0x0xd94793+2619075]\nE       \tGetHandleVerifier [0x0xd8fbaa+2599642]\nE       \tGetHandleVerifier [0x0xb4b04a+221050]\nE       \tGetHandleVerifier [0x0xb3b2c8+156152]\nE       \tGetHandleVerifier [0x0xb41c7d+183213]\nE       \tGetHandleVerifier [0x0xb2c388+94904]\nE       \tGetHandleVerifier [0x0xb2c512+95298]\nE       \tGetHandleVerifier [0x0xb1766a+9626]\nE       \tBaseThreadInitThunk [0x0x76557ba9+25]\nE       \tRtlInitializeExceptionChain [0x0x776dc36b+107]\nE       \tRtlClearBits [0x0x776dc2ef+191]\n\nC:\\Users\\LENOVO\\AppData\\Local\\Programs\\Python\\Python312\\Lib\\site-packages\\selenium\\webdriver\\support\\wait.py:105: TimeoutException\n\n------------------------------ Captured log setup ------------------------------\nINFO     automation:login_flow.py:19 STEP 1: Membuka landing page\nINFO     automation:base_page.py:54 Screenshot saved as screenshots/landing_page_20250715_090653.png\nINFO     automation:login_flow.py:24 STEP 2: Mengklik tombol Get Started\nINFO     automation:base_page.py:15 Clicking on element: (&amp;#x27;xpath&amp;#x27;, &amp;#x27;//*[@id=&amp;quot;hero&amp;quot;]/div/div[1]/div[2]/div[2]/button&amp;#x27;)\nINFO     automation:base_page.py:19 Successfully clicked the element\nINFO     automation:base_page.py:54 Screenshot saved as screenshots/after_get_started_20250715_090655.png\nINFO     automation:login_flow.py:29 STEP 3: Mengklik Register Now di auth dialog\nINFO     automation:base_page.py:15 Clicking on element: (&amp;#x27;id&amp;#x27;, &amp;#x27;registerNow&amp;#x27;)\nINFO     automation:base_page.py:19 Successfully clicked the element\nINFO     automation:base_page.py:54 Screenshot saved as screenshots/auth_dialog_20250715_090655.png\nINFO     automation:login_flow.py:34 STEP 4: Mengisi form login\nINFO     automation:base_page.py:25 Entering text &amp;#x27;nandopanjaitan003@gmail.com&amp;#x27; in element: (&amp;#x27;xpath&amp;#x27;, &amp;quot;//input[@type=&amp;#x27;email&amp;#x27;]&amp;quot;)\nINFO     automation:base_page.py:30 Text entered successfully\nINFO     automation:base_page.py:25 Entering text &amp;#x27;Twice300403&amp;#x27; in element: (&amp;#x27;xpath&amp;#x27;, &amp;quot;//input[@type=&amp;#x27;password&amp;#x27;]&amp;quot;)\nINFO     automation:base_page.py:30 Text entered successfully\nINFO     automation:base_page.py:54 Screenshot saved as screenshots/after_login_submit_20250715_090657.png\nINFO     automation:login_flow.py:41 STEP 5: Memverifikasi login berhasil dengan mengecek button create meeting\nINFO     automation:login_flow.py:45 Button create meeting ditemukan - login berhasil\nINFO     automation:login_flow.py:49 Berada di halaman dashboard\nINFO     automation:base_page.py:54 Screenshot saved as screenshots/dashboard_page_20250715_090701.png\nINFO     automation:base_page.py:15 Clicking on element: (&amp;#x27;id&amp;#x27;, &amp;#x27;createNewMeetingTrigger&amp;#x27;)\nERROR    automation:base_page.py:21 Failed to click element: Message: element click intercepted: Element &amp;lt;a class=&amp;quot;tap-highlight-transparent no-underline active:opacity-disabled transition-opacity z-0 group relative inline-flex items-center justify-center box-border appearance-none select-none whitespace-nowrap subpixel-antialiased overflow-hidden tap-highlight-transparent outline-none data-[focus-visible=true]:z-10 data-[focus-visible=true]:outline-2 data-[focus-visible=true]:outline-focus data-[focus-visible=true]:outline-offset-2 px-4 min-w-20 h-10 text-small gap-2 rounded-small w-full [&amp;amp;amp;&amp;gt;svg]:max-w-[theme(spacing.8)] data-[pressed=true]:scale-[0.97] transition-transform-colors-opacity motion-reduce:transition-none data-[hover=true]:opacity-hover bg-notulensi-primary hover:opacity-100 data-[hover=true]:opacity-100 hover:bg-notulensi-primary-400 text-white font-medium&amp;quot; id=&amp;quot;createNewMeetingTrigger&amp;quot; data-sentry-element=&amp;quot;UIButton&amp;quot; data-sentry-source-file=&amp;quot;DashboardLayout.tsx&amp;quot; tabindex=&amp;quot;0&amp;quot; role=&amp;quot;button&amp;quot; type=&amp;quot;button&amp;quot;&amp;gt;...&amp;lt;/a&amp;gt; is not clickable at point (140, 108). Other element would receive the click: &amp;lt;div class=&amp;quot;flex w-screen h-[100dvh] fixed inset-0 z-50 overflow-x-auto justify-center [--scale-enter:100%] [--scale-exit:100%] [--slide-enter:0px] [--slide-exit:80px] sm:[--scale-enter:100%] sm:[--scale-exit:103%] sm:[--slide-enter:0px] sm:[--slide-exit:0px] items-end sm:items-center&amp;quot; data-slot=&amp;quot;wrapper&amp;quot; style=&amp;quot;opacity: 1; transform: translateY(var(--slide-enter)) scale(var(--scale-enter)) translateZ(0);&amp;quot;&amp;gt;...&amp;lt;/div&amp;gt;\n  (Session info: chrome=138.0.7204.101)\nStacktrace:\n\tGetHandleVerifier [0x0xb244a3+62419]\n\tGetHandleVerifier [0x0xb244e4+62484]\n\t(No symbol) [0x0x962133]\n\t(No symbol) [0x0x9b0c40]\n\t(No symbol) [0x0x9aeffa]\n\t(No symbol) [0x0x9acb57]\n\t(No symbol) [0x0x9abe14]\n\t(No symbol) [0x0x9a05c5]\n\t(No symbol) [0x0x9cf46c]\n\t(No symbol) [0x0x9a0054]\n\t(No symbol) [0x0x9cf6e4]\n\t(No symbol) [0x0x9f087a]\n\t(No symbol) [0x0x9cf266]\n\t(No symbol) [0x0x99e852]\n\t(No symbol) [0x0x99f6f4]\n\tGetHandleVerifier [0x0xd94793+2619075]\n\tGetHandleVerifier [0x0xd8fbaa+2599642]\n\tGetHandleVerifier [0x0xb4b04a+221050]\n\tGetHandleVerifier [0x0xb3b2c8+156152]\n\tGetHandleVerifier [0x0xb41c7d+183213]\n\tGetHandleVerifier [0x0xb2c388+94904]\n\tGetHandleVerifier [0x0xb2c512+95298]\n\tGetHandleVerifier [0x0xb1766a+9626]\n\tBaseThreadInitThunk [0x0x76557ba9+25]\n\tRtlInitializeExceptionChain [0x0x776dc36b+107]\n\tRtlClearBits [0x0x776dc2ef+191]\n\nINFO     automation:base_page.py:78 No modal found to dismiss\n&#34;}], &#34;tests/test_meeting_creation.py::TestMeetingCreation::test_create_online_meeting_english&#34;: [{&#34;extras&#34;: [], &#34;result&#34;: &#34;Error&#34;, &#34;testId&#34;: &#34;tests/test_meeting_creation.py::TestMeetingCreation::test_create_online_meeting_english::setup&#34;, &#34;duration&#34;: &#34;00:00:54&#34;, &#34;resultsTableRow&#34;: [&#34;&lt;td class=\&#34;col-result\&#34;&gt;Error&lt;/td&gt;&#34;, &#34;&lt;td class=\&#34;col-testId\&#34;&gt;tests/test_meeting_creation.py::TestMeetingCreation::test_create_online_meeting_english::setup&lt;/td&gt;&#34;, &#34;&lt;td class=\&#34;col-duration\&#34;&gt;00:00:54&lt;/td&gt;&#34;, &#34;&lt;td class=\&#34;col-links\&#34;&gt;&lt;/td&gt;&#34;], &#34;log&#34;: &#34;self = &amp;lt;tests.test_meeting_creation.TestMeetingCreation object at 0x00000234B4D18830&amp;gt;, login_flow = &amp;lt;pages.login_flow.LoginFlow object at 0x00000234B4D1A060&amp;gt;\n\n    @pytest.fixture(autouse=True)\n    def setup(self, login_flow):\n        &amp;quot;&amp;quot;&amp;quot;Setup: Login and open meeting creation dialog&amp;quot;&amp;quot;&amp;quot;\n        self.login_flow = login_flow\n        self.meeting_page = MeetingCreationPage(login_flow.driver)\n        self.login_flow.execute_login_flow(\n            email=&amp;quot;nandopanjaitan003@gmail.com&amp;quot;,\n            password=&amp;quot;Twice300403&amp;quot;\n        )\n&amp;gt;       self.meeting_page.open_meeting_creation_dialog()\n\ntests\\test_meeting_creation.py:46: \n_ _ _ _ _ _ _ _ _ _ _ _ _ _ _ _ _ _ _ _ _ _ _ _ _ _ _ _ _ _ _ _ _ _ _ _ _ _ _ _ _ _ _ _ _ _ _ _ _ _ _ _ _ _ _ _ _ _ _ _ _ _ _ _ _ _ _ _ _ _ _ _ _ _ _ _ _ _ \npages\\meeting_creation_page.py:98: in open_meeting_creation_dialog\n    self.wait.until(\n_ _ _ _ _ _ _ _ _ _ _ _ _ _ _ _ _ _ _ _ _ _ _ _ _ _ _ _ _ _ _ _ _ _ _ _ _ _ _ _ _ _ _ _ _ _ _ _ _ _ _ _ _ _ _ _ _ _ _ _ _ _ _ _ _ _ _ _ _ _ _ _ _ _ _ _ _ _ \n\nself = &amp;lt;selenium.webdriver.support.wait.WebDriverWait (session=&amp;quot;ac0788a0fd73f0dcc02a2a4ea17b1588&amp;quot;)&amp;gt;\nmethod = &amp;lt;function MeetingCreationPage.open_meeting_creation_dialog.&amp;lt;locals&amp;gt;.&amp;lt;lambda&amp;gt; at 0x00000234B52C77E0&amp;gt;, message = &amp;#x27;&amp;#x27;\n\n    def until(self, method: Callable[[D], Union[Literal[False], T]], message: str = &amp;quot;&amp;quot;) -&amp;gt; T:\n        &amp;quot;&amp;quot;&amp;quot;Calls the method provided with the driver as an argument until the \\\n        return value does not evaluate to ``False``.\n    \n        :param method: callable(WebDriver)\n        :param message: optional message for :exc:`TimeoutException`\n        :returns: the result of the last call to `method`\n        :raises: :exc:`selenium.common.exceptions.TimeoutException` if timeout occurs\n        &amp;quot;&amp;quot;&amp;quot;\n        screen = None\n        stacktrace = None\n    \n        end_time = time.monotonic() + self._timeout\n        while True:\n            try:\n                value = method(self._driver)\n                if value:\n                    return value\n            except self._ignored_exceptions as exc:\n                screen = getattr(exc, &amp;quot;screen&amp;quot;, None)\n                stacktrace = getattr(exc, &amp;quot;stacktrace&amp;quot;, None)\n            time.sleep(self._poll)\n            if time.monotonic() &amp;gt; end_time:\n                break\n&amp;gt;       raise TimeoutException(message, screen, stacktrace)\nE       selenium.common.exceptions.TimeoutException: Message: \nE       Stacktrace:\nE       \tGetHandleVerifier [0x0xb244a3+62419]\nE       \tGetHandleVerifier [0x0xb244e4+62484]\nE       \t(No symbol) [0x0x962133]\nE       \t(No symbol) [0x0x9aa8fe]\nE       \t(No symbol) [0x0x9aac9b]\nE       \t(No symbol) [0x0x9f3052]\nE       \t(No symbol) [0x0x9cf4b4]\nE       \t(No symbol) [0x0x9f087a]\nE       \t(No symbol) [0x0x9cf266]\nE       \t(No symbol) [0x0x99e852]\nE       \t(No symbol) [0x0x99f6f4]\nE       \tGetHandleVerifier [0x0xd94793+2619075]\nE       \tGetHandleVerifier [0x0xd8fbaa+2599642]\nE       \tGetHandleVerifier [0x0xb4b04a+221050]\nE       \tGetHandleVerifier [0x0xb3b2c8+156152]\nE       \tGetHandleVerifier [0x0xb41c7d+183213]\nE       \tGetHandleVerifier [0x0xb2c388+94904]\nE       \tGetHandleVerifier [0x0xb2c512+95298]\nE       \tGetHandleVerifier [0x0xb1766a+9626]\nE       \tBaseThreadInitThunk [0x0x76557ba9+25]\nE       \tRtlInitializeExceptionChain [0x0x776dc36b+107]\nE       \tRtlClearBits [0x0x776dc2ef+191]\n\nC:\\Users\\LENOVO\\AppData\\Local\\Programs\\Python\\Python312\\Lib\\site-packages\\selenium\\webdriver\\support\\wait.py:105: TimeoutException\n\n------------------------------ Captured log setup ------------------------------\nINFO     automation:login_flow.py:19 STEP 1: Membuka landing page\nINFO     automation:base_page.py:54 Screenshot saved as screenshots/landing_page_20250715_090755.png\nINFO     automation:login_flow.py:24 STEP 2: Mengklik tombol Get Started\nINFO     automation:base_page.py:15 Clicking on element: (&amp;#x27;xpath&amp;#x27;, &amp;#x27;//*[@id=&amp;quot;hero&amp;quot;]/div/div[1]/div[2]/div[2]/button&amp;#x27;)\nINFO     automation:base_page.py:19 Successfully clicked the element\nINFO     automation:base_page.py:54 Screenshot saved as screenshots/after_get_started_20250715_090755.png\nINFO     automation:login_flow.py:29 STEP 3: Mengklik Register Now di auth dialog\nINFO     automation:base_page.py:15 Clicking on element: (&amp;#x27;id&amp;#x27;, &amp;#x27;registerNow&amp;#x27;)\nINFO     automation:base_page.py:19 Successfully clicked the element\nINFO     automation:base_page.py:54 Screenshot saved as screenshots/auth_dialog_20250715_090755.png\nINFO     automation:login_flow.py:34 STEP 4: Mengisi form login\nINFO     automation:base_page.py:25 Entering text &amp;#x27;nandopanjaitan003@gmail.com&amp;#x27; in element: (&amp;#x27;xpath&amp;#x27;, &amp;quot;//input[@type=&amp;#x27;email&amp;#x27;]&amp;quot;)\nINFO     automation:base_page.py:30 Text entered successfully\nINFO     automation:base_page.py:25 Entering text &amp;#x27;Twice300403&amp;#x27; in element: (&amp;#x27;xpath&amp;#x27;, &amp;quot;//input[@type=&amp;#x27;password&amp;#x27;]&amp;quot;)\nINFO     automation:base_page.py:30 Text entered successfully\nINFO     automation:base_page.py:54 Screenshot saved as screenshots/after_login_submit_20250715_090756.png\nINFO     automation:login_flow.py:41 STEP 5: Memverifikasi login berhasil dengan mengecek button create meeting\nINFO     automation:login_flow.py:45 Button create meeting ditemukan - login berhasil\nINFO     automation:login_flow.py:49 Berada di halaman dashboard\nINFO     automation:base_page.py:54 Screenshot saved as screenshots/dashboard_page_20250715_090758.png\nINFO     automation:base_page.py:15 Clicking on element: (&amp;#x27;id&amp;#x27;, &amp;#x27;createNewMeetingTrigger&amp;#x27;)\nERROR    automation:base_page.py:21 Failed to click element: Message: element click intercepted: Element &amp;lt;a class=&amp;quot;tap-highlight-transparent no-underline active:opacity-disabled transition-opacity z-0 group relative inline-flex items-center justify-center box-border appearance-none select-none whitespace-nowrap subpixel-antialiased overflow-hidden tap-highlight-transparent outline-none data-[focus-visible=true]:z-10 data-[focus-visible=true]:outline-2 data-[focus-visible=true]:outline-focus data-[focus-visible=true]:outline-offset-2 px-4 min-w-20 h-10 text-small gap-2 rounded-small w-full [&amp;amp;amp;&amp;gt;svg]:max-w-[theme(spacing.8)] data-[pressed=true]:scale-[0.97] transition-transform-colors-opacity motion-reduce:transition-none data-[hover=true]:opacity-hover bg-notulensi-primary hover:opacity-100 data-[hover=true]:opacity-100 hover:bg-notulensi-primary-400 text-white font-medium&amp;quot; id=&amp;quot;createNewMeetingTrigger&amp;quot; data-sentry-element=&amp;quot;UIButton&amp;quot; data-sentry-source-file=&amp;quot;DashboardLayout.tsx&amp;quot; tabindex=&amp;quot;0&amp;quot; role=&amp;quot;button&amp;quot; type=&amp;quot;button&amp;quot;&amp;gt;...&amp;lt;/a&amp;gt; is not clickable at point (140, 108). Other element would receive the click: &amp;lt;div class=&amp;quot;flex w-screen h-[100dvh] fixed inset-0 z-50 overflow-x-auto justify-center [--scale-enter:100%] [--scale-exit:100%] [--slide-enter:0px] [--slide-exit:80px] sm:[--scale-enter:100%] sm:[--scale-exit:103%] sm:[--slide-enter:0px] sm:[--slide-exit:0px] items-end sm:items-center&amp;quot; data-slot=&amp;quot;wrapper&amp;quot; style=&amp;quot;opacity: 1; transform: translateY(var(--slide-enter)) scale(var(--scale-enter)) translateZ(0);&amp;quot;&amp;gt;...&amp;lt;/div&amp;gt;\n  (Session info: chrome=138.0.7204.101)\nStacktrace:\n\tGetHandleVerifier [0x0xb244a3+62419]\n\tGetHandleVerifier [0x0xb244e4+62484]\n\t(No symbol) [0x0x962133]\n\t(No symbol) [0x0x9b0c40]\n\t(No symbol) [0x0x9aeffa]\n\t(No symbol) [0x0x9acb57]\n\t(No symbol) [0x0x9abe14]\n\t(No symbol) [0x0x9a05c5]\n\t(No symbol) [0x0x9cf46c]\n\t(No symbol) [0x0x9a0054]\n\t(No symbol) [0x0x9cf6e4]\n\t(No symbol) [0x0x9f087a]\n\t(No symbol) [0x0x9cf266]\n\t(No symbol) [0x0x99e852]\n\t(No symbol) [0x0x99f6f4]\n\tGetHandleVerifier [0x0xd94793+2619075]\n\tGetHandleVerifier [0x0xd8fbaa+2599642]\n\tGetHandleVerifier [0x0xb4b04a+221050]\n\tGetHandleVerifier [0x0xb3b2c8+156152]\n\tGetHandleVerifier [0x0xb41c7d+183213]\n\tGetHandleVerifier [0x0xb2c388+94904]\n\tGetHandleVerifier [0x0xb2c512+95298]\n\tGetHandleVerifier [0x0xb1766a+9626]\n\tBaseThreadInitThunk [0x0x76557ba9+25]\n\tRtlInitializeExceptionChain [0x0x776dc36b+107]\n\tRtlClearBits [0x0x776dc2ef+191]\n\nINFO     automation:base_page.py:78 No modal found to dismiss\n&#34;}], &#34;tests/test_meeting_creation.py::TestMeetingCreation::test_create_online_meeting_various_platforms[https://meet.google.com/jna-nsyi-qqa]&#34;: [{&#34;extras&#34;: [], &#34;result&#34;: &#34;Error&#34;, &#34;testId&#34;: &#34;tests/test_meeting_creation.py::TestMeetingCreation::test_create_online_meeting_various_platforms[https://meet.google.com/jna-nsyi-qqa]::setup&#34;, &#34;duration&#34;: &#34;00:00:44&#34;, &#34;resultsTableRow&#34;: [&#34;&lt;td class=\&#34;col-result\&#34;&gt;Error&lt;/td&gt;&#34;, &#34;&lt;td class=\&#34;col-testId\&#34;&gt;tests/test_meeting_creation.py::TestMeetingCreation::test_create_online_meeting_various_platforms[https://meet.google.com/jna-nsyi-qqa]::setup&lt;/td&gt;&#34;, &#34;&lt;td class=\&#34;col-duration\&#34;&gt;00:00:44&lt;/td&gt;&#34;, &#34;&lt;td class=\&#34;col-links\&#34;&gt;&lt;/td&gt;&#34;], &#34;log&#34;: &#34;self = &amp;lt;tests.test_meeting_creation.TestMeetingCreation object at 0x00000234B4C9E690&amp;gt;, login_flow = &amp;lt;pages.login_flow.LoginFlow object at 0x00000234B4D63E60&amp;gt;\n\n    @pytest.fixture(autouse=True)\n    def setup(self, login_flow):\n        &amp;quot;&amp;quot;&amp;quot;Setup: Login and open meeting creation dialog&amp;quot;&amp;quot;&amp;quot;\n        self.login_flow = login_flow\n        self.meeting_page = MeetingCreationPage(login_flow.driver)\n        self.login_flow.execute_login_flow(\n            email=&amp;quot;nandopanjaitan003@gmail.com&amp;quot;,\n            password=&amp;quot;Twice300403&amp;quot;\n        )\n&amp;gt;       self.meeting_page.open_meeting_creation_dialog()\n\ntests\\test_meeting_creation.py:46: \n_ _ _ _ _ _ _ _ _ _ _ _ _ _ _ _ _ _ _ _ _ _ _ _ _ _ _ _ _ _ _ _ _ _ _ _ _ _ _ _ _ _ _ _ _ _ _ _ _ _ _ _ _ _ _ _ _ _ _ _ _ _ _ _ _ _ _ _ _ _ _ _ _ _ _ _ _ _ \npages\\meeting_creation_page.py:98: in open_meeting_creation_dialog\n    self.wait.until(\n_ _ _ _ _ _ _ _ _ _ _ _ _ _ _ _ _ _ _ _ _ _ _ _ _ _ _ _ _ _ _ _ _ _ _ _ _ _ _ _ _ _ _ _ _ _ _ _ _ _ _ _ _ _ _ _ _ _ _ _ _ _ _ _ _ _ _ _ _ _ _ _ _ _ _ _ _ _ \n\nself = &amp;lt;selenium.webdriver.support.wait.WebDriverWait (session=&amp;quot;c853413edffb08518b2639c64708d248&amp;quot;)&amp;gt;\nmethod = &amp;lt;function MeetingCreationPage.open_meeting_creation_dialog.&amp;lt;locals&amp;gt;.&amp;lt;lambda&amp;gt; at 0x00000234B52C7F60&amp;gt;, message = &amp;#x27;&amp;#x27;\n\n    def until(self, method: Callable[[D], Union[Literal[False], T]], message: str = &amp;quot;&amp;quot;) -&amp;gt; T:\n        &amp;quot;&amp;quot;&amp;quot;Calls the method provided with the driver as an argument until the \\\n        return value does not evaluate to ``False``.\n    \n        :param method: callable(WebDriver)\n        :param message: optional message for :exc:`TimeoutException`\n        :returns: the result of the last call to `method`\n        :raises: :exc:`selenium.common.exceptions.TimeoutException` if timeout occurs\n        &amp;quot;&amp;quot;&amp;quot;\n        screen = None\n        stacktrace = None\n    \n        end_time = time.monotonic() + self._timeout\n        while True:\n            try:\n                value = method(self._driver)\n                if value:\n                    return value\n            except self._ignored_exceptions as exc:\n                screen = getattr(exc, &amp;quot;screen&amp;quot;, None)\n                stacktrace = getattr(exc, &amp;quot;stacktrace&amp;quot;, None)\n            time.sleep(self._poll)\n            if time.monotonic() &amp;gt; end_time:\n                break\n&amp;gt;       raise TimeoutException(message, screen, stacktrace)\nE       selenium.common.exceptions.TimeoutException: Message: \nE       Stacktrace:\nE       \tGetHandleVerifier [0x0xb244a3+62419]\nE       \tGetHandleVerifier [0x0xb244e4+62484]\nE       \t(No symbol) [0x0x962133]\nE       \t(No symbol) [0x0x9aa8fe]\nE       \t(No symbol) [0x0x9aac9b]\nE       \t(No symbol) [0x0x9f3052]\nE       \t(No symbol) [0x0x9cf4b4]\nE       \t(No symbol) [0x0x9f087a]\nE       \t(No symbol) [0x0x9cf266]\nE       \t(No symbol) [0x0x99e852]\nE       \t(No symbol) [0x0x99f6f4]\nE       \tGetHandleVerifier [0x0xd94793+2619075]\nE       \tGetHandleVerifier [0x0xd8fbaa+2599642]\nE       \tGetHandleVerifier [0x0xb4b04a+221050]\nE       \tGetHandleVerifier [0x0xb3b2c8+156152]\nE       \tGetHandleVerifier [0x0xb41c7d+183213]\nE       \tGetHandleVerifier [0x0xb2c388+94904]\nE       \tGetHandleVerifier [0x0xb2c512+95298]\nE       \tGetHandleVerifier [0x0xb1766a+9626]\nE       \tBaseThreadInitThunk [0x0x76557ba9+25]\nE       \tRtlInitializeExceptionChain [0x0x776dc36b+107]\nE       \tRtlClearBits [0x0x776dc2ef+191]\n\nC:\\Users\\LENOVO\\AppData\\Local\\Programs\\Python\\Python312\\Lib\\site-packages\\selenium\\webdriver\\support\\wait.py:105: TimeoutException\n\n------------------------------ Captured log setup ------------------------------\nINFO     automation:login_flow.py:19 STEP 1: Membuka landing page\nINFO     automation:base_page.py:54 Screenshot saved as screenshots/landing_page_20250715_090838.png\nINFO     automation:login_flow.py:24 STEP 2: Mengklik tombol Get Started\nINFO     automation:base_page.py:15 Clicking on element: (&amp;#x27;xpath&amp;#x27;, &amp;#x27;//*[@id=&amp;quot;hero&amp;quot;]/div/div[1]/div[2]/div[2]/button&amp;#x27;)\nINFO     automation:base_page.py:19 Successfully clicked the element\nINFO     automation:base_page.py:54 Screenshot saved as screenshots/after_get_started_20250715_090838.png\nINFO     automation:login_flow.py:29 STEP 3: Mengklik Register Now di auth dialog\nINFO     automation:base_page.py:15 Clicking on element: (&amp;#x27;id&amp;#x27;, &amp;#x27;registerNow&amp;#x27;)\nINFO     automation:base_page.py:19 Successfully clicked the element\nINFO     automation:base_page.py:54 Screenshot saved as screenshots/auth_dialog_20250715_090839.png\nINFO     automation:login_flow.py:34 STEP 4: Mengisi form login\nINFO     automation:base_page.py:25 Entering text &amp;#x27;nandopanjaitan003@gmail.com&amp;#x27; in element: (&amp;#x27;xpath&amp;#x27;, &amp;quot;//input[@type=&amp;#x27;email&amp;#x27;]&amp;quot;)\nINFO     automation:base_page.py:30 Text entered successfully\nINFO     automation:base_page.py:25 Entering text &amp;#x27;Twice300403&amp;#x27; in element: (&amp;#x27;xpath&amp;#x27;, &amp;quot;//input[@type=&amp;#x27;password&amp;#x27;]&amp;quot;)\nINFO     automation:base_page.py:30 Text entered successfully\nINFO     automation:base_page.py:54 Screenshot saved as screenshots/after_login_submit_20250715_090840.png\nINFO     automation:login_flow.py:41 STEP 5: Memverifikasi login berhasil dengan mengecek button create meeting\nINFO     automation:login_flow.py:45 Button create meeting ditemukan - login berhasil\nINFO     automation:login_flow.py:49 Berada di halaman dashboard\nINFO     automation:base_page.py:54 Screenshot saved as screenshots/dashboard_page_20250715_090844.png\nINFO     automation:base_page.py:15 Clicking on element: (&amp;#x27;id&amp;#x27;, &amp;#x27;createNewMeetingTrigger&amp;#x27;)\nERROR    automation:base_page.py:21 Failed to click element: Message: element click intercepted: Element &amp;lt;a class=&amp;quot;tap-highlight-transparent no-underline active:opacity-disabled transition-opacity z-0 group relative inline-flex items-center justify-center box-border appearance-none select-none whitespace-nowrap subpixel-antialiased overflow-hidden tap-highlight-transparent outline-none data-[focus-visible=true]:z-10 data-[focus-visible=true]:outline-2 data-[focus-visible=true]:outline-focus data-[focus-visible=true]:outline-offset-2 px-4 min-w-20 h-10 text-small gap-2 rounded-small w-full [&amp;amp;amp;&amp;gt;svg]:max-w-[theme(spacing.8)] data-[pressed=true]:scale-[0.97] transition-transform-colors-opacity motion-reduce:transition-none data-[hover=true]:opacity-hover bg-notulensi-primary hover:opacity-100 data-[hover=true]:opacity-100 hover:bg-notulensi-primary-400 text-white font-medium&amp;quot; id=&amp;quot;createNewMeetingTrigger&amp;quot; data-sentry-element=&amp;quot;UIButton&amp;quot; data-sentry-source-file=&amp;quot;DashboardLayout.tsx&amp;quot; tabindex=&amp;quot;0&amp;quot; role=&amp;quot;button&amp;quot; type=&amp;quot;button&amp;quot;&amp;gt;...&amp;lt;/a&amp;gt; is not clickable at point (140, 108). Other element would receive the click: &amp;lt;div class=&amp;quot;flex w-screen h-[100dvh] fixed inset-0 z-50 overflow-x-auto justify-center [--scale-enter:100%] [--scale-exit:100%] [--slide-enter:0px] [--slide-exit:80px] sm:[--scale-enter:100%] sm:[--scale-exit:103%] sm:[--slide-enter:0px] sm:[--slide-exit:0px] items-end sm:items-center&amp;quot; data-slot=&amp;quot;wrapper&amp;quot; style=&amp;quot;opacity: 1; transform: translateY(var(--slide-enter)) scale(var(--scale-enter)) translateZ(0);&amp;quot;&amp;gt;...&amp;lt;/div&amp;gt;\n  (Session info: chrome=138.0.7204.101)\nStacktrace:\n\tGetHandleVerifier [0x0xb244a3+62419]\n\tGetHandleVerifier [0x0xb244e4+62484]\n\t(No symbol) [0x0x962133]\n\t(No symbol) [0x0x9b0c40]\n\t(No symbol) [0x0x9aeffa]\n\t(No symbol) [0x0x9acb57]\n\t(No symbol) [0x0x9abe14]\n\t(No symbol) [0x0x9a05c5]\n\t(No symbol) [0x0x9cf46c]\n\t(No symbol) [0x0x9a0054]\n\t(No symbol) [0x0x9cf6e4]\n\t(No symbol) [0x0x9f087a]\n\t(No symbol) [0x0x9cf266]\n\t(No symbol) [0x0x99e852]\n\t(No symbol) [0x0x99f6f4]\n\tGetHandleVerifier [0x0xd94793+2619075]\n\tGetHandleVerifier [0x0xd8fbaa+2599642]\n\tGetHandleVerifier [0x0xb4b04a+221050]\n\tGetHandleVerifier [0x0xb3b2c8+156152]\n\tGetHandleVerifier [0x0xb41c7d+183213]\n\tGetHandleVerifier [0x0xb2c388+94904]\n\tGetHandleVerifier [0x0xb2c512+95298]\n\tGetHandleVerifier [0x0xb1766a+9626]\n\tBaseThreadInitThunk [0x0x76557ba9+25]\n\tRtlInitializeExceptionChain [0x0x776dc36b+107]\n\tRtlClearBits [0x0x776dc2ef+191]\n\nINFO     automation:base_page.py:78 No modal found to dismiss\n&#34;}], &#34;tests/test_meeting_creation.py::TestMeetingCreation::test_create_online_meeting_various_platforms[https://zoom.us/j/123456789]&#34;: [{&#34;extras&#34;: [], &#34;result&#34;: &#34;Error&#34;, &#34;testId&#34;: &#34;tests/test_meeting_creation.py::TestMeetingCreation::test_create_online_meeting_various_platforms[https://zoom.us/j/123456789]::setup&#34;, &#34;duration&#34;: &#34;00:00:37&#34;, &#34;resultsTableRow&#34;: [&#34;&lt;td class=\&#34;col-result\&#34;&gt;Error&lt;/td&gt;&#34;, &#34;&lt;td class=\&#34;col-testId\&#34;&gt;tests/test_meeting_creation.py::TestMeetingCreation::test_create_online_meeting_various_platforms[https://zoom.us/j/123456789]::setup&lt;/td&gt;&#34;, &#34;&lt;td class=\&#34;col-duration\&#34;&gt;00:00:37&lt;/td&gt;&#34;, &#34;&lt;td class=\&#34;col-links\&#34;&gt;&lt;/td&gt;&#34;], &#34;log&#34;: &#34;self = &amp;lt;tests.test_meeting_creation.TestMeetingCreation object at 0x00000234B4D18B60&amp;gt;, login_flow = &amp;lt;pages.login_flow.LoginFlow object at 0x00000234B4D61E80&amp;gt;\n\n    @pytest.fixture(autouse=True)\n    def setup(self, login_flow):\n        &amp;quot;&amp;quot;&amp;quot;Setup: Login and open meeting creation dialog&amp;quot;&amp;quot;&amp;quot;\n        self.login_flow = login_flow\n        self.meeting_page = MeetingCreationPage(login_flow.driver)\n        self.login_flow.execute_login_flow(\n            email=&amp;quot;nandopanjaitan003@gmail.com&amp;quot;,\n            password=&amp;quot;Twice300403&amp;quot;\n        )\n&amp;gt;       self.meeting_page.open_meeting_creation_dialog()\n\ntests\\test_meeting_creation.py:46: \n_ _ _ _ _ _ _ _ _ _ _ _ _ _ _ _ _ _ _ _ _ _ _ _ _ _ _ _ _ _ _ _ _ _ _ _ _ _ _ _ _ _ _ _ _ _ _ _ _ _ _ _ _ _ _ _ _ _ _ _ _ _ _ _ _ _ _ _ _ _ _ _ _ _ _ _ _ _ \npages\\meeting_creation_page.py:98: in open_meeting_creation_dialog\n    self.wait.until(\n_ _ _ _ _ _ _ _ _ _ _ _ _ _ _ _ _ _ _ _ _ _ _ _ _ _ _ _ _ _ _ _ _ _ _ _ _ _ _ _ _ _ _ _ _ _ _ _ _ _ _ _ _ _ _ _ _ _ _ _ _ _ _ _ _ _ _ _ _ _ _ _ _ _ _ _ _ _ \n\nself = &amp;lt;selenium.webdriver.support.wait.WebDriverWait (session=&amp;quot;66efd30b67183c0399aee079d99d0384&amp;quot;)&amp;gt;\nmethod = &amp;lt;function MeetingCreationPage.open_meeting_creation_dialog.&amp;lt;locals&amp;gt;.&amp;lt;lambda&amp;gt; at 0x00000234B52C76A0&amp;gt;, message = &amp;#x27;&amp;#x27;\n\n    def until(self, method: Callable[[D], Union[Literal[False], T]], message: str = &amp;quot;&amp;quot;) -&amp;gt; T:\n        &amp;quot;&amp;quot;&amp;quot;Calls the method provided with the driver as an argument until the \\\n        return value does not evaluate to ``False``.\n    \n        :param method: callable(WebDriver)\n        :param message: optional message for :exc:`TimeoutException`\n        :returns: the result of the last call to `method`\n        :raises: :exc:`selenium.common.exceptions.TimeoutException` if timeout occurs\n        &amp;quot;&amp;quot;&amp;quot;\n        screen = None\n        stacktrace = None\n    \n        end_time = time.monotonic() + self._timeout\n        while True:\n            try:\n                value = method(self._driver)\n                if value:\n                    return value\n            except self._ignored_exceptions as exc:\n                screen = getattr(exc, &amp;quot;screen&amp;quot;, None)\n                stacktrace = getattr(exc, &amp;quot;stacktrace&amp;quot;, None)\n            time.sleep(self._poll)\n            if time.monotonic() &amp;gt; end_time:\n                break\n&amp;gt;       raise TimeoutException(message, screen, stacktrace)\nE       selenium.common.exceptions.TimeoutException: Message: \nE       Stacktrace:\nE       \tGetHandleVerifier [0x0xb244a3+62419]\nE       \tGetHandleVerifier [0x0xb244e4+62484]\nE       \t(No symbol) [0x0x962133]\nE       \t(No symbol) [0x0x9aa8fe]\nE       \t(No symbol) [0x0x9aac9b]\nE       \t(No symbol) [0x0x9f3052]\nE       \t(No symbol) [0x0x9cf4b4]\nE       \t(No symbol) [0x0x9f087a]\nE       \t(No symbol) [0x0x9cf266]\nE       \t(No symbol) [0x0x99e852]\nE       \t(No symbol) [0x0x99f6f4]\nE       \tGetHandleVerifier [0x0xd94793+2619075]\nE       \tGetHandleVerifier [0x0xd8fbaa+2599642]\nE       \tGetHandleVerifier [0x0xb4b04a+221050]\nE       \tGetHandleVerifier [0x0xb3b2c8+156152]\nE       \tGetHandleVerifier [0x0xb41c7d+183213]\nE       \tGetHandleVerifier [0x0xb2c388+94904]\nE       \tGetHandleVerifier [0x0xb2c512+95298]\nE       \tGetHandleVerifier [0x0xb1766a+9626]\nE       \tBaseThreadInitThunk [0x0x76557ba9+25]\nE       \tRtlInitializeExceptionChain [0x0x776dc36b+107]\nE       \tRtlClearBits [0x0x776dc2ef+191]\n\nC:\\Users\\LENOVO\\AppData\\Local\\Programs\\Python\\Python312\\Lib\\site-packages\\selenium\\webdriver\\support\\wait.py:105: TimeoutException\n\n------------------------------ Captured log setup ------------------------------\nINFO     automation:login_flow.py:19 STEP 1: Membuka landing page\nINFO     automation:base_page.py:54 Screenshot saved as screenshots/landing_page_20250715_090920.png\nINFO     automation:login_flow.py:24 STEP 2: Mengklik tombol Get Started\nINFO     automation:base_page.py:15 Clicking on element: (&amp;#x27;xpath&amp;#x27;, &amp;#x27;//*[@id=&amp;quot;hero&amp;quot;]/div/div[1]/div[2]/div[2]/button&amp;#x27;)\nINFO     automation:base_page.py:19 Successfully clicked the element\nINFO     automation:base_page.py:54 Screenshot saved as screenshots/after_get_started_20250715_090920.png\nINFO     automation:login_flow.py:29 STEP 3: Mengklik Register Now di auth dialog\nINFO     automation:base_page.py:15 Clicking on element: (&amp;#x27;id&amp;#x27;, &amp;#x27;registerNow&amp;#x27;)\nINFO     automation:base_page.py:19 Successfully clicked the element\nINFO     automation:base_page.py:54 Screenshot saved as screenshots/auth_dialog_20250715_090921.png\nINFO     automation:login_flow.py:34 STEP 4: Mengisi form login\nINFO     automation:base_page.py:25 Entering text &amp;#x27;nandopanjaitan003@gmail.com&amp;#x27; in element: (&amp;#x27;xpath&amp;#x27;, &amp;quot;//input[@type=&amp;#x27;email&amp;#x27;]&amp;quot;)\nINFO     automation:base_page.py:30 Text entered successfully\nINFO     automation:base_page.py:25 Entering text &amp;#x27;Twice300403&amp;#x27; in element: (&amp;#x27;xpath&amp;#x27;, &amp;quot;//input[@type=&amp;#x27;password&amp;#x27;]&amp;quot;)\nINFO     automation:base_page.py:30 Text entered successfully\nINFO     automation:base_page.py:54 Screenshot saved as screenshots/after_login_submit_20250715_090922.png\nINFO     automation:login_flow.py:41 STEP 5: Memverifikasi login berhasil dengan mengecek button create meeting\nINFO     automation:login_flow.py:45 Button create meeting ditemukan - login berhasil\nINFO     automation:login_flow.py:49 Berada di halaman dashboard\nINFO     automation:base_page.py:54 Screenshot saved as screenshots/dashboard_page_20250715_090923.png\nINFO     automation:base_page.py:15 Clicking on element: (&amp;#x27;id&amp;#x27;, &amp;#x27;createNewMeetingTrigger&amp;#x27;)\nERROR    automation:base_page.py:21 Failed to click element: Message: element click intercepted: Element &amp;lt;a class=&amp;quot;tap-highlight-transparent no-underline active:opacity-disabled transition-opacity z-0 group relative inline-flex items-center justify-center box-border appearance-none select-none whitespace-nowrap subpixel-antialiased overflow-hidden tap-highlight-transparent outline-none data-[focus-visible=true]:z-10 data-[focus-visible=true]:outline-2 data-[focus-visible=true]:outline-focus data-[focus-visible=true]:outline-offset-2 px-4 min-w-20 h-10 text-small gap-2 rounded-small w-full [&amp;amp;amp;&amp;gt;svg]:max-w-[theme(spacing.8)] data-[pressed=true]:scale-[0.97] transition-transform-colors-opacity motion-reduce:transition-none data-[hover=true]:opacity-hover bg-notulensi-primary hover:opacity-100 data-[hover=true]:opacity-100 hover:bg-notulensi-primary-400 text-white font-medium&amp;quot; id=&amp;quot;createNewMeetingTrigger&amp;quot; data-sentry-element=&amp;quot;UIButton&amp;quot; data-sentry-source-file=&amp;quot;DashboardLayout.tsx&amp;quot; tabindex=&amp;quot;0&amp;quot; role=&amp;quot;button&amp;quot; type=&amp;quot;button&amp;quot;&amp;gt;...&amp;lt;/a&amp;gt; is not clickable at point (140, 108). Other element would receive the click: &amp;lt;div class=&amp;quot;flex w-screen h-[100dvh] fixed inset-0 z-50 overflow-x-auto justify-center [--scale-enter:100%] [--scale-exit:100%] [--slide-enter:0px] [--slide-exit:80px] sm:[--scale-enter:100%] sm:[--scale-exit:103%] sm:[--slide-enter:0px] sm:[--slide-exit:0px] items-end sm:items-center&amp;quot; data-slot=&amp;quot;wrapper&amp;quot; style=&amp;quot;opacity: 1; transform: translateY(var(--slide-enter)) scale(var(--scale-enter)) translateZ(0);&amp;quot;&amp;gt;...&amp;lt;/div&amp;gt;\n  (Session info: chrome=138.0.7204.101)\nStacktrace:\n\tGetHandleVerifier [0x0xb244a3+62419]\n\tGetHandleVerifier [0x0xb244e4+62484]\n\t(No symbol) [0x0x962133]\n\t(No symbol) [0x0x9b0c40]\n\t(No symbol) [0x0x9aeffa]\n\t(No symbol) [0x0x9acb57]\n\t(No symbol) [0x0x9abe14]\n\t(No symbol) [0x0x9a05c5]\n\t(No symbol) [0x0x9cf46c]\n\t(No symbol) [0x0x9a0054]\n\t(No symbol) [0x0x9cf6e4]\n\t(No symbol) [0x0x9f087a]\n\t(No symbol) [0x0x9cf266]\n\t(No symbol) [0x0x99e852]\n\t(No symbol) [0x0x99f6f4]\n\tGetHandleVerifier [0x0xd94793+2619075]\n\tGetHandleVerifier [0x0xd8fbaa+2599642]\n\tGetHandleVerifier [0x0xb4b04a+221050]\n\tGetHandleVerifier [0x0xb3b2c8+156152]\n\tGetHandleVerifier [0x0xb41c7d+183213]\n\tGetHandleVerifier [0x0xb2c388+94904]\n\tGetHandleVerifier [0x0xb2c512+95298]\n\tGetHandleVerifier [0x0xb1766a+9626]\n\tBaseThreadInitThunk [0x0x76557ba9+25]\n\tRtlInitializeExceptionChain [0x0x776dc36b+107]\n\tRtlClearBits [0x0x776dc2ef+191]\n\nINFO     automation:base_page.py:78 No modal found to dismiss\n&#34;}], &#34;tests/test_meeting_creation.py::TestMeetingCreation::test_create_online_meeting_various_platforms[https://teams.microsoft.com/l/meetup-join/19%3ameeting_ABCD123]&#34;: [{&#34;extras&#34;: [], &#34;result&#34;: &#34;Error&#34;, &#34;testId&#34;: &#34;tests/test_meeting_creation.py::TestMeetingCreation::test_create_online_meeting_various_platforms[https://teams.microsoft.com/l/meetup-join/19%3ameeting_ABCD123]::setup&#34;, &#34;duration&#34;: &#34;00:00:45&#34;, &#34;resultsTableRow&#34;: [&#34;&lt;td class=\&#34;col-result\&#34;&gt;Error&lt;/td&gt;&#34;, &#34;&lt;td class=\&#34;col-testId\&#34;&gt;tests/test_meeting_creation.py::TestMeetingCreation::test_create_online_meeting_various_platforms[https://teams.microsoft.com/l/meetup-join/19%3ameeting_ABCD123]::setup&lt;/td&gt;&#34;, &#34;&lt;td class=\&#34;col-duration\&#34;&gt;00:00:45&lt;/td&gt;&#34;, &#34;&lt;td class=\&#34;col-links\&#34;&gt;&lt;/td&gt;&#34;], &#34;log&#34;: &#34;self = &amp;lt;tests.test_meeting_creation.TestMeetingCreation object at 0x00000234B4D18C50&amp;gt;, login_flow = &amp;lt;pages.login_flow.LoginFlow object at 0x00000234B4D1AFF0&amp;gt;\n\n    @pytest.fixture(autouse=True)\n    def setup(self, login_flow):\n        &amp;quot;&amp;quot;&amp;quot;Setup: Login and open meeting creation dialog&amp;quot;&amp;quot;&amp;quot;\n        self.login_flow = login_flow\n        self.meeting_page = MeetingCreationPage(login_flow.driver)\n        self.login_flow.execute_login_flow(\n            email=&amp;quot;nandopanjaitan003@gmail.com&amp;quot;,\n            password=&amp;quot;Twice300403&amp;quot;\n        )\n&amp;gt;       self.meeting_page.open_meeting_creation_dialog()\n\ntests\\test_meeting_creation.py:46: \n_ _ _ _ _ _ _ _ _ _ _ _ _ _ _ _ _ _ _ _ _ _ _ _ _ _ _ _ _ _ _ _ _ _ _ _ _ _ _ _ _ _ _ _ _ _ _ _ _ _ _ _ _ _ _ _ _ _ _ _ _ _ _ _ _ _ _ _ _ _ _ _ _ _ _ _ _ _ \npages\\meeting_creation_page.py:98: in open_meeting_creation_dialog\n    self.wait.until(\n_ _ _ _ _ _ _ _ _ _ _ _ _ _ _ _ _ _ _ _ _ _ _ _ _ _ _ _ _ _ _ _ _ _ _ _ _ _ _ _ _ _ _ _ _ _ _ _ _ _ _ _ _ _ _ _ _ _ _ _ _ _ _ _ _ _ _ _ _ _ _ _ _ _ _ _ _ _ \n\nself = &amp;lt;selenium.webdriver.support.wait.WebDriverWait (session=&amp;quot;e43f4be5efe80a3dc96b68d5c51f5dd2&amp;quot;)&amp;gt;\nmethod = &amp;lt;function MeetingCreationPage.open_meeting_creation_dialog.&amp;lt;locals&amp;gt;.&amp;lt;lambda&amp;gt; at 0x00000234B53102C0&amp;gt;, message = &amp;#x27;&amp;#x27;\n\n    def until(self, method: Callable[[D], Union[Literal[False], T]], message: str = &amp;quot;&amp;quot;) -&amp;gt; T:\n        &amp;quot;&amp;quot;&amp;quot;Calls the method provided with the driver as an argument until the \\\n        return value does not evaluate to ``False``.\n    \n        :param method: callable(WebDriver)\n        :param message: optional message for :exc:`TimeoutException`\n        :returns: the result of the last call to `method`\n        :raises: :exc:`selenium.common.exceptions.TimeoutException` if timeout occurs\n        &amp;quot;&amp;quot;&amp;quot;\n        screen = None\n        stacktrace = None\n    \n        end_time = time.monotonic() + self._timeout\n        while True:\n            try:\n                value = method(self._driver)\n                if value:\n                    return value\n            except self._ignored_exceptions as exc:\n                screen = getattr(exc, &amp;quot;screen&amp;quot;, None)\n                stacktrace = getattr(exc, &amp;quot;stacktrace&amp;quot;, None)\n            time.sleep(self._poll)\n            if time.monotonic() &amp;gt; end_time:\n                break\n&amp;gt;       raise TimeoutException(message, screen, stacktrace)\nE       selenium.common.exceptions.TimeoutException: Message: \nE       Stacktrace:\nE       \tGetHandleVerifier [0x0xb244a3+62419]\nE       \tGetHandleVerifier [0x0xb244e4+62484]\nE       \t(No symbol) [0x0x962133]\nE       \t(No symbol) [0x0x9aa8fe]\nE       \t(No symbol) [0x0x9aac9b]\nE       \t(No symbol) [0x0x9f3052]\nE       \t(No symbol) [0x0x9cf4b4]\nE       \t(No symbol) [0x0x9f087a]\nE       \t(No symbol) [0x0x9cf266]\nE       \t(No symbol) [0x0x99e852]\nE       \t(No symbol) [0x0x99f6f4]\nE       \tGetHandleVerifier [0x0xd94793+2619075]\nE       \tGetHandleVerifier [0x0xd8fbaa+2599642]\nE       \tGetHandleVerifier [0x0xb4b04a+221050]\nE       \tGetHandleVerifier [0x0xb3b2c8+156152]\nE       \tGetHandleVerifier [0x0xb41c7d+183213]\nE       \tGetHandleVerifier [0x0xb2c388+94904]\nE       \tGetHandleVerifier [0x0xb2c512+95298]\nE       \tGetHandleVerifier [0x0xb1766a+9626]\nE       \tBaseThreadInitThunk [0x0x76557ba9+25]\nE       \tRtlInitializeExceptionChain [0x0x776dc36b+107]\nE       \tRtlClearBits [0x0x776dc2ef+191]\n\nC:\\Users\\LENOVO\\AppData\\Local\\Programs\\Python\\Python312\\Lib\\site-packages\\selenium\\webdriver\\support\\wait.py:105: TimeoutException\n\n------------------------------ Captured log setup ------------------------------\nINFO     automation:login_flow.py:19 STEP 1: Membuka landing page\nINFO     automation:base_page.py:54 Screenshot saved as screenshots/landing_page_20250715_091005.png\nINFO     automation:login_flow.py:24 STEP 2: Mengklik tombol Get Started\nINFO     automation:base_page.py:15 Clicking on element: (&amp;#x27;xpath&amp;#x27;, &amp;#x27;//*[@id=&amp;quot;hero&amp;quot;]/div/div[1]/div[2]/div[2]/button&amp;#x27;)\nINFO     automation:base_page.py:19 Successfully clicked the element\nINFO     automation:base_page.py:54 Screenshot saved as screenshots/after_get_started_20250715_091005.png\nINFO     automation:login_flow.py:29 STEP 3: Mengklik Register Now di auth dialog\nINFO     automation:base_page.py:15 Clicking on element: (&amp;#x27;id&amp;#x27;, &amp;#x27;registerNow&amp;#x27;)\nINFO     automation:base_page.py:19 Successfully clicked the element\nINFO     automation:base_page.py:54 Screenshot saved as screenshots/auth_dialog_20250715_091005.png\nINFO     automation:login_flow.py:34 STEP 4: Mengisi form login\nINFO     automation:base_page.py:25 Entering text &amp;#x27;nandopanjaitan003@gmail.com&amp;#x27; in element: (&amp;#x27;xpath&amp;#x27;, &amp;quot;//input[@type=&amp;#x27;email&amp;#x27;]&amp;quot;)\nINFO     automation:base_page.py:30 Text entered successfully\nINFO     automation:base_page.py:25 Entering text &amp;#x27;Twice300403&amp;#x27; in element: (&amp;#x27;xpath&amp;#x27;, &amp;quot;//input[@type=&amp;#x27;password&amp;#x27;]&amp;quot;)\nINFO     automation:base_page.py:30 Text entered successfully\nINFO     automation:base_page.py:54 Screenshot saved as screenshots/after_login_submit_20250715_091006.png\nINFO     automation:login_flow.py:41 STEP 5: Memverifikasi login berhasil dengan mengecek button create meeting\nINFO     automation:login_flow.py:45 Button create meeting ditemukan - login berhasil\nINFO     automation:login_flow.py:49 Berada di halaman dashboard\nINFO     automation:base_page.py:54 Screenshot saved as screenshots/dashboard_page_20250715_091010.png\nINFO     automation:base_page.py:15 Clicking on element: (&amp;#x27;id&amp;#x27;, &amp;#x27;createNewMeetingTrigger&amp;#x27;)\nERROR    automation:base_page.py:21 Failed to click element: Message: element click intercepted: Element &amp;lt;a class=&amp;quot;tap-highlight-transparent no-underline active:opacity-disabled transition-opacity z-0 group relative inline-flex items-center justify-center box-border appearance-none select-none whitespace-nowrap subpixel-antialiased overflow-hidden tap-highlight-transparent outline-none data-[focus-visible=true]:z-10 data-[focus-visible=true]:outline-2 data-[focus-visible=true]:outline-focus data-[focus-visible=true]:outline-offset-2 px-4 min-w-20 h-10 text-small gap-2 rounded-small w-full [&amp;amp;amp;&amp;gt;svg]:max-w-[theme(spacing.8)] data-[pressed=true]:scale-[0.97] transition-transform-colors-opacity motion-reduce:transition-none data-[hover=true]:opacity-hover bg-notulensi-primary hover:opacity-100 data-[hover=true]:opacity-100 hover:bg-notulensi-primary-400 text-white font-medium&amp;quot; id=&amp;quot;createNewMeetingTrigger&amp;quot; data-sentry-element=&amp;quot;UIButton&amp;quot; data-sentry-source-file=&amp;quot;DashboardLayout.tsx&amp;quot; tabindex=&amp;quot;0&amp;quot; role=&amp;quot;button&amp;quot; type=&amp;quot;button&amp;quot;&amp;gt;...&amp;lt;/a&amp;gt; is not clickable at point (140, 108). Other element would receive the click: &amp;lt;div class=&amp;quot;flex w-screen h-[100dvh] fixed inset-0 z-50 overflow-x-auto justify-center [--scale-enter:100%] [--scale-exit:100%] [--slide-enter:0px] [--slide-exit:80px] sm:[--scale-enter:100%] sm:[--scale-exit:103%] sm:[--slide-enter:0px] sm:[--slide-exit:0px] items-end sm:items-center&amp;quot; data-slot=&amp;quot;wrapper&amp;quot; style=&amp;quot;opacity: 1; transform: translateY(var(--slide-enter)) scale(var(--scale-enter)) translateZ(0);&amp;quot;&amp;gt;...&amp;lt;/div&amp;gt;\n  (Session info: chrome=138.0.7204.101)\nStacktrace:\n\tGetHandleVerifier [0x0xb244a3+62419]\n\tGetHandleVerifier [0x0xb244e4+62484]\n\t(No symbol) [0x0x962133]\n\t(No symbol) [0x0x9b0c40]\n\t(No symbol) [0x0x9aeffa]\n\t(No symbol) [0x0x9acb57]\n\t(No symbol) [0x0x9abe14]\n\t(No symbol) [0x0x9a05c5]\n\t(No symbol) [0x0x9cf46c]\n\t(No symbol) [0x0x9a0054]\n\t(No symbol) [0x0x9cf6e4]\n\t(No symbol) [0x0x9f087a]\n\t(No symbol) [0x0x9cf266]\n\t(No symbol) [0x0x99e852]\n\t(No symbol) [0x0x99f6f4]\n\tGetHandleVerifier [0x0xd94793+2619075]\n\tGetHandleVerifier [0x0xd8fbaa+2599642]\n\tGetHandleVerifier [0x0xb4b04a+221050]\n\tGetHandleVerifier [0x0xb3b2c8+156152]\n\tGetHandleVerifier [0x0xb41c7d+183213]\n\tGetHandleVerifier [0x0xb2c388+94904]\n\tGetHandleVerifier [0x0xb2c512+95298]\n\tGetHandleVerifier [0x0xb1766a+9626]\n\tBaseThreadInitThunk [0x0x76557ba9+25]\n\tRtlInitializeExceptionChain [0x0x776dc36b+107]\n\tRtlClearBits [0x0x776dc2ef+191]\n\nINFO     automation:base_page.py:78 No modal found to dismiss\n&#34;}], &#34;tests/test_meeting_creation.py::TestMeetingCreation::test_create_meeting_with_audio_upload&#34;: [{&#34;extras&#34;: [], &#34;result&#34;: &#34;Error&#34;, &#34;testId&#34;: &#34;tests/test_meeting_creation.py::TestMeetingCreation::test_create_meeting_with_audio_upload::setup&#34;, &#34;duration&#34;: &#34;00:00:37&#34;, &#34;resultsTableRow&#34;: [&#34;&lt;td class=\&#34;col-result\&#34;&gt;Error&lt;/td&gt;&#34;, &#34;&lt;td class=\&#34;col-testId\&#34;&gt;tests/test_meeting_creation.py::TestMeetingCreation::test_create_meeting_with_audio_upload::setup&lt;/td&gt;&#34;, &#34;&lt;td class=\&#34;col-duration\&#34;&gt;00:00:37&lt;/td&gt;&#34;, &#34;&lt;td class=\&#34;col-links\&#34;&gt;&lt;/td&gt;&#34;], &#34;log&#34;: &#34;self = &amp;lt;tests.test_meeting_creation.TestMeetingCreation object at 0x00000234B4D18A10&amp;gt;, login_flow = &amp;lt;pages.login_flow.LoginFlow object at 0x00000234B52EDB20&amp;gt;\n\n    @pytest.fixture(autouse=True)\n    def setup(self, login_flow):\n        &amp;quot;&amp;quot;&amp;quot;Setup: Login and open meeting creation dialog&amp;quot;&amp;quot;&amp;quot;\n        self.login_flow = login_flow\n        self.meeting_page = MeetingCreationPage(login_flow.driver)\n        self.login_flow.execute_login_flow(\n            email=&amp;quot;nandopanjaitan003@gmail.com&amp;quot;,\n            password=&amp;quot;Twice300403&amp;quot;\n        )\n&amp;gt;       self.meeting_page.open_meeting_creation_dialog()\n\ntests\\test_meeting_creation.py:46: \n_ _ _ _ _ _ _ _ _ _ _ _ _ _ _ _ _ _ _ _ _ _ _ _ _ _ _ _ _ _ _ _ _ _ _ _ _ _ _ _ _ _ _ _ _ _ _ _ _ _ _ _ _ _ _ _ _ _ _ _ _ _ _ _ _ _ _ _ _ _ _ _ _ _ _ _ _ _ \npages\\meeting_creation_page.py:98: in open_meeting_creation_dialog\n    self.wait.until(\n_ _ _ _ _ _ _ _ _ _ _ _ _ _ _ _ _ _ _ _ _ _ _ _ _ _ _ _ _ _ _ _ _ _ _ _ _ _ _ _ _ _ _ _ _ _ _ _ _ _ _ _ _ _ _ _ _ _ _ _ _ _ _ _ _ _ _ _ _ _ _ _ _ _ _ _ _ _ \n\nself = &amp;lt;selenium.webdriver.support.wait.WebDriverWait (session=&amp;quot;4edcaff9545a5c500659f74c830e3c17&amp;quot;)&amp;gt;\nmethod = &amp;lt;function MeetingCreationPage.open_meeting_creation_dialog.&amp;lt;locals&amp;gt;.&amp;lt;lambda&amp;gt; at 0x00000234B4D6F740&amp;gt;, message = &amp;#x27;&amp;#x27;\n\n    def until(self, method: Callable[[D], Union[Literal[False], T]], message: str = &amp;quot;&amp;quot;) -&amp;gt; T:\n        &amp;quot;&amp;quot;&amp;quot;Calls the method provided with the driver as an argument until the \\\n        return value does not evaluate to ``False``.\n    \n        :param method: callable(WebDriver)\n        :param message: optional message for :exc:`TimeoutException`\n        :returns: the result of the last call to `method`\n        :raises: :exc:`selenium.common.exceptions.TimeoutException` if timeout occurs\n        &amp;quot;&amp;quot;&amp;quot;\n        screen = None\n        stacktrace = None\n    \n        end_time = time.monotonic() + self._timeout\n        while True:\n            try:\n                value = method(self._driver)\n                if value:\n                    return value\n            except self._ignored_exceptions as exc:\n                screen = getattr(exc, &amp;quot;screen&amp;quot;, None)\n                stacktrace = getattr(exc, &amp;quot;stacktrace&amp;quot;, None)\n            time.sleep(self._poll)\n            if time.monotonic() &amp;gt; end_time:\n                break\n&amp;gt;       raise TimeoutException(message, screen, stacktrace)\nE       selenium.common.exceptions.TimeoutException: Message: \nE       Stacktrace:\nE       \tGetHandleVerifier [0x0xb244a3+62419]\nE       \tGetHandleVerifier [0x0xb244e4+62484]\nE       \t(No symbol) [0x0x962133]\nE       \t(No symbol) [0x0x9aa8fe]\nE       \t(No symbol) [0x0x9aac9b]\nE       \t(No symbol) [0x0x9f3052]\nE       \t(No symbol) [0x0x9cf4b4]\nE       \t(No symbol) [0x0x9f087a]\nE       \t(No symbol) [0x0x9cf266]\nE       \t(No symbol) [0x0x99e852]\nE       \t(No symbol) [0x0x99f6f4]\nE       \tGetHandleVerifier [0x0xd94793+2619075]\nE       \tGetHandleVerifier [0x0xd8fbaa+2599642]\nE       \tGetHandleVerifier [0x0xb4b04a+221050]\nE       \tGetHandleVerifier [0x0xb3b2c8+156152]\nE       \tGetHandleVerifier [0x0xb41c7d+183213]\nE       \tGetHandleVerifier [0x0xb2c388+94904]\nE       \tGetHandleVerifier [0x0xb2c512+95298]\nE       \tGetHandleVerifier [0x0xb1766a+9626]\nE       \tBaseThreadInitThunk [0x0x76557ba9+25]\nE       \tRtlInitializeExceptionChain [0x0x776dc36b+107]\nE       \tRtlClearBits [0x0x776dc2ef+191]\n\nC:\\Users\\LENOVO\\AppData\\Local\\Programs\\Python\\Python312\\Lib\\site-packages\\selenium\\webdriver\\support\\wait.py:105: TimeoutException\n\n------------------------------ Captured log setup ------------------------------\nINFO     automation:login_flow.py:19 STEP 1: Membuka landing page\nINFO     automation:base_page.py:54 Screenshot saved as screenshots/landing_page_20250715_091046.png\nINFO     automation:login_flow.py:24 STEP 2: Mengklik tombol Get Started\nINFO     automation:base_page.py:15 Clicking on element: (&amp;#x27;xpath&amp;#x27;, &amp;#x27;//*[@id=&amp;quot;hero&amp;quot;]/div/div[1]/div[2]/div[2]/button&amp;#x27;)\nINFO     automation:base_page.py:19 Successfully clicked the element\nINFO     automation:base_page.py:54 Screenshot saved as screenshots/after_get_started_20250715_091046.png\nINFO     automation:login_flow.py:29 STEP 3: Mengklik Register Now di auth dialog\nINFO     automation:base_page.py:15 Clicking on element: (&amp;#x27;id&amp;#x27;, &amp;#x27;registerNow&amp;#x27;)\nINFO     automation:base_page.py:19 Successfully clicked the element\nINFO     automation:base_page.py:54 Screenshot saved as screenshots/auth_dialog_20250715_091047.png\nINFO     automation:login_flow.py:34 STEP 4: Mengisi form login\nINFO     automation:base_page.py:25 Entering text &amp;#x27;nandopanjaitan003@gmail.com&amp;#x27; in element: (&amp;#x27;xpath&amp;#x27;, &amp;quot;//input[@type=&amp;#x27;email&amp;#x27;]&amp;quot;)\nINFO     automation:base_page.py:30 Text entered successfully\nINFO     automation:base_page.py:25 Entering text &amp;#x27;Twice300403&amp;#x27; in element: (&amp;#x27;xpath&amp;#x27;, &amp;quot;//input[@type=&amp;#x27;password&amp;#x27;]&amp;quot;)\nINFO     automation:base_page.py:30 Text entered successfully\nINFO     automation:base_page.py:54 Screenshot saved as screenshots/after_login_submit_20250715_091048.png\nINFO     automation:login_flow.py:41 STEP 5: Memverifikasi login berhasil dengan mengecek button create meeting\nINFO     automation:login_flow.py:45 Button create meeting ditemukan - login berhasil\nINFO     automation:login_flow.py:49 Berada di halaman dashboard\nINFO     automation:base_page.py:54 Screenshot saved as screenshots/dashboard_page_20250715_091050.png\nINFO     automation:base_page.py:15 Clicking on element: (&amp;#x27;id&amp;#x27;, &amp;#x27;createNewMeetingTrigger&amp;#x27;)\nERROR    automation:base_page.py:21 Failed to click element: Message: element click intercepted: Element &amp;lt;a class=&amp;quot;tap-highlight-transparent no-underline active:opacity-disabled transition-opacity z-0 group relative inline-flex items-center justify-center box-border appearance-none select-none whitespace-nowrap subpixel-antialiased overflow-hidden tap-highlight-transparent outline-none data-[focus-visible=true]:z-10 data-[focus-visible=true]:outline-2 data-[focus-visible=true]:outline-focus data-[focus-visible=true]:outline-offset-2 px-4 min-w-20 h-10 text-small gap-2 rounded-small w-full [&amp;amp;amp;&amp;gt;svg]:max-w-[theme(spacing.8)] data-[pressed=true]:scale-[0.97] transition-transform-colors-opacity motion-reduce:transition-none data-[hover=true]:opacity-hover bg-notulensi-primary hover:opacity-100 data-[hover=true]:opacity-100 hover:bg-notulensi-primary-400 text-white font-medium&amp;quot; id=&amp;quot;createNewMeetingTrigger&amp;quot; data-sentry-element=&amp;quot;UIButton&amp;quot; data-sentry-source-file=&amp;quot;DashboardLayout.tsx&amp;quot; tabindex=&amp;quot;0&amp;quot; role=&amp;quot;button&amp;quot; type=&amp;quot;button&amp;quot;&amp;gt;...&amp;lt;/a&amp;gt; is not clickable at point (140, 108). Other element would receive the click: &amp;lt;div class=&amp;quot;flex w-screen h-[100dvh] fixed inset-0 z-50 overflow-x-auto justify-center [--scale-enter:100%] [--scale-exit:100%] [--slide-enter:0px] [--slide-exit:80px] sm:[--scale-enter:100%] sm:[--scale-exit:103%] sm:[--slide-enter:0px] sm:[--slide-exit:0px] items-end sm:items-center&amp;quot; data-slot=&amp;quot;wrapper&amp;quot; style=&amp;quot;opacity: 1; transform: translateY(var(--slide-enter)) scale(var(--scale-enter)) translateZ(0);&amp;quot;&amp;gt;...&amp;lt;/div&amp;gt;\n  (Session info: chrome=138.0.7204.101)\nStacktrace:\n\tGetHandleVerifier [0x0xb244a3+62419]\n\tGetHandleVerifier [0x0xb244e4+62484]\n\t(No symbol) [0x0x962133]\n\t(No symbol) [0x0x9b0c40]\n\t(No symbol) [0x0x9aeffa]\n\t(No symbol) [0x0x9acb57]\n\t(No symbol) [0x0x9abe14]\n\t(No symbol) [0x0x9a05c5]\n\t(No symbol) [0x0x9cf46c]\n\t(No symbol) [0x0x9a0054]\n\t(No symbol) [0x0x9cf6e4]\n\t(No symbol) [0x0x9f087a]\n\t(No symbol) [0x0x9cf266]\n\t(No symbol) [0x0x99e852]\n\t(No symbol) [0x0x99f6f4]\n\tGetHandleVerifier [0x0xd94793+2619075]\n\tGetHandleVerifier [0x0xd8fbaa+2599642]\n\tGetHandleVerifier [0x0xb4b04a+221050]\n\tGetHandleVerifier [0x0xb3b2c8+156152]\n\tGetHandleVerifier [0x0xb41c7d+183213]\n\tGetHandleVerifier [0x0xb2c388+94904]\n\tGetHandleVerifier [0x0xb2c512+95298]\n\tGetHandleVerifier [0x0xb1766a+9626]\n\tBaseThreadInitThunk [0x0x76557ba9+25]\n\tRtlInitializeExceptionChain [0x0x776dc36b+107]\n\tRtlClearBits [0x0x776dc2ef+191]\n\nINFO     automation:base_page.py:78 No modal found to dismiss\n&#34;}], &#34;tests/test_meeting_creation.py::TestMeetingCreation::test_create_meeting_with_video_upload&#34;: [{&#34;extras&#34;: [], &#34;result&#34;: &#34;Error&#34;, &#34;testId&#34;: &#34;tests/test_meeting_creation.py::TestMeetingCreation::test_create_meeting_with_video_upload::setup&#34;, &#34;duration&#34;: &#34;00:00:38&#34;, &#34;resultsTableRow&#34;: [&#34;&lt;td class=\&#34;col-result\&#34;&gt;Error&lt;/td&gt;&#34;, &#34;&lt;td class=\&#34;col-testId\&#34;&gt;tests/test_meeting_creation.py::TestMeetingCreation::test_create_meeting_with_video_upload::setup&lt;/td&gt;&#34;, &#34;&lt;td class=\&#34;col-duration\&#34;&gt;00:00:38&lt;/td&gt;&#34;, &#34;&lt;td class=\&#34;col-links\&#34;&gt;&lt;/td&gt;&#34;], &#34;log&#34;: &#34;self = &amp;lt;tests.test_meeting_creation.TestMeetingCreation object at 0x00000234B4D18DA0&amp;gt;, login_flow = &amp;lt;pages.login_flow.LoginFlow object at 0x00000234B243EFF0&amp;gt;\n\n    @pytest.fixture(autouse=True)\n    def setup(self, login_flow):\n        &amp;quot;&amp;quot;&amp;quot;Setup: Login and open meeting creation dialog&amp;quot;&amp;quot;&amp;quot;\n        self.login_flow = login_flow\n        self.meeting_page = MeetingCreationPage(login_flow.driver)\n        self.login_flow.execute_login_flow(\n            email=&amp;quot;nandopanjaitan003@gmail.com&amp;quot;,\n            password=&amp;quot;Twice300403&amp;quot;\n        )\n&amp;gt;       self.meeting_page.open_meeting_creation_dialog()\n\ntests\\test_meeting_creation.py:46: \n_ _ _ _ _ _ _ _ _ _ _ _ _ _ _ _ _ _ _ _ _ _ _ _ _ _ _ _ _ _ _ _ _ _ _ _ _ _ _ _ _ _ _ _ _ _ _ _ _ _ _ _ _ _ _ _ _ _ _ _ _ _ _ _ _ _ _ _ _ _ _ _ _ _ _ _ _ _ \npages\\meeting_creation_page.py:98: in open_meeting_creation_dialog\n    self.wait.until(\n_ _ _ _ _ _ _ _ _ _ _ _ _ _ _ _ _ _ _ _ _ _ _ _ _ _ _ _ _ _ _ _ _ _ _ _ _ _ _ _ _ _ _ _ _ _ _ _ _ _ _ _ _ _ _ _ _ _ _ _ _ _ _ _ _ _ _ _ _ _ _ _ _ _ _ _ _ _ \n\nself = &amp;lt;selenium.webdriver.support.wait.WebDriverWait (session=&amp;quot;33fee1ad0f0e6729b60b43ee9007d01a&amp;quot;)&amp;gt;\nmethod = &amp;lt;function MeetingCreationPage.open_meeting_creation_dialog.&amp;lt;locals&amp;gt;.&amp;lt;lambda&amp;gt; at 0x00000234B53105E0&amp;gt;, message = &amp;#x27;&amp;#x27;\n\n    def until(self, method: Callable[[D], Union[Literal[False], T]], message: str = &amp;quot;&amp;quot;) -&amp;gt; T:\n        &amp;quot;&amp;quot;&amp;quot;Calls the method provided with the driver as an argument until the \\\n        return value does not evaluate to ``False``.\n    \n        :param method: callable(WebDriver)\n        :param message: optional message for :exc:`TimeoutException`\n        :returns: the result of the last call to `method`\n        :raises: :exc:`selenium.common.exceptions.TimeoutException` if timeout occurs\n        &amp;quot;&amp;quot;&amp;quot;\n        screen = None\n        stacktrace = None\n    \n        end_time = time.monotonic() + self._timeout\n        while True:\n            try:\n                value = method(self._driver)\n                if value:\n                    return value\n            except self._ignored_exceptions as exc:\n                screen = getattr(exc, &amp;quot;screen&amp;quot;, None)\n                stacktrace = getattr(exc, &amp;quot;stacktrace&amp;quot;, None)\n            time.sleep(self._poll)\n            if time.monotonic() &amp;gt; end_time:\n                break\n&amp;gt;       raise TimeoutException(message, screen, stacktrace)\nE       selenium.common.exceptions.TimeoutException: Message: \nE       Stacktrace:\nE       \tGetHandleVerifier [0x0xb244a3+62419]\nE       \tGetHandleVerifier [0x0xb244e4+62484]\nE       \t(No symbol) [0x0x962133]\nE       \t(No symbol) [0x0x9aa8fe]\nE       \t(No symbol) [0x0x9aac9b]\nE       \t(No symbol) [0x0x9f3052]\nE       \t(No symbol) [0x0x9cf4b4]\nE       \t(No symbol) [0x0x9f087a]\nE       \t(No symbol) [0x0x9cf266]\nE       \t(No symbol) [0x0x99e852]\nE       \t(No symbol) [0x0x99f6f4]\nE       \tGetHandleVerifier [0x0xd94793+2619075]\nE       \tGetHandleVerifier [0x0xd8fbaa+2599642]\nE       \tGetHandleVerifier [0x0xb4b04a+221050]\nE       \tGetHandleVerifier [0x0xb3b2c8+156152]\nE       \tGetHandleVerifier [0x0xb41c7d+183213]\nE       \tGetHandleVerifier [0x0xb2c388+94904]\nE       \tGetHandleVerifier [0x0xb2c512+95298]\nE       \tGetHandleVerifier [0x0xb1766a+9626]\nE       \tBaseThreadInitThunk [0x0x76557ba9+25]\nE       \tRtlInitializeExceptionChain [0x0x776dc36b+107]\nE       \tRtlClearBits [0x0x776dc2ef+191]\n\nC:\\Users\\LENOVO\\AppData\\Local\\Programs\\Python\\Python312\\Lib\\site-packages\\selenium\\webdriver\\support\\wait.py:105: TimeoutException\n\n------------------------------ Captured log setup ------------------------------\nINFO     automation:login_flow.py:19 STEP 1: Membuka landing page\nINFO     automation:base_page.py:54 Screenshot saved as screenshots/landing_page_20250715_091126.png\nINFO     automation:login_flow.py:24 STEP 2: Mengklik tombol Get Started\nINFO     automation:base_page.py:15 Clicking on element: (&amp;#x27;xpath&amp;#x27;, &amp;#x27;//*[@id=&amp;quot;hero&amp;quot;]/div/div[1]/div[2]/div[2]/button&amp;#x27;)\nINFO     automation:base_page.py:19 Successfully clicked the element\nINFO     automation:base_page.py:54 Screenshot saved as screenshots/after_get_started_20250715_091126.png\nINFO     automation:login_flow.py:29 STEP 3: Mengklik Register Now di auth dialog\nINFO     automation:base_page.py:15 Clicking on element: (&amp;#x27;id&amp;#x27;, &amp;#x27;registerNow&amp;#x27;)\nINFO     automation:base_page.py:19 Successfully clicked the element\nINFO     automation:base_page.py:54 Screenshot saved as screenshots/auth_dialog_20250715_091127.png\nINFO     automation:login_flow.py:34 STEP 4: Mengisi form login\nINFO     automation:base_page.py:25 Entering text &amp;#x27;nandopanjaitan003@gmail.com&amp;#x27; in element: (&amp;#x27;xpath&amp;#x27;, &amp;quot;//input[@type=&amp;#x27;email&amp;#x27;]&amp;quot;)\nINFO     automation:base_page.py:30 Text entered successfully\nINFO     automation:base_page.py:25 Entering text &amp;#x27;Twice300403&amp;#x27; in element: (&amp;#x27;xpath&amp;#x27;, &amp;quot;//input[@type=&amp;#x27;password&amp;#x27;]&amp;quot;)\nINFO     automation:base_page.py:30 Text entered successfully\nINFO     automation:base_page.py:54 Screenshot saved as screenshots/after_login_submit_20250715_091128.png\nINFO     automation:login_flow.py:41 STEP 5: Memverifikasi login berhasil dengan mengecek button create meeting\nINFO     automation:login_flow.py:45 Button create meeting ditemukan - login berhasil\nINFO     automation:login_flow.py:49 Berada di halaman dashboard\nINFO     automation:base_page.py:54 Screenshot saved as screenshots/dashboard_page_20250715_091130.png\nINFO     automation:base_page.py:15 Clicking on element: (&amp;#x27;id&amp;#x27;, &amp;#x27;createNewMeetingTrigger&amp;#x27;)\nERROR    automation:base_page.py:21 Failed to click element: Message: element click intercepted: Element &amp;lt;a class=&amp;quot;tap-highlight-transparent no-underline active:opacity-disabled transition-opacity z-0 group relative inline-flex items-center justify-center box-border appearance-none select-none whitespace-nowrap subpixel-antialiased overflow-hidden tap-highlight-transparent outline-none data-[focus-visible=true]:z-10 data-[focus-visible=true]:outline-2 data-[focus-visible=true]:outline-focus data-[focus-visible=true]:outline-offset-2 px-4 min-w-20 h-10 text-small gap-2 rounded-small w-full [&amp;amp;amp;&amp;gt;svg]:max-w-[theme(spacing.8)] data-[pressed=true]:scale-[0.97] transition-transform-colors-opacity motion-reduce:transition-none data-[hover=true]:opacity-hover bg-notulensi-primary hover:opacity-100 data-[hover=true]:opacity-100 hover:bg-notulensi-primary-400 text-white font-medium&amp;quot; id=&amp;quot;createNewMeetingTrigger&amp;quot; data-sentry-element=&amp;quot;UIButton&amp;quot; data-sentry-source-file=&amp;quot;DashboardLayout.tsx&amp;quot; tabindex=&amp;quot;0&amp;quot; role=&amp;quot;button&amp;quot; type=&amp;quot;button&amp;quot;&amp;gt;...&amp;lt;/a&amp;gt; is not clickable at point (140, 108). Other element would receive the click: &amp;lt;div class=&amp;quot;flex w-screen h-[100dvh] fixed inset-0 z-50 overflow-x-auto justify-center [--scale-enter:100%] [--scale-exit:100%] [--slide-enter:0px] [--slide-exit:80px] sm:[--scale-enter:100%] sm:[--scale-exit:103%] sm:[--slide-enter:0px] sm:[--slide-exit:0px] items-end sm:items-center&amp;quot; data-slot=&amp;quot;wrapper&amp;quot; style=&amp;quot;opacity: 1; transform: translateY(var(--slide-enter)) scale(var(--scale-enter)) translateZ(0);&amp;quot;&amp;gt;...&amp;lt;/div&amp;gt;\n  (Session info: chrome=138.0.7204.101)\nStacktrace:\n\tGetHandleVerifier [0x0xb244a3+62419]\n\tGetHandleVerifier [0x0xb244e4+62484]\n\t(No symbol) [0x0x962133]\n\t(No symbol) [0x0x9b0c40]\n\t(No symbol) [0x0x9aeffa]\n\t(No symbol) [0x0x9acb57]\n\t(No symbol) [0x0x9abe14]\n\t(No symbol) [0x0x9a05c5]\n\t(No symbol) [0x0x9cf46c]\n\t(No symbol) [0x0x9a0054]\n\t(No symbol) [0x0x9cf6e4]\n\t(No symbol) [0x0x9f087a]\n\t(No symbol) [0x0x9cf266]\n\t(No symbol) [0x0x99e852]\n\t(No symbol) [0x0x99f6f4]\n\tGetHandleVerifier [0x0xd94793+2619075]\n\tGetHandleVerifier [0x0xd8fbaa+2599642]\n\tGetHandleVerifier [0x0xb4b04a+221050]\n\tGetHandleVerifier [0x0xb3b2c8+156152]\n\tGetHandleVerifier [0x0xb41c7d+183213]\n\tGetHandleVerifier [0x0xb2c388+94904]\n\tGetHandleVerifier [0x0xb2c512+95298]\n\tGetHandleVerifier [0x0xb1766a+9626]\n\tBaseThreadInitThunk [0x0x76557ba9+25]\n\tRtlInitializeExceptionChain [0x0x776dc36b+107]\n\tRtlClearBits [0x0x776dc2ef+191]\n\nINFO     automation:base_page.py:78 No modal found to dismiss\n&#34;}], &#34;tests/test_meeting_creation.py::TestMeetingCreation::test_invalid_meeting_links[invalidlink]&#34;: [{&#34;extras&#34;: [], &#34;result&#34;: &#34;Error&#34;, &#34;testId&#34;: &#34;tests/test_meeting_creation.py::TestMeetingCreation::test_invalid_meeting_links[invalidlink]::setup&#34;, &#34;duration&#34;: &#34;00:00:42&#34;, &#34;resultsTableRow&#34;: [&#34;&lt;td class=\&#34;col-result\&#34;&gt;Error&lt;/td&gt;&#34;, &#34;&lt;td class=\&#34;col-testId\&#34;&gt;tests/test_meeting_creation.py::TestMeetingCreation::test_invalid_meeting_links[invalidlink]::setup&lt;/td&gt;&#34;, &#34;&lt;td class=\&#34;col-duration\&#34;&gt;00:00:42&lt;/td&gt;&#34;, &#34;&lt;td class=\&#34;col-links\&#34;&gt;&lt;/td&gt;&#34;], &#34;log&#34;: &#34;self = &amp;lt;tests.test_meeting_creation.TestMeetingCreation object at 0x00000234B4D19070&amp;gt;, login_flow = &amp;lt;pages.login_flow.LoginFlow object at 0x00000234B52EEDE0&amp;gt;\n\n    @pytest.fixture(autouse=True)\n    def setup(self, login_flow):\n        &amp;quot;&amp;quot;&amp;quot;Setup: Login and open meeting creation dialog&amp;quot;&amp;quot;&amp;quot;\n        self.login_flow = login_flow\n        self.meeting_page = MeetingCreationPage(login_flow.driver)\n        self.login_flow.execute_login_flow(\n            email=&amp;quot;nandopanjaitan003@gmail.com&amp;quot;,\n            password=&amp;quot;Twice300403&amp;quot;\n        )\n&amp;gt;       self.meeting_page.open_meeting_creation_dialog()\n\ntests\\test_meeting_creation.py:46: \n_ _ _ _ _ _ _ _ _ _ _ _ _ _ _ _ _ _ _ _ _ _ _ _ _ _ _ _ _ _ _ _ _ _ _ _ _ _ _ _ _ _ _ _ _ _ _ _ _ _ _ _ _ _ _ _ _ _ _ _ _ _ _ _ _ _ _ _ _ _ _ _ _ _ _ _ _ _ \npages\\meeting_creation_page.py:98: in open_meeting_creation_dialog\n    self.wait.until(\n_ _ _ _ _ _ _ _ _ _ _ _ _ _ _ _ _ _ _ _ _ _ _ _ _ _ _ _ _ _ _ _ _ _ _ _ _ _ _ _ _ _ _ _ _ _ _ _ _ _ _ _ _ _ _ _ _ _ _ _ _ _ _ _ _ _ _ _ _ _ _ _ _ _ _ _ _ _ \n\nself = &amp;lt;selenium.webdriver.support.wait.WebDriverWait (session=&amp;quot;9252f7f668b72e4180efcbfbc36d0db7&amp;quot;)&amp;gt;\nmethod = &amp;lt;function MeetingCreationPage.open_meeting_creation_dialog.&amp;lt;locals&amp;gt;.&amp;lt;lambda&amp;gt; at 0x00000234B5311440&amp;gt;, message = &amp;#x27;&amp;#x27;\n\n    def until(self, method: Callable[[D], Union[Literal[False], T]], message: str = &amp;quot;&amp;quot;) -&amp;gt; T:\n        &amp;quot;&amp;quot;&amp;quot;Calls the method provided with the driver as an argument until the \\\n        return value does not evaluate to ``False``.\n    \n        :param method: callable(WebDriver)\n        :param message: optional message for :exc:`TimeoutException`\n        :returns: the result of the last call to `method`\n        :raises: :exc:`selenium.common.exceptions.TimeoutException` if timeout occurs\n        &amp;quot;&amp;quot;&amp;quot;\n        screen = None\n        stacktrace = None\n    \n        end_time = time.monotonic() + self._timeout\n        while True:\n            try:\n                value = method(self._driver)\n                if value:\n                    return value\n            except self._ignored_exceptions as exc:\n                screen = getattr(exc, &amp;quot;screen&amp;quot;, None)\n                stacktrace = getattr(exc, &amp;quot;stacktrace&amp;quot;, None)\n            time.sleep(self._poll)\n            if time.monotonic() &amp;gt; end_time:\n                break\n&amp;gt;       raise TimeoutException(message, screen, stacktrace)\nE       selenium.common.exceptions.TimeoutException: Message: \nE       Stacktrace:\nE       \tGetHandleVerifier [0x0xb244a3+62419]\nE       \tGetHandleVerifier [0x0xb244e4+62484]\nE       \t(No symbol) [0x0x962133]\nE       \t(No symbol) [0x0x9aa8fe]\nE       \t(No symbol) [0x0x9aac9b]\nE       \t(No symbol) [0x0x9f3052]\nE       \t(No symbol) [0x0x9cf4b4]\nE       \t(No symbol) [0x0x9f087a]\nE       \t(No symbol) [0x0x9cf266]\nE       \t(No symbol) [0x0x99e852]\nE       \t(No symbol) [0x0x99f6f4]\nE       \tGetHandleVerifier [0x0xd94793+2619075]\nE       \tGetHandleVerifier [0x0xd8fbaa+2599642]\nE       \tGetHandleVerifier [0x0xb4b04a+221050]\nE       \tGetHandleVerifier [0x0xb3b2c8+156152]\nE       \tGetHandleVerifier [0x0xb41c7d+183213]\nE       \tGetHandleVerifier [0x0xb2c388+94904]\nE       \tGetHandleVerifier [0x0xb2c512+95298]\nE       \tGetHandleVerifier [0x0xb1766a+9626]\nE       \tBaseThreadInitThunk [0x0x76557ba9+25]\nE       \tRtlInitializeExceptionChain [0x0x776dc36b+107]\nE       \tRtlClearBits [0x0x776dc2ef+191]\n\nC:\\Users\\LENOVO\\AppData\\Local\\Programs\\Python\\Python312\\Lib\\site-packages\\selenium\\webdriver\\support\\wait.py:105: TimeoutException\n\n------------------------------ Captured log setup ------------------------------\nINFO     automation:login_flow.py:19 STEP 1: Membuka landing page\nINFO     automation:base_page.py:54 Screenshot saved as screenshots/landing_page_20250715_091208.png\nINFO     automation:login_flow.py:24 STEP 2: Mengklik tombol Get Started\nINFO     automation:base_page.py:15 Clicking on element: (&amp;#x27;xpath&amp;#x27;, &amp;#x27;//*[@id=&amp;quot;hero&amp;quot;]/div/div[1]/div[2]/div[2]/button&amp;#x27;)\nINFO     automation:base_page.py:19 Successfully clicked the element\nINFO     automation:base_page.py:54 Screenshot saved as screenshots/after_get_started_20250715_091209.png\nINFO     automation:login_flow.py:29 STEP 3: Mengklik Register Now di auth dialog\nINFO     automation:base_page.py:15 Clicking on element: (&amp;#x27;id&amp;#x27;, &amp;#x27;registerNow&amp;#x27;)\nINFO     automation:base_page.py:19 Successfully clicked the element\nINFO     automation:base_page.py:54 Screenshot saved as screenshots/auth_dialog_20250715_091210.png\nINFO     automation:login_flow.py:34 STEP 4: Mengisi form login\nINFO     automation:base_page.py:25 Entering text &amp;#x27;nandopanjaitan003@gmail.com&amp;#x27; in element: (&amp;#x27;xpath&amp;#x27;, &amp;quot;//input[@type=&amp;#x27;email&amp;#x27;]&amp;quot;)\nINFO     automation:base_page.py:30 Text entered successfully\nINFO     automation:base_page.py:25 Entering text &amp;#x27;Twice300403&amp;#x27; in element: (&amp;#x27;xpath&amp;#x27;, &amp;quot;//input[@type=&amp;#x27;password&amp;#x27;]&amp;quot;)\nINFO     automation:base_page.py:30 Text entered successfully\nINFO     automation:base_page.py:54 Screenshot saved as screenshots/after_login_submit_20250715_091211.png\nINFO     automation:login_flow.py:41 STEP 5: Memverifikasi login berhasil dengan mengecek button create meeting\nINFO     automation:login_flow.py:45 Button create meeting ditemukan - login berhasil\nINFO     automation:login_flow.py:49 Berada di halaman dashboard\nINFO     automation:base_page.py:54 Screenshot saved as screenshots/dashboard_page_20250715_091214.png\nINFO     automation:base_page.py:15 Clicking on element: (&amp;#x27;id&amp;#x27;, &amp;#x27;createNewMeetingTrigger&amp;#x27;)\nERROR    automation:base_page.py:21 Failed to click element: Message: element click intercepted: Element &amp;lt;a class=&amp;quot;tap-highlight-transparent no-underline active:opacity-disabled transition-opacity z-0 group relative inline-flex items-center justify-center box-border appearance-none select-none whitespace-nowrap subpixel-antialiased overflow-hidden tap-highlight-transparent outline-none data-[focus-visible=true]:z-10 data-[focus-visible=true]:outline-2 data-[focus-visible=true]:outline-focus data-[focus-visible=true]:outline-offset-2 px-4 min-w-20 h-10 text-small gap-2 rounded-small w-full [&amp;amp;amp;&amp;gt;svg]:max-w-[theme(spacing.8)] data-[pressed=true]:scale-[0.97] transition-transform-colors-opacity motion-reduce:transition-none data-[hover=true]:opacity-hover bg-notulensi-primary hover:opacity-100 data-[hover=true]:opacity-100 hover:bg-notulensi-primary-400 text-white font-medium&amp;quot; id=&amp;quot;createNewMeetingTrigger&amp;quot; data-sentry-element=&amp;quot;UIButton&amp;quot; data-sentry-source-file=&amp;quot;DashboardLayout.tsx&amp;quot; tabindex=&amp;quot;0&amp;quot; role=&amp;quot;button&amp;quot; type=&amp;quot;button&amp;quot;&amp;gt;...&amp;lt;/a&amp;gt; is not clickable at point (140, 108). Other element would receive the click: &amp;lt;div class=&amp;quot;flex w-screen h-[100dvh] fixed inset-0 z-50 overflow-x-auto justify-center [--scale-enter:100%] [--scale-exit:100%] [--slide-enter:0px] [--slide-exit:80px] sm:[--scale-enter:100%] sm:[--scale-exit:103%] sm:[--slide-enter:0px] sm:[--slide-exit:0px] items-end sm:items-center&amp;quot; data-slot=&amp;quot;wrapper&amp;quot; style=&amp;quot;opacity: 1; transform: translateY(var(--slide-enter)) scale(var(--scale-enter)) translateZ(0);&amp;quot;&amp;gt;...&amp;lt;/div&amp;gt;\n  (Session info: chrome=138.0.7204.101)\nStacktrace:\n\tGetHandleVerifier [0x0xb244a3+62419]\n\tGetHandleVerifier [0x0xb244e4+62484]\n\t(No symbol) [0x0x962133]\n\t(No symbol) [0x0x9b0c40]\n\t(No symbol) [0x0x9aeffa]\n\t(No symbol) [0x0x9acb57]\n\t(No symbol) [0x0x9abe14]\n\t(No symbol) [0x0x9a05c5]\n\t(No symbol) [0x0x9cf46c]\n\t(No symbol) [0x0x9a0054]\n\t(No symbol) [0x0x9cf6e4]\n\t(No symbol) [0x0x9f087a]\n\t(No symbol) [0x0x9cf266]\n\t(No symbol) [0x0x99e852]\n\t(No symbol) [0x0x99f6f4]\n\tGetHandleVerifier [0x0xd94793+2619075]\n\tGetHandleVerifier [0x0xd8fbaa+2599642]\n\tGetHandleVerifier [0x0xb4b04a+221050]\n\tGetHandleVerifier [0x0xb3b2c8+156152]\n\tGetHandleVerifier [0x0xb41c7d+183213]\n\tGetHandleVerifier [0x0xb2c388+94904]\n\tGetHandleVerifier [0x0xb2c512+95298]\n\tGetHandleVerifier [0x0xb1766a+9626]\n\tBaseThreadInitThunk [0x0x76557ba9+25]\n\tRtlInitializeExceptionChain [0x0x776dc36b+107]\n\tRtlClearBits [0x0x776dc2ef+191]\n\nINFO     automation:base_page.py:78 No modal found to dismiss\n&#34;}], &#34;tests/test_meeting_creation.py::TestMeetingCreation::test_invalid_meeting_links[https://invalid.com]&#34;: [{&#34;extras&#34;: [], &#34;result&#34;: &#34;Error&#34;, &#34;testId&#34;: &#34;tests/test_meeting_creation.py::TestMeetingCreation::test_invalid_meeting_links[https://invalid.com]::setup&#34;, &#34;duration&#34;: &#34;00:00:40&#34;, &#34;resultsTableRow&#34;: [&#34;&lt;td class=\&#34;col-result\&#34;&gt;Error&lt;/td&gt;&#34;, &#34;&lt;td class=\&#34;col-testId\&#34;&gt;tests/test_meeting_creation.py::TestMeetingCreation::test_invalid_meeting_links[https://invalid.com]::setup&lt;/td&gt;&#34;, &#34;&lt;td class=\&#34;col-duration\&#34;&gt;00:00:40&lt;/td&gt;&#34;, &#34;&lt;td class=\&#34;col-links\&#34;&gt;&lt;/td&gt;&#34;], &#34;log&#34;: &#34;self = &amp;lt;tests.test_meeting_creation.TestMeetingCreation object at 0x00000234B4D19100&amp;gt;, login_flow = &amp;lt;pages.login_flow.LoginFlow object at 0x00000234B52ECDA0&amp;gt;\n\n    @pytest.fixture(autouse=True)\n    def setup(self, login_flow):\n        &amp;quot;&amp;quot;&amp;quot;Setup: Login and open meeting creation dialog&amp;quot;&amp;quot;&amp;quot;\n        self.login_flow = login_flow\n        self.meeting_page = MeetingCreationPage(login_flow.driver)\n        self.login_flow.execute_login_flow(\n            email=&amp;quot;nandopanjaitan003@gmail.com&amp;quot;,\n            password=&amp;quot;Twice300403&amp;quot;\n        )\n&amp;gt;       self.meeting_page.open_meeting_creation_dialog()\n\ntests\\test_meeting_creation.py:46: \n_ _ _ _ _ _ _ _ _ _ _ _ _ _ _ _ _ _ _ _ _ _ _ _ _ _ _ _ _ _ _ _ _ _ _ _ _ _ _ _ _ _ _ _ _ _ _ _ _ _ _ _ _ _ _ _ _ _ _ _ _ _ _ _ _ _ _ _ _ _ _ _ _ _ _ _ _ _ \npages\\meeting_creation_page.py:98: in open_meeting_creation_dialog\n    self.wait.until(\n_ _ _ _ _ _ _ _ _ _ _ _ _ _ _ _ _ _ _ _ _ _ _ _ _ _ _ _ _ _ _ _ _ _ _ _ _ _ _ _ _ _ _ _ _ _ _ _ _ _ _ _ _ _ _ _ _ _ _ _ _ _ _ _ _ _ _ _ _ _ _ _ _ _ _ _ _ _ \n\nself = &amp;lt;selenium.webdriver.support.wait.WebDriverWait (session=&amp;quot;b57a0b0e8a4fa47ae6bbb70133c2136c&amp;quot;)&amp;gt;\nmethod = &amp;lt;function MeetingCreationPage.open_meeting_creation_dialog.&amp;lt;locals&amp;gt;.&amp;lt;lambda&amp;gt; at 0x00000234B5310AE0&amp;gt;, message = &amp;#x27;&amp;#x27;\n\n    def until(self, method: Callable[[D], Union[Literal[False], T]], message: str = &amp;quot;&amp;quot;) -&amp;gt; T:\n        &amp;quot;&amp;quot;&amp;quot;Calls the method provided with the driver as an argument until the \\\n        return value does not evaluate to ``False``.\n    \n        :param method: callable(WebDriver)\n        :param message: optional message for :exc:`TimeoutException`\n        :returns: the result of the last call to `method`\n        :raises: :exc:`selenium.common.exceptions.TimeoutException` if timeout occurs\n        &amp;quot;&amp;quot;&amp;quot;\n        screen = None\n        stacktrace = None\n    \n        end_time = time.monotonic() + self._timeout\n        while True:\n            try:\n                value = method(self._driver)\n                if value:\n                    return value\n            except self._ignored_exceptions as exc:\n                screen = getattr(exc, &amp;quot;screen&amp;quot;, None)\n                stacktrace = getattr(exc, &amp;quot;stacktrace&amp;quot;, None)\n            time.sleep(self._poll)\n            if time.monotonic() &amp;gt; end_time:\n                break\n&amp;gt;       raise TimeoutException(message, screen, stacktrace)\nE       selenium.common.exceptions.TimeoutException: Message: \nE       Stacktrace:\nE       \tGetHandleVerifier [0x0xb244a3+62419]\nE       \tGetHandleVerifier [0x0xb244e4+62484]\nE       \t(No symbol) [0x0x962133]\nE       \t(No symbol) [0x0x9aa8fe]\nE       \t(No symbol) [0x0x9aac9b]\nE       \t(No symbol) [0x0x9f3052]\nE       \t(No symbol) [0x0x9cf4b4]\nE       \t(No symbol) [0x0x9f087a]\nE       \t(No symbol) [0x0x9cf266]\nE       \t(No symbol) [0x0x99e852]\nE       \t(No symbol) [0x0x99f6f4]\nE       \tGetHandleVerifier [0x0xd94793+2619075]\nE       \tGetHandleVerifier [0x0xd8fbaa+2599642]\nE       \tGetHandleVerifier [0x0xb4b04a+221050]\nE       \tGetHandleVerifier [0x0xb3b2c8+156152]\nE       \tGetHandleVerifier [0x0xb41c7d+183213]\nE       \tGetHandleVerifier [0x0xb2c388+94904]\nE       \tGetHandleVerifier [0x0xb2c512+95298]\nE       \tGetHandleVerifier [0x0xb1766a+9626]\nE       \tBaseThreadInitThunk [0x0x76557ba9+25]\nE       \tRtlInitializeExceptionChain [0x0x776dc36b+107]\nE       \tRtlClearBits [0x0x776dc2ef+191]\n\nC:\\Users\\LENOVO\\AppData\\Local\\Programs\\Python\\Python312\\Lib\\site-packages\\selenium\\webdriver\\support\\wait.py:105: TimeoutException\n\n------------------------------ Captured log setup ------------------------------\nINFO     automation:login_flow.py:19 STEP 1: Membuka landing page\nINFO     automation:base_page.py:54 Screenshot saved as screenshots/landing_page_20250715_091253.png\nINFO     automation:login_flow.py:24 STEP 2: Mengklik tombol Get Started\nINFO     automation:base_page.py:15 Clicking on element: (&amp;#x27;xpath&amp;#x27;, &amp;#x27;//*[@id=&amp;quot;hero&amp;quot;]/div/div[1]/div[2]/div[2]/button&amp;#x27;)\nINFO     automation:base_page.py:19 Successfully clicked the element\nINFO     automation:base_page.py:54 Screenshot saved as screenshots/after_get_started_20250715_091254.png\nINFO     automation:login_flow.py:29 STEP 3: Mengklik Register Now di auth dialog\nINFO     automation:base_page.py:15 Clicking on element: (&amp;#x27;id&amp;#x27;, &amp;#x27;registerNow&amp;#x27;)\nINFO     automation:base_page.py:19 Successfully clicked the element\nINFO     automation:base_page.py:54 Screenshot saved as screenshots/auth_dialog_20250715_091254.png\nINFO     automation:login_flow.py:34 STEP 4: Mengisi form login\nINFO     automation:base_page.py:25 Entering text &amp;#x27;nandopanjaitan003@gmail.com&amp;#x27; in element: (&amp;#x27;xpath&amp;#x27;, &amp;quot;//input[@type=&amp;#x27;email&amp;#x27;]&amp;quot;)\nINFO     automation:base_page.py:30 Text entered successfully\nINFO     automation:base_page.py:25 Entering text &amp;#x27;Twice300403&amp;#x27; in element: (&amp;#x27;xpath&amp;#x27;, &amp;quot;//input[@type=&amp;#x27;password&amp;#x27;]&amp;quot;)\nINFO     automation:base_page.py:30 Text entered successfully\nINFO     automation:base_page.py:54 Screenshot saved as screenshots/after_login_submit_20250715_091255.png\nINFO     automation:login_flow.py:41 STEP 5: Memverifikasi login berhasil dengan mengecek button create meeting\nINFO     automation:login_flow.py:45 Button create meeting ditemukan - login berhasil\nINFO     automation:login_flow.py:49 Berada di halaman dashboard\nINFO     automation:base_page.py:54 Screenshot saved as screenshots/dashboard_page_20250715_091257.png\nINFO     automation:base_page.py:15 Clicking on element: (&amp;#x27;id&amp;#x27;, &amp;#x27;createNewMeetingTrigger&amp;#x27;)\nERROR    automation:base_page.py:21 Failed to click element: Message: element click intercepted: Element &amp;lt;a class=&amp;quot;tap-highlight-transparent no-underline active:opacity-disabled transition-opacity z-0 group relative inline-flex items-center justify-center box-border appearance-none select-none whitespace-nowrap subpixel-antialiased overflow-hidden tap-highlight-transparent outline-none data-[focus-visible=true]:z-10 data-[focus-visible=true]:outline-2 data-[focus-visible=true]:outline-focus data-[focus-visible=true]:outline-offset-2 px-4 min-w-20 h-10 text-small gap-2 rounded-small w-full [&amp;amp;amp;&amp;gt;svg]:max-w-[theme(spacing.8)] data-[pressed=true]:scale-[0.97] transition-transform-colors-opacity motion-reduce:transition-none data-[hover=true]:opacity-hover bg-notulensi-primary hover:opacity-100 data-[hover=true]:opacity-100 hover:bg-notulensi-primary-400 text-white font-medium&amp;quot; id=&amp;quot;createNewMeetingTrigger&amp;quot; data-sentry-element=&amp;quot;UIButton&amp;quot; data-sentry-source-file=&amp;quot;DashboardLayout.tsx&amp;quot; tabindex=&amp;quot;0&amp;quot; role=&amp;quot;button&amp;quot; type=&amp;quot;button&amp;quot;&amp;gt;...&amp;lt;/a&amp;gt; is not clickable at point (140, 108). Other element would receive the click: &amp;lt;div class=&amp;quot;flex w-screen h-[100dvh] fixed inset-0 z-50 overflow-x-auto justify-center [--scale-enter:100%] [--scale-exit:100%] [--slide-enter:0px] [--slide-exit:80px] sm:[--scale-enter:100%] sm:[--scale-exit:103%] sm:[--slide-enter:0px] sm:[--slide-exit:0px] items-end sm:items-center&amp;quot; data-slot=&amp;quot;wrapper&amp;quot; style=&amp;quot;opacity: 1; transform: translateY(var(--slide-enter)) scale(var(--scale-enter)) translateZ(0);&amp;quot;&amp;gt;...&amp;lt;/div&amp;gt;\n  (Session info: chrome=138.0.7204.101)\nStacktrace:\n\tGetHandleVerifier [0x0xb244a3+62419]\n\tGetHandleVerifier [0x0xb244e4+62484]\n\t(No symbol) [0x0x962133]\n\t(No symbol) [0x0x9b0c40]\n\t(No symbol) [0x0x9aeffa]\n\t(No symbol) [0x0x9acb57]\n\t(No symbol) [0x0x9abe14]\n\t(No symbol) [0x0x9a05c5]\n\t(No symbol) [0x0x9cf46c]\n\t(No symbol) [0x0x9a0054]\n\t(No symbol) [0x0x9cf6e4]\n\t(No symbol) [0x0x9f087a]\n\t(No symbol) [0x0x9cf266]\n\t(No symbol) [0x0x99e852]\n\t(No symbol) [0x0x99f6f4]\n\tGetHandleVerifier [0x0xd94793+2619075]\n\tGetHandleVerifier [0x0xd8fbaa+2599642]\n\tGetHandleVerifier [0x0xb4b04a+221050]\n\tGetHandleVerifier [0x0xb3b2c8+156152]\n\tGetHandleVerifier [0x0xb41c7d+183213]\n\tGetHandleVerifier [0x0xb2c388+94904]\n\tGetHandleVerifier [0x0xb2c512+95298]\n\tGetHandleVerifier [0x0xb1766a+9626]\n\tBaseThreadInitThunk [0x0x76557ba9+25]\n\tRtlInitializeExceptionChain [0x0x776dc36b+107]\n\tRtlClearBits [0x0x776dc2ef+191]\n\nINFO     automation:base_page.py:78 No modal found to dismiss\n&#34;}], &#34;tests/test_meeting_creation.py::TestMeetingCreation::test_invalid_meeting_links[ ]&#34;: [{&#34;extras&#34;: [], &#34;result&#34;: &#34;Error&#34;, &#34;testId&#34;: &#34;tests/test_meeting_creation.py::TestMeetingCreation::test_invalid_meeting_links[ ]::setup&#34;, &#34;duration&#34;: &#34;00:00:56&#34;, &#34;resultsTableRow&#34;: [&#34;&lt;td class=\&#34;col-result\&#34;&gt;Error&lt;/td&gt;&#34;, &#34;&lt;td class=\&#34;col-testId\&#34;&gt;tests/test_meeting_creation.py::TestMeetingCreation::test_invalid_meeting_links[ ]::setup&lt;/td&gt;&#34;, &#34;&lt;td class=\&#34;col-duration\&#34;&gt;00:00:56&lt;/td&gt;&#34;, &#34;&lt;td class=\&#34;col-links\&#34;&gt;&lt;/td&gt;&#34;], &#34;log&#34;: &#34;self = &amp;lt;tests.test_meeting_creation.TestMeetingCreation object at 0x00000234B4D19280&amp;gt;, login_flow = &amp;lt;pages.login_flow.LoginFlow object at 0x00000234B52EDCA0&amp;gt;\n\n    @pytest.fixture(autouse=True)\n    def setup(self, login_flow):\n        &amp;quot;&amp;quot;&amp;quot;Setup: Login and open meeting creation dialog&amp;quot;&amp;quot;&amp;quot;\n        self.login_flow = login_flow\n        self.meeting_page = MeetingCreationPage(login_flow.driver)\n        self.login_flow.execute_login_flow(\n            email=&amp;quot;nandopanjaitan003@gmail.com&amp;quot;,\n            password=&amp;quot;Twice300403&amp;quot;\n        )\n&amp;gt;       self.meeting_page.open_meeting_creation_dialog()\n\ntests\\test_meeting_creation.py:46: \n_ _ _ _ _ _ _ _ _ _ _ _ _ _ _ _ _ _ _ _ _ _ _ _ _ _ _ _ _ _ _ _ _ _ _ _ _ _ _ _ _ _ _ _ _ _ _ _ _ _ _ _ _ _ _ _ _ _ _ _ _ _ _ _ _ _ _ _ _ _ _ _ _ _ _ _ _ _ \npages\\meeting_creation_page.py:98: in open_meeting_creation_dialog\n    self.wait.until(\n_ _ _ _ _ _ _ _ _ _ _ _ _ _ _ _ _ _ _ _ _ _ _ _ _ _ _ _ _ _ _ _ _ _ _ _ _ _ _ _ _ _ _ _ _ _ _ _ _ _ _ _ _ _ _ _ _ _ _ _ _ _ _ _ _ _ _ _ _ _ _ _ _ _ _ _ _ _ \n\nself = &amp;lt;selenium.webdriver.support.wait.WebDriverWait (session=&amp;quot;3cf446de8cf53bbe468e96eaf68f19c5&amp;quot;)&amp;gt;\nmethod = &amp;lt;function MeetingCreationPage.open_meeting_creation_dialog.&amp;lt;locals&amp;gt;.&amp;lt;lambda&amp;gt; at 0x00000234B5311800&amp;gt;, message = &amp;#x27;&amp;#x27;\n\n    def until(self, method: Callable[[D], Union[Literal[False], T]], message: str = &amp;quot;&amp;quot;) -&amp;gt; T:\n        &amp;quot;&amp;quot;&amp;quot;Calls the method provided with the driver as an argument until the \\\n        return value does not evaluate to ``False``.\n    \n        :param method: callable(WebDriver)\n        :param message: optional message for :exc:`TimeoutException`\n        :returns: the result of the last call to `method`\n        :raises: :exc:`selenium.common.exceptions.TimeoutException` if timeout occurs\n        &amp;quot;&amp;quot;&amp;quot;\n        screen = None\n        stacktrace = None\n    \n        end_time = time.monotonic() + self._timeout\n        while True:\n            try:\n                value = method(self._driver)\n                if value:\n                    return value\n            except self._ignored_exceptions as exc:\n                screen = getattr(exc, &amp;quot;screen&amp;quot;, None)\n                stacktrace = getattr(exc, &amp;quot;stacktrace&amp;quot;, None)\n            time.sleep(self._poll)\n            if time.monotonic() &amp;gt; end_time:\n                break\n&amp;gt;       raise TimeoutException(message, screen, stacktrace)\nE       selenium.common.exceptions.TimeoutException: Message: \nE       Stacktrace:\nE       \tGetHandleVerifier [0x0xb244a3+62419]\nE       \tGetHandleVerifier [0x0xb244e4+62484]\nE       \t(No symbol) [0x0x962133]\nE       \t(No symbol) [0x0x9aa8fe]\nE       \t(No symbol) [0x0x9aac9b]\nE       \t(No symbol) [0x0x9f3052]\nE       \t(No symbol) [0x0x9cf4b4]\nE       \t(No symbol) [0x0x9f087a]\nE       \t(No symbol) [0x0x9cf266]\nE       \t(No symbol) [0x0x99e852]\nE       \t(No symbol) [0x0x99f6f4]\nE       \tGetHandleVerifier [0x0xd94793+2619075]\nE       \tGetHandleVerifier [0x0xd8fbaa+2599642]\nE       \tGetHandleVerifier [0x0xb4b04a+221050]\nE       \tGetHandleVerifier [0x0xb3b2c8+156152]\nE       \tGetHandleVerifier [0x0xb41c7d+183213]\nE       \tGetHandleVerifier [0x0xb2c388+94904]\nE       \tGetHandleVerifier [0x0xb2c512+95298]\nE       \tGetHandleVerifier [0x0xb1766a+9626]\nE       \tBaseThreadInitThunk [0x0x76557ba9+25]\nE       \tRtlInitializeExceptionChain [0x0x776dc36b+107]\nE       \tRtlClearBits [0x0x776dc2ef+191]\n\nC:\\Users\\LENOVO\\AppData\\Local\\Programs\\Python\\Python312\\Lib\\site-packages\\selenium\\webdriver\\support\\wait.py:105: TimeoutException\n\n------------------------------ Captured log setup ------------------------------\nINFO     automation:login_flow.py:19 STEP 1: Membuka landing page\nINFO     automation:base_page.py:54 Screenshot saved as screenshots/landing_page_20250715_091349.png\nINFO     automation:login_flow.py:24 STEP 2: Mengklik tombol Get Started\nINFO     automation:base_page.py:15 Clicking on element: (&amp;#x27;xpath&amp;#x27;, &amp;#x27;//*[@id=&amp;quot;hero&amp;quot;]/div/div[1]/div[2]/div[2]/button&amp;#x27;)\nINFO     automation:base_page.py:19 Successfully clicked the element\nINFO     automation:base_page.py:54 Screenshot saved as screenshots/after_get_started_20250715_091350.png\nINFO     automation:login_flow.py:29 STEP 3: Mengklik Register Now di auth dialog\nINFO     automation:base_page.py:15 Clicking on element: (&amp;#x27;id&amp;#x27;, &amp;#x27;registerNow&amp;#x27;)\nINFO     automation:base_page.py:19 Successfully clicked the element\nINFO     automation:base_page.py:54 Screenshot saved as screenshots/auth_dialog_20250715_091350.png\nINFO     automation:login_flow.py:34 STEP 4: Mengisi form login\nINFO     automation:base_page.py:25 Entering text &amp;#x27;nandopanjaitan003@gmail.com&amp;#x27; in element: (&amp;#x27;xpath&amp;#x27;, &amp;quot;//input[@type=&amp;#x27;email&amp;#x27;]&amp;quot;)\nINFO     automation:base_page.py:30 Text entered successfully\nINFO     automation:base_page.py:25 Entering text &amp;#x27;Twice300403&amp;#x27; in element: (&amp;#x27;xpath&amp;#x27;, &amp;quot;//input[@type=&amp;#x27;password&amp;#x27;]&amp;quot;)\nINFO     automation:base_page.py:30 Text entered successfully\nINFO     automation:base_page.py:54 Screenshot saved as screenshots/after_login_submit_20250715_091351.png\nINFO     automation:login_flow.py:41 STEP 5: Memverifikasi login berhasil dengan mengecek button create meeting\nINFO     automation:login_flow.py:45 Button create meeting ditemukan - login berhasil\nINFO     automation:login_flow.py:49 Berada di halaman dashboard\nINFO     automation:base_page.py:54 Screenshot saved as screenshots/dashboard_page_20250715_091355.png\nINFO     automation:base_page.py:15 Clicking on element: (&amp;#x27;id&amp;#x27;, &amp;#x27;createNewMeetingTrigger&amp;#x27;)\nERROR    automation:base_page.py:21 Failed to click element: Message: element click intercepted: Element &amp;lt;a class=&amp;quot;tap-highlight-transparent no-underline active:opacity-disabled transition-opacity z-0 group relative inline-flex items-center justify-center box-border appearance-none select-none whitespace-nowrap subpixel-antialiased overflow-hidden tap-highlight-transparent outline-none data-[focus-visible=true]:z-10 data-[focus-visible=true]:outline-2 data-[focus-visible=true]:outline-focus data-[focus-visible=true]:outline-offset-2 px-4 min-w-20 h-10 text-small gap-2 rounded-small w-full [&amp;amp;amp;&amp;gt;svg]:max-w-[theme(spacing.8)] data-[pressed=true]:scale-[0.97] transition-transform-colors-opacity motion-reduce:transition-none data-[hover=true]:opacity-hover bg-notulensi-primary hover:opacity-100 data-[hover=true]:opacity-100 hover:bg-notulensi-primary-400 text-white font-medium&amp;quot; id=&amp;quot;createNewMeetingTrigger&amp;quot; data-sentry-element=&amp;quot;UIButton&amp;quot; data-sentry-source-file=&amp;quot;DashboardLayout.tsx&amp;quot; tabindex=&amp;quot;0&amp;quot; role=&amp;quot;button&amp;quot; type=&amp;quot;button&amp;quot;&amp;gt;...&amp;lt;/a&amp;gt; is not clickable at point (140, 108). Other element would receive the click: &amp;lt;div class=&amp;quot;flex w-screen h-[100dvh] fixed inset-0 z-50 overflow-x-auto justify-center [--scale-enter:100%] [--scale-exit:100%] [--slide-enter:0px] [--slide-exit:80px] sm:[--scale-enter:100%] sm:[--scale-exit:103%] sm:[--slide-enter:0px] sm:[--slide-exit:0px] items-end sm:items-center&amp;quot; data-slot=&amp;quot;wrapper&amp;quot; style=&amp;quot;opacity: 1; transform: translateY(var(--slide-enter)) scale(var(--scale-enter)) translateZ(0);&amp;quot;&amp;gt;...&amp;lt;/div&amp;gt;\n  (Session info: chrome=138.0.7204.101)\nStacktrace:\n\tGetHandleVerifier [0x0xb244a3+62419]\n\tGetHandleVerifier [0x0xb244e4+62484]\n\t(No symbol) [0x0x962133]\n\t(No symbol) [0x0x9b0c40]\n\t(No symbol) [0x0x9aeffa]\n\t(No symbol) [0x0x9acb57]\n\t(No symbol) [0x0x9abe14]\n\t(No symbol) [0x0x9a05c5]\n\t(No symbol) [0x0x9cf46c]\n\t(No symbol) [0x0x9a0054]\n\t(No symbol) [0x0x9cf6e4]\n\t(No symbol) [0x0x9f087a]\n\t(No symbol) [0x0x9cf266]\n\t(No symbol) [0x0x99e852]\n\t(No symbol) [0x0x99f6f4]\n\tGetHandleVerifier [0x0xd94793+2619075]\n\tGetHandleVerifier [0x0xd8fbaa+2599642]\n\tGetHandleVerifier [0x0xb4b04a+221050]\n\tGetHandleVerifier [0x0xb3b2c8+156152]\n\tGetHandleVerifier [0x0xb41c7d+183213]\n\tGetHandleVerifier [0x0xb2c388+94904]\n\tGetHandleVerifier [0x0xb2c512+95298]\n\tGetHandleVerifier [0x0xb1766a+9626]\n\tBaseThreadInitThunk [0x0x76557ba9+25]\n\tRtlInitializeExceptionChain [0x0x776dc36b+107]\n\tRtlClearBits [0x0x776dc2ef+191]\n\nINFO     automation:base_page.py:78 No modal found to dismiss\n&#34;}], &#34;tests/test_meeting_creation.py::TestMeetingCreation::test_invalid_meeting_links[None]&#34;: [{&#34;extras&#34;: [], &#34;result&#34;: &#34;Error&#34;, &#34;testId&#34;: &#34;tests/test_meeting_creation.py::TestMeetingCreation::test_invalid_meeting_links[None]::setup&#34;, &#34;duration&#34;: &#34;00:00:37&#34;, &#34;resultsTableRow&#34;: [&#34;&lt;td class=\&#34;col-result\&#34;&gt;Error&lt;/td&gt;&#34;, &#34;&lt;td class=\&#34;col-testId\&#34;&gt;tests/test_meeting_creation.py::TestMeetingCreation::test_invalid_meeting_links[None]::setup&lt;/td&gt;&#34;, &#34;&lt;td class=\&#34;col-duration\&#34;&gt;00:00:37&lt;/td&gt;&#34;, &#34;&lt;td class=\&#34;col-links\&#34;&gt;&lt;/td&gt;&#34;], &#34;log&#34;: &#34;self = &amp;lt;tests.test_meeting_creation.TestMeetingCreation object at 0x00000234B4D19310&amp;gt;, login_flow = &amp;lt;pages.login_flow.LoginFlow object at 0x00000234B52EE510&amp;gt;\n\n    @pytest.fixture(autouse=True)\n    def setup(self, login_flow):\n        &amp;quot;&amp;quot;&amp;quot;Setup: Login and open meeting creation dialog&amp;quot;&amp;quot;&amp;quot;\n        self.login_flow = login_flow\n        self.meeting_page = MeetingCreationPage(login_flow.driver)\n        self.login_flow.execute_login_flow(\n            email=&amp;quot;nandopanjaitan003@gmail.com&amp;quot;,\n            password=&amp;quot;Twice300403&amp;quot;\n        )\n&amp;gt;       self.meeting_page.open_meeting_creation_dialog()\n\ntests\\test_meeting_creation.py:46: \n_ _ _ _ _ _ _ _ _ _ _ _ _ _ _ _ _ _ _ _ _ _ _ _ _ _ _ _ _ _ _ _ _ _ _ _ _ _ _ _ _ _ _ _ _ _ _ _ _ _ _ _ _ _ _ _ _ _ _ _ _ _ _ _ _ _ _ _ _ _ _ _ _ _ _ _ _ _ \npages\\meeting_creation_page.py:98: in open_meeting_creation_dialog\n    self.wait.until(\n_ _ _ _ _ _ _ _ _ _ _ _ _ _ _ _ _ _ _ _ _ _ _ _ _ _ _ _ _ _ _ _ _ _ _ _ _ _ _ _ _ _ _ _ _ _ _ _ _ _ _ _ _ _ _ _ _ _ _ _ _ _ _ _ _ _ _ _ _ _ _ _ _ _ _ _ _ _ \n\nself = &amp;lt;selenium.webdriver.support.wait.WebDriverWait (session=&amp;quot;f11c7b571c0d6445e2787b12a5c57d56&amp;quot;)&amp;gt;\nmethod = &amp;lt;function MeetingCreationPage.open_meeting_creation_dialog.&amp;lt;locals&amp;gt;.&amp;lt;lambda&amp;gt; at 0x00000234B52C79C0&amp;gt;, message = &amp;#x27;&amp;#x27;\n\n    def until(self, method: Callable[[D], Union[Literal[False], T]], message: str = &amp;quot;&amp;quot;) -&amp;gt; T:\n        &amp;quot;&amp;quot;&amp;quot;Calls the method provided with the driver as an argument until the \\\n        return value does not evaluate to ``False``.\n    \n        :param method: callable(WebDriver)\n        :param message: optional message for :exc:`TimeoutException`\n        :returns: the result of the last call to `method`\n        :raises: :exc:`selenium.common.exceptions.TimeoutException` if timeout occurs\n        &amp;quot;&amp;quot;&amp;quot;\n        screen = None\n        stacktrace = None\n    \n        end_time = time.monotonic() + self._timeout\n        while True:\n            try:\n                value = method(self._driver)\n                if value:\n                    return value\n            except self._ignored_exceptions as exc:\n                screen = getattr(exc, &amp;quot;screen&amp;quot;, None)\n                stacktrace = getattr(exc, &amp;quot;stacktrace&amp;quot;, None)\n            time.sleep(self._poll)\n            if time.monotonic() &amp;gt; end_time:\n                break\n&amp;gt;       raise TimeoutException(message, screen, stacktrace)\nE       selenium.common.exceptions.TimeoutException: Message: \nE       Stacktrace:\nE       \tGetHandleVerifier [0x0xb244a3+62419]\nE       \tGetHandleVerifier [0x0xb244e4+62484]\nE       \t(No symbol) [0x0x962133]\nE       \t(No symbol) [0x0x9aa8fe]\nE       \t(No symbol) [0x0x9aac9b]\nE       \t(No symbol) [0x0x9f3052]\nE       \t(No symbol) [0x0x9cf4b4]\nE       \t(No symbol) [0x0x9f087a]\nE       \t(No symbol) [0x0x9cf266]\nE       \t(No symbol) [0x0x99e852]\nE       \t(No symbol) [0x0x99f6f4]\nE       \tGetHandleVerifier [0x0xd94793+2619075]\nE       \tGetHandleVerifier [0x0xd8fbaa+2599642]\nE       \tGetHandleVerifier [0x0xb4b04a+221050]\nE       \tGetHandleVerifier [0x0xb3b2c8+156152]\nE       \tGetHandleVerifier [0x0xb41c7d+183213]\nE       \tGetHandleVerifier [0x0xb2c388+94904]\nE       \tGetHandleVerifier [0x0xb2c512+95298]\nE       \tGetHandleVerifier [0x0xb1766a+9626]\nE       \tBaseThreadInitThunk [0x0x76557ba9+25]\nE       \tRtlInitializeExceptionChain [0x0x776dc36b+107]\nE       \tRtlClearBits [0x0x776dc2ef+191]\n\nC:\\Users\\LENOVO\\AppData\\Local\\Programs\\Python\\Python312\\Lib\\site-packages\\selenium\\webdriver\\support\\wait.py:105: TimeoutException\n\n------------------------------ Captured log setup ------------------------------\nINFO     automation:login_flow.py:19 STEP 1: Membuka landing page\nINFO     automation:base_page.py:54 Screenshot saved as screenshots/landing_page_20250715_091432.png\nINFO     automation:login_flow.py:24 STEP 2: Mengklik tombol Get Started\nINFO     automation:base_page.py:15 Clicking on element: (&amp;#x27;xpath&amp;#x27;, &amp;#x27;//*[@id=&amp;quot;hero&amp;quot;]/div/div[1]/div[2]/div[2]/button&amp;#x27;)\nINFO     automation:base_page.py:19 Successfully clicked the element\nINFO     automation:base_page.py:54 Screenshot saved as screenshots/after_get_started_20250715_091432.png\nINFO     automation:login_flow.py:29 STEP 3: Mengklik Register Now di auth dialog\nINFO     automation:base_page.py:15 Clicking on element: (&amp;#x27;id&amp;#x27;, &amp;#x27;registerNow&amp;#x27;)\nINFO     automation:base_page.py:19 Successfully clicked the element\nINFO     automation:base_page.py:54 Screenshot saved as screenshots/auth_dialog_20250715_091432.png\nINFO     automation:login_flow.py:34 STEP 4: Mengisi form login\nINFO     automation:base_page.py:25 Entering text &amp;#x27;nandopanjaitan003@gmail.com&amp;#x27; in element: (&amp;#x27;xpath&amp;#x27;, &amp;quot;//input[@type=&amp;#x27;email&amp;#x27;]&amp;quot;)\nINFO     automation:base_page.py:30 Text entered successfully\nINFO     automation:base_page.py:25 Entering text &amp;#x27;Twice300403&amp;#x27; in element: (&amp;#x27;xpath&amp;#x27;, &amp;quot;//input[@type=&amp;#x27;password&amp;#x27;]&amp;quot;)\nINFO     automation:base_page.py:30 Text entered successfully\nINFO     automation:base_page.py:54 Screenshot saved as screenshots/after_login_submit_20250715_091433.png\nINFO     automation:login_flow.py:41 STEP 5: Memverifikasi login berhasil dengan mengecek button create meeting\nINFO     automation:login_flow.py:45 Button create meeting ditemukan - login berhasil\nINFO     automation:login_flow.py:49 Berada di halaman dashboard\nINFO     automation:base_page.py:54 Screenshot saved as screenshots/dashboard_page_20250715_091435.png\nINFO     automation:base_page.py:15 Clicking on element: (&amp;#x27;id&amp;#x27;, &amp;#x27;createNewMeetingTrigger&amp;#x27;)\nERROR    automation:base_page.py:21 Failed to click element: Message: element click intercepted: Element &amp;lt;a class=&amp;quot;tap-highlight-transparent no-underline active:opacity-disabled transition-opacity z-0 group relative inline-flex items-center justify-center box-border appearance-none select-none whitespace-nowrap subpixel-antialiased overflow-hidden tap-highlight-transparent outline-none data-[focus-visible=true]:z-10 data-[focus-visible=true]:outline-2 data-[focus-visible=true]:outline-focus data-[focus-visible=true]:outline-offset-2 px-4 min-w-20 h-10 text-small gap-2 rounded-small w-full [&amp;amp;amp;&amp;gt;svg]:max-w-[theme(spacing.8)] data-[pressed=true]:scale-[0.97] transition-transform-colors-opacity motion-reduce:transition-none data-[hover=true]:opacity-hover bg-notulensi-primary hover:opacity-100 data-[hover=true]:opacity-100 hover:bg-notulensi-primary-400 text-white font-medium&amp;quot; id=&amp;quot;createNewMeetingTrigger&amp;quot; data-sentry-element=&amp;quot;UIButton&amp;quot; data-sentry-source-file=&amp;quot;DashboardLayout.tsx&amp;quot; tabindex=&amp;quot;0&amp;quot; role=&amp;quot;button&amp;quot; type=&amp;quot;button&amp;quot;&amp;gt;...&amp;lt;/a&amp;gt; is not clickable at point (140, 108). Other element would receive the click: &amp;lt;div class=&amp;quot;flex w-screen h-[100dvh] fixed inset-0 z-50 overflow-x-auto justify-center [--scale-enter:100%] [--scale-exit:100%] [--slide-enter:0px] [--slide-exit:80px] sm:[--scale-enter:100%] sm:[--scale-exit:103%] sm:[--slide-enter:0px] sm:[--slide-exit:0px] items-end sm:items-center&amp;quot; data-slot=&amp;quot;wrapper&amp;quot; style=&amp;quot;opacity: 1; transform: translateY(var(--slide-enter)) scale(var(--scale-enter)) translateZ(0);&amp;quot;&amp;gt;...&amp;lt;/div&amp;gt;\n  (Session info: chrome=138.0.7204.101)\nStacktrace:\n\tGetHandleVerifier [0x0xb244a3+62419]\n\tGetHandleVerifier [0x0xb244e4+62484]\n\t(No symbol) [0x0x962133]\n\t(No symbol) [0x0x9b0c40]\n\t(No symbol) [0x0x9aeffa]\n\t(No symbol) [0x0x9acb57]\n\t(No symbol) [0x0x9abe14]\n\t(No symbol) [0x0x9a05c5]\n\t(No symbol) [0x0x9cf46c]\n\t(No symbol) [0x0x9a0054]\n\t(No symbol) [0x0x9cf6e4]\n\t(No symbol) [0x0x9f087a]\n\t(No symbol) [0x0x9cf266]\n\t(No symbol) [0x0x99e852]\n\t(No symbol) [0x0x99f6f4]\n\tGetHandleVerifier [0x0xd94793+2619075]\n\tGetHandleVerifier [0x0xd8fbaa+2599642]\n\tGetHandleVerifier [0x0xb4b04a+221050]\n\tGetHandleVerifier [0x0xb3b2c8+156152]\n\tGetHandleVerifier [0x0xb41c7d+183213]\n\tGetHandleVerifier [0x0xb2c388+94904]\n\tGetHandleVerifier [0x0xb2c512+95298]\n\tGetHandleVerifier [0x0xb1766a+9626]\n\tBaseThreadInitThunk [0x0x76557ba9+25]\n\tRtlInitializeExceptionChain [0x0x776dc36b+107]\n\tRtlClearBits [0x0x776dc2ef+191]\n\nINFO     automation:base_page.py:78 No modal found to dismiss\n&#34;}], &#34;tests/test_meeting_creation.py::TestMeetingCreation::test_meeting_name_validation[Normal Name-True]&#34;: [{&#34;extras&#34;: [], &#34;result&#34;: &#34;Error&#34;, &#34;testId&#34;: &#34;tests/test_meeting_creation.py::TestMeetingCreation::test_meeting_name_validation[Normal Name-True]::setup&#34;, &#34;duration&#34;: &#34;00:00:43&#34;, &#34;resultsTableRow&#34;: [&#34;&lt;td class=\&#34;col-result\&#34;&gt;Error&lt;/td&gt;&#34;, &#34;&lt;td class=\&#34;col-testId\&#34;&gt;tests/test_meeting_creation.py::TestMeetingCreation::test_meeting_name_validation[Normal Name-True]::setup&lt;/td&gt;&#34;, &#34;&lt;td class=\&#34;col-duration\&#34;&gt;00:00:43&lt;/td&gt;&#34;, &#34;&lt;td class=\&#34;col-links\&#34;&gt;&lt;/td&gt;&#34;], &#34;log&#34;: &#34;self = &amp;lt;tests.test_meeting_creation.TestMeetingCreation object at 0x00000234B4D19520&amp;gt;, login_flow = &amp;lt;pages.login_flow.LoginFlow object at 0x00000234B533ECC0&amp;gt;\n\n    @pytest.fixture(autouse=True)\n    def setup(self, login_flow):\n        &amp;quot;&amp;quot;&amp;quot;Setup: Login and open meeting creation dialog&amp;quot;&amp;quot;&amp;quot;\n        self.login_flow = login_flow\n        self.meeting_page = MeetingCreationPage(login_flow.driver)\n        self.login_flow.execute_login_flow(\n            email=&amp;quot;nandopanjaitan003@gmail.com&amp;quot;,\n            password=&amp;quot;Twice300403&amp;quot;\n        )\n&amp;gt;       self.meeting_page.open_meeting_creation_dialog()\n\ntests\\test_meeting_creation.py:46: \n_ _ _ _ _ _ _ _ _ _ _ _ _ _ _ _ _ _ _ _ _ _ _ _ _ _ _ _ _ _ _ _ _ _ _ _ _ _ _ _ _ _ _ _ _ _ _ _ _ _ _ _ _ _ _ _ _ _ _ _ _ _ _ _ _ _ _ _ _ _ _ _ _ _ _ _ _ _ \npages\\meeting_creation_page.py:98: in open_meeting_creation_dialog\n    self.wait.until(\n_ _ _ _ _ _ _ _ _ _ _ _ _ _ _ _ _ _ _ _ _ _ _ _ _ _ _ _ _ _ _ _ _ _ _ _ _ _ _ _ _ _ _ _ _ _ _ _ _ _ _ _ _ _ _ _ _ _ _ _ _ _ _ _ _ _ _ _ _ _ _ _ _ _ _ _ _ _ \n\nself = &amp;lt;selenium.webdriver.support.wait.WebDriverWait (session=&amp;quot;803b6c408ef563f03cfbf0d1576b2a77&amp;quot;)&amp;gt;\nmethod = &amp;lt;function MeetingCreationPage.open_meeting_creation_dialog.&amp;lt;locals&amp;gt;.&amp;lt;lambda&amp;gt; at 0x00000234B5311F80&amp;gt;, message = &amp;#x27;&amp;#x27;\n\n    def until(self, method: Callable[[D], Union[Literal[False], T]], message: str = &amp;quot;&amp;quot;) -&amp;gt; T:\n        &amp;quot;&amp;quot;&amp;quot;Calls the method provided with the driver as an argument until the \\\n        return value does not evaluate to ``False``.\n    \n        :param method: callable(WebDriver)\n        :param message: optional message for :exc:`TimeoutException`\n        :returns: the result of the last call to `method`\n        :raises: :exc:`selenium.common.exceptions.TimeoutException` if timeout occurs\n        &amp;quot;&amp;quot;&amp;quot;\n        screen = None\n        stacktrace = None\n    \n        end_time = time.monotonic() + self._timeout\n        while True:\n            try:\n                value = method(self._driver)\n                if value:\n                    return value\n            except self._ignored_exceptions as exc:\n                screen = getattr(exc, &amp;quot;screen&amp;quot;, None)\n                stacktrace = getattr(exc, &amp;quot;stacktrace&amp;quot;, None)\n            time.sleep(self._poll)\n            if time.monotonic() &amp;gt; end_time:\n                break\n&amp;gt;       raise TimeoutException(message, screen, stacktrace)\nE       selenium.common.exceptions.TimeoutException: Message: \nE       Stacktrace:\nE       \tGetHandleVerifier [0x0xb244a3+62419]\nE       \tGetHandleVerifier [0x0xb244e4+62484]\nE       \t(No symbol) [0x0x962133]\nE       \t(No symbol) [0x0x9aa8fe]\nE       \t(No symbol) [0x0x9aac9b]\nE       \t(No symbol) [0x0x9f3052]\nE       \t(No symbol) [0x0x9cf4b4]\nE       \t(No symbol) [0x0x9f087a]\nE       \t(No symbol) [0x0x9cf266]\nE       \t(No symbol) [0x0x99e852]\nE       \t(No symbol) [0x0x99f6f4]\nE       \tGetHandleVerifier [0x0xd94793+2619075]\nE       \tGetHandleVerifier [0x0xd8fbaa+2599642]\nE       \tGetHandleVerifier [0x0xb4b04a+221050]\nE       \tGetHandleVerifier [0x0xb3b2c8+156152]\nE       \tGetHandleVerifier [0x0xb41c7d+183213]\nE       \tGetHandleVerifier [0x0xb2c388+94904]\nE       \tGetHandleVerifier [0x0xb2c512+95298]\nE       \tGetHandleVerifier [0x0xb1766a+9626]\nE       \tBaseThreadInitThunk [0x0x76557ba9+25]\nE       \tRtlInitializeExceptionChain [0x0x776dc36b+107]\nE       \tRtlClearBits [0x0x776dc2ef+191]\n\nC:\\Users\\LENOVO\\AppData\\Local\\Programs\\Python\\Python312\\Lib\\site-packages\\selenium\\webdriver\\support\\wait.py:105: TimeoutException\n\n------------------------------ Captured log setup ------------------------------\nINFO     automation:login_flow.py:19 STEP 1: Membuka landing page\nINFO     automation:base_page.py:54 Screenshot saved as screenshots/landing_page_20250715_091514.png\nINFO     automation:login_flow.py:24 STEP 2: Mengklik tombol Get Started\nINFO     automation:base_page.py:15 Clicking on element: (&amp;#x27;xpath&amp;#x27;, &amp;#x27;//*[@id=&amp;quot;hero&amp;quot;]/div/div[1]/div[2]/div[2]/button&amp;#x27;)\nINFO     automation:base_page.py:19 Successfully clicked the element\nINFO     automation:base_page.py:54 Screenshot saved as screenshots/after_get_started_20250715_091515.png\nINFO     automation:login_flow.py:29 STEP 3: Mengklik Register Now di auth dialog\nINFO     automation:base_page.py:15 Clicking on element: (&amp;#x27;id&amp;#x27;, &amp;#x27;registerNow&amp;#x27;)\nINFO     automation:base_page.py:19 Successfully clicked the element\nINFO     automation:base_page.py:54 Screenshot saved as screenshots/auth_dialog_20250715_091515.png\nINFO     automation:login_flow.py:34 STEP 4: Mengisi form login\nINFO     automation:base_page.py:25 Entering text &amp;#x27;nandopanjaitan003@gmail.com&amp;#x27; in element: (&amp;#x27;xpath&amp;#x27;, &amp;quot;//input[@type=&amp;#x27;email&amp;#x27;]&amp;quot;)\nINFO     automation:base_page.py:30 Text entered successfully\nINFO     automation:base_page.py:25 Entering text &amp;#x27;Twice300403&amp;#x27; in element: (&amp;#x27;xpath&amp;#x27;, &amp;quot;//input[@type=&amp;#x27;password&amp;#x27;]&amp;quot;)\nINFO     automation:base_page.py:30 Text entered successfully\nINFO     automation:base_page.py:54 Screenshot saved as screenshots/after_login_submit_20250715_091516.png\nINFO     automation:login_flow.py:41 STEP 5: Memverifikasi login berhasil dengan mengecek button create meeting\nINFO     automation:login_flow.py:45 Button create meeting ditemukan - login berhasil\nINFO     automation:login_flow.py:49 Berada di halaman dashboard\nINFO     automation:base_page.py:54 Screenshot saved as screenshots/dashboard_page_20250715_091520.png\nINFO     automation:base_page.py:15 Clicking on element: (&amp;#x27;id&amp;#x27;, &amp;#x27;createNewMeetingTrigger&amp;#x27;)\nERROR    automation:base_page.py:21 Failed to click element: Message: element click intercepted: Element &amp;lt;a class=&amp;quot;tap-highlight-transparent no-underline active:opacity-disabled transition-opacity z-0 group relative inline-flex items-center justify-center box-border appearance-none select-none whitespace-nowrap subpixel-antialiased overflow-hidden tap-highlight-transparent outline-none data-[focus-visible=true]:z-10 data-[focus-visible=true]:outline-2 data-[focus-visible=true]:outline-focus data-[focus-visible=true]:outline-offset-2 px-4 min-w-20 h-10 text-small gap-2 rounded-small w-full [&amp;amp;amp;&amp;gt;svg]:max-w-[theme(spacing.8)] data-[pressed=true]:scale-[0.97] transition-transform-colors-opacity motion-reduce:transition-none data-[hover=true]:opacity-hover bg-notulensi-primary hover:opacity-100 data-[hover=true]:opacity-100 hover:bg-notulensi-primary-400 text-white font-medium&amp;quot; id=&amp;quot;createNewMeetingTrigger&amp;quot; data-sentry-element=&amp;quot;UIButton&amp;quot; data-sentry-source-file=&amp;quot;DashboardLayout.tsx&amp;quot; tabindex=&amp;quot;0&amp;quot; role=&amp;quot;button&amp;quot; type=&amp;quot;button&amp;quot;&amp;gt;...&amp;lt;/a&amp;gt; is not clickable at point (140, 108). Other element would receive the click: &amp;lt;div class=&amp;quot;flex w-screen h-[100dvh] fixed inset-0 z-50 overflow-x-auto justify-center [--scale-enter:100%] [--scale-exit:100%] [--slide-enter:0px] [--slide-exit:80px] sm:[--scale-enter:100%] sm:[--scale-exit:103%] sm:[--slide-enter:0px] sm:[--slide-exit:0px] items-end sm:items-center&amp;quot; data-slot=&amp;quot;wrapper&amp;quot; style=&amp;quot;opacity: 1; transform: translateY(var(--slide-enter)) scale(var(--scale-enter)) translateZ(0);&amp;quot;&amp;gt;...&amp;lt;/div&amp;gt;\n  (Session info: chrome=138.0.7204.101)\nStacktrace:\n\tGetHandleVerifier [0x0xb244a3+62419]\n\tGetHandleVerifier [0x0xb244e4+62484]\n\t(No symbol) [0x0x962133]\n\t(No symbol) [0x0x9b0c40]\n\t(No symbol) [0x0x9aeffa]\n\t(No symbol) [0x0x9acb57]\n\t(No symbol) [0x0x9abe14]\n\t(No symbol) [0x0x9a05c5]\n\t(No symbol) [0x0x9cf46c]\n\t(No symbol) [0x0x9a0054]\n\t(No symbol) [0x0x9cf6e4]\n\t(No symbol) [0x0x9f087a]\n\t(No symbol) [0x0x9cf266]\n\t(No symbol) [0x0x99e852]\n\t(No symbol) [0x0x99f6f4]\n\tGetHandleVerifier [0x0xd94793+2619075]\n\tGetHandleVerifier [0x0xd8fbaa+2599642]\n\tGetHandleVerifier [0x0xb4b04a+221050]\n\tGetHandleVerifier [0x0xb3b2c8+156152]\n\tGetHandleVerifier [0x0xb41c7d+183213]\n\tGetHandleVerifier [0x0xb2c388+94904]\n\tGetHandleVerifier [0x0xb2c512+95298]\n\tGetHandleVerifier [0x0xb1766a+9626]\n\tBaseThreadInitThunk [0x0x76557ba9+25]\n\tRtlInitializeExceptionChain [0x0x776dc36b+107]\n\tRtlClearBits [0x0x776dc2ef+191]\n\nINFO     automation:base_page.py:78 No modal found to dismiss\n&#34;}], &#34;tests/test_meeting_creation.py::TestMeetingCreation::test_meeting_name_validation[A-True]&#34;: [{&#34;extras&#34;: [], &#34;result&#34;: &#34;Error&#34;, &#34;testId&#34;: &#34;tests/test_meeting_creation.py::TestMeetingCreation::test_meeting_name_validation[A-True]::setup&#34;, &#34;duration&#34;: &#34;00:00:37&#34;, &#34;resultsTableRow&#34;: [&#34;&lt;td class=\&#34;col-result\&#34;&gt;Error&lt;/td&gt;&#34;, &#34;&lt;td class=\&#34;col-testId\&#34;&gt;tests/test_meeting_creation.py::TestMeetingCreation::test_meeting_name_validation[A-True]::setup&lt;/td&gt;&#34;, &#34;&lt;td class=\&#34;col-duration\&#34;&gt;00:00:37&lt;/td&gt;&#34;, &#34;&lt;td class=\&#34;col-links\&#34;&gt;&lt;/td&gt;&#34;], &#34;log&#34;: &#34;self = &amp;lt;tests.test_meeting_creation.TestMeetingCreation object at 0x00000234B4D19670&amp;gt;, login_flow = &amp;lt;pages.login_flow.LoginFlow object at 0x00000234B533DE50&amp;gt;\n\n    @pytest.fixture(autouse=True)\n    def setup(self, login_flow):\n        &amp;quot;&amp;quot;&amp;quot;Setup: Login and open meeting creation dialog&amp;quot;&amp;quot;&amp;quot;\n        self.login_flow = login_flow\n        self.meeting_page = MeetingCreationPage(login_flow.driver)\n        self.login_flow.execute_login_flow(\n            email=&amp;quot;nandopanjaitan003@gmail.com&amp;quot;,\n            password=&amp;quot;Twice300403&amp;quot;\n        )\n&amp;gt;       self.meeting_page.open_meeting_creation_dialog()\n\ntests\\test_meeting_creation.py:46: \n_ _ _ _ _ _ _ _ _ _ _ _ _ _ _ _ _ _ _ _ _ _ _ _ _ _ _ _ _ _ _ _ _ _ _ _ _ _ _ _ _ _ _ _ _ _ _ _ _ _ _ _ _ _ _ _ _ _ _ _ _ _ _ _ _ _ _ _ _ _ _ _ _ _ _ _ _ _ \npages\\meeting_creation_page.py:98: in open_meeting_creation_dialog\n    self.wait.until(\n_ _ _ _ _ _ _ _ _ _ _ _ _ _ _ _ _ _ _ _ _ _ _ _ _ _ _ _ _ _ _ _ _ _ _ _ _ _ _ _ _ _ _ _ _ _ _ _ _ _ _ _ _ _ _ _ _ _ _ _ _ _ _ _ _ _ _ _ _ _ _ _ _ _ _ _ _ _ \n\nself = &amp;lt;selenium.webdriver.support.wait.WebDriverWait (session=&amp;quot;0980e483690f1e04baf4e3289b47e64e&amp;quot;)&amp;gt;\nmethod = &amp;lt;function MeetingCreationPage.open_meeting_creation_dialog.&amp;lt;locals&amp;gt;.&amp;lt;lambda&amp;gt; at 0x00000234B5312CA0&amp;gt;, message = &amp;#x27;&amp;#x27;\n\n    def until(self, method: Callable[[D], Union[Literal[False], T]], message: str = &amp;quot;&amp;quot;) -&amp;gt; T:\n        &amp;quot;&amp;quot;&amp;quot;Calls the method provided with the driver as an argument until the \\\n        return value does not evaluate to ``False``.\n    \n        :param method: callable(WebDriver)\n        :param message: optional message for :exc:`TimeoutException`\n        :returns: the result of the last call to `method`\n        :raises: :exc:`selenium.common.exceptions.TimeoutException` if timeout occurs\n        &amp;quot;&amp;quot;&amp;quot;\n        screen = None\n        stacktrace = None\n    \n        end_time = time.monotonic() + self._timeout\n        while True:\n            try:\n                value = method(self._driver)\n                if value:\n                    return value\n            except self._ignored_exceptions as exc:\n                screen = getattr(exc, &amp;quot;screen&amp;quot;, None)\n                stacktrace = getattr(exc, &amp;quot;stacktrace&amp;quot;, None)\n            time.sleep(self._poll)\n            if time.monotonic() &amp;gt; end_time:\n                break\n&amp;gt;       raise TimeoutException(message, screen, stacktrace)\nE       selenium.common.exceptions.TimeoutException: Message: \nE       Stacktrace:\nE       \tGetHandleVerifier [0x0xb244a3+62419]\nE       \tGetHandleVerifier [0x0xb244e4+62484]\nE       \t(No symbol) [0x0x962133]\nE       \t(No symbol) [0x0x9aa8fe]\nE       \t(No symbol) [0x0x9aac9b]\nE       \t(No symbol) [0x0x9f3052]\nE       \t(No symbol) [0x0x9cf4b4]\nE       \t(No symbol) [0x0x9f087a]\nE       \t(No symbol) [0x0x9cf266]\nE       \t(No symbol) [0x0x99e852]\nE       \t(No symbol) [0x0x99f6f4]\nE       \tGetHandleVerifier [0x0xd94793+2619075]\nE       \tGetHandleVerifier [0x0xd8fbaa+2599642]\nE       \tGetHandleVerifier [0x0xb4b04a+221050]\nE       \tGetHandleVerifier [0x0xb3b2c8+156152]\nE       \tGetHandleVerifier [0x0xb41c7d+183213]\nE       \tGetHandleVerifier [0x0xb2c388+94904]\nE       \tGetHandleVerifier [0x0xb2c512+95298]\nE       \tGetHandleVerifier [0x0xb1766a+9626]\nE       \tBaseThreadInitThunk [0x0x76557ba9+25]\nE       \tRtlInitializeExceptionChain [0x0x776dc36b+107]\nE       \tRtlClearBits [0x0x776dc2ef+191]\n\nC:\\Users\\LENOVO\\AppData\\Local\\Programs\\Python\\Python312\\Lib\\site-packages\\selenium\\webdriver\\support\\wait.py:105: TimeoutException\n\n------------------------------ Captured log setup ------------------------------\nINFO     automation:login_flow.py:19 STEP 1: Membuka landing page\nINFO     automation:base_page.py:54 Screenshot saved as screenshots/landing_page_20250715_091556.png\nINFO     automation:login_flow.py:24 STEP 2: Mengklik tombol Get Started\nINFO     automation:base_page.py:15 Clicking on element: (&amp;#x27;xpath&amp;#x27;, &amp;#x27;//*[@id=&amp;quot;hero&amp;quot;]/div/div[1]/div[2]/div[2]/button&amp;#x27;)\nINFO     automation:base_page.py:19 Successfully clicked the element\nINFO     automation:base_page.py:54 Screenshot saved as screenshots/after_get_started_20250715_091556.png\nINFO     automation:login_flow.py:29 STEP 3: Mengklik Register Now di auth dialog\nINFO     automation:base_page.py:15 Clicking on element: (&amp;#x27;id&amp;#x27;, &amp;#x27;registerNow&amp;#x27;)\nINFO     automation:base_page.py:19 Successfully clicked the element\nINFO     automation:base_page.py:54 Screenshot saved as screenshots/auth_dialog_20250715_091557.png\nINFO     automation:login_flow.py:34 STEP 4: Mengisi form login\nINFO     automation:base_page.py:25 Entering text &amp;#x27;nandopanjaitan003@gmail.com&amp;#x27; in element: (&amp;#x27;xpath&amp;#x27;, &amp;quot;//input[@type=&amp;#x27;email&amp;#x27;]&amp;quot;)\nINFO     automation:base_page.py:30 Text entered successfully\nINFO     automation:base_page.py:25 Entering text &amp;#x27;Twice300403&amp;#x27; in element: (&amp;#x27;xpath&amp;#x27;, &amp;quot;//input[@type=&amp;#x27;password&amp;#x27;]&amp;quot;)\nINFO     automation:base_page.py:30 Text entered successfully\nINFO     automation:base_page.py:54 Screenshot saved as screenshots/after_login_submit_20250715_091558.png\nINFO     automation:login_flow.py:41 STEP 5: Memverifikasi login berhasil dengan mengecek button create meeting\nINFO     automation:login_flow.py:45 Button create meeting ditemukan - login berhasil\nINFO     automation:login_flow.py:49 Berada di halaman dashboard\nINFO     automation:base_page.py:54 Screenshot saved as screenshots/dashboard_page_20250715_091559.png\nINFO     automation:base_page.py:15 Clicking on element: (&amp;#x27;id&amp;#x27;, &amp;#x27;createNewMeetingTrigger&amp;#x27;)\nERROR    automation:base_page.py:21 Failed to click element: Message: element click intercepted: Element &amp;lt;a class=&amp;quot;tap-highlight-transparent no-underline active:opacity-disabled transition-opacity z-0 group relative inline-flex items-center justify-center box-border appearance-none select-none whitespace-nowrap subpixel-antialiased overflow-hidden tap-highlight-transparent outline-none data-[focus-visible=true]:z-10 data-[focus-visible=true]:outline-2 data-[focus-visible=true]:outline-focus data-[focus-visible=true]:outline-offset-2 px-4 min-w-20 h-10 text-small gap-2 rounded-small w-full [&amp;amp;amp;&amp;gt;svg]:max-w-[theme(spacing.8)] data-[pressed=true]:scale-[0.97] transition-transform-colors-opacity motion-reduce:transition-none data-[hover=true]:opacity-hover bg-notulensi-primary hover:opacity-100 data-[hover=true]:opacity-100 hover:bg-notulensi-primary-400 text-white font-medium&amp;quot; id=&amp;quot;createNewMeetingTrigger&amp;quot; data-sentry-element=&amp;quot;UIButton&amp;quot; data-sentry-source-file=&amp;quot;DashboardLayout.tsx&amp;quot; tabindex=&amp;quot;0&amp;quot; role=&amp;quot;button&amp;quot; type=&amp;quot;button&amp;quot;&amp;gt;...&amp;lt;/a&amp;gt; is not clickable at point (140, 108). Other element would receive the click: &amp;lt;div class=&amp;quot;flex w-screen h-[100dvh] fixed inset-0 z-50 overflow-x-auto justify-center [--scale-enter:100%] [--scale-exit:100%] [--slide-enter:0px] [--slide-exit:80px] sm:[--scale-enter:100%] sm:[--scale-exit:103%] sm:[--slide-enter:0px] sm:[--slide-exit:0px] items-end sm:items-center&amp;quot; data-slot=&amp;quot;wrapper&amp;quot; style=&amp;quot;opacity: 1; transform: translateY(var(--slide-enter)) scale(var(--scale-enter)) translateZ(0);&amp;quot;&amp;gt;...&amp;lt;/div&amp;gt;\n  (Session info: chrome=138.0.7204.101)\nStacktrace:\n\tGetHandleVerifier [0x0xb244a3+62419]\n\tGetHandleVerifier [0x0xb244e4+62484]\n\t(No symbol) [0x0x962133]\n\t(No symbol) [0x0x9b0c40]\n\t(No symbol) [0x0x9aeffa]\n\t(No symbol) [0x0x9acb57]\n\t(No symbol) [0x0x9abe14]\n\t(No symbol) [0x0x9a05c5]\n\t(No symbol) [0x0x9cf46c]\n\t(No symbol) [0x0x9a0054]\n\t(No symbol) [0x0x9cf6e4]\n\t(No symbol) [0x0x9f087a]\n\t(No symbol) [0x0x9cf266]\n\t(No symbol) [0x0x99e852]\n\t(No symbol) [0x0x99f6f4]\n\tGetHandleVerifier [0x0xd94793+2619075]\n\tGetHandleVerifier [0x0xd8fbaa+2599642]\n\tGetHandleVerifier [0x0xb4b04a+221050]\n\tGetHandleVerifier [0x0xb3b2c8+156152]\n\tGetHandleVerifier [0x0xb41c7d+183213]\n\tGetHandleVerifier [0x0xb2c388+94904]\n\tGetHandleVerifier [0x0xb2c512+95298]\n\tGetHandleVerifier [0x0xb1766a+9626]\n\tBaseThreadInitThunk [0x0x76557ba9+25]\n\tRtlInitializeExceptionChain [0x0x776dc36b+107]\n\tRtlClearBits [0x0x776dc2ef+191]\n\nINFO     automation:base_page.py:78 No modal found to dismiss\n&#34;}], &#34;tests/test_meeting_creation.py::TestMeetingCreation::test_meeting_name_validation[-True]&#34;: [{&#34;extras&#34;: [], &#34;result&#34;: &#34;Error&#34;, &#34;testId&#34;: &#34;tests/test_meeting_creation.py::TestMeetingCreation::test_meeting_name_validation[-True]::setup&#34;, &#34;duration&#34;: &#34;00:00:36&#34;, &#34;resultsTableRow&#34;: [&#34;&lt;td class=\&#34;col-result\&#34;&gt;Error&lt;/td&gt;&#34;, &#34;&lt;td class=\&#34;col-testId\&#34;&gt;tests/test_meeting_creation.py::TestMeetingCreation::test_meeting_name_validation[-True]::setup&lt;/td&gt;&#34;, &#34;&lt;td class=\&#34;col-duration\&#34;&gt;00:00:36&lt;/td&gt;&#34;, &#34;&lt;td class=\&#34;col-links\&#34;&gt;&lt;/td&gt;&#34;], &#34;log&#34;: &#34;self = &amp;lt;tests.test_meeting_creation.TestMeetingCreation object at 0x00000234B4D19820&amp;gt;, login_flow = &amp;lt;pages.login_flow.LoginFlow object at 0x00000234B533F890&amp;gt;\n\n    @pytest.fixture(autouse=True)\n    def setup(self, login_flow):\n        &amp;quot;&amp;quot;&amp;quot;Setup: Login and open meeting creation dialog&amp;quot;&amp;quot;&amp;quot;\n        self.login_flow = login_flow\n        self.meeting_page = MeetingCreationPage(login_flow.driver)\n        self.login_flow.execute_login_flow(\n            email=&amp;quot;nandopanjaitan003@gmail.com&amp;quot;,\n            password=&amp;quot;Twice300403&amp;quot;\n        )\n&amp;gt;       self.meeting_page.open_meeting_creation_dialog()\n\ntests\\test_meeting_creation.py:46: \n_ _ _ _ _ _ _ _ _ _ _ _ _ _ _ _ _ _ _ _ _ _ _ _ _ _ _ _ _ _ _ _ _ _ _ _ _ _ _ _ _ _ _ _ _ _ _ _ _ _ _ _ _ _ _ _ _ _ _ _ _ _ _ _ _ _ _ _ _ _ _ _ _ _ _ _ _ _ \npages\\meeting_creation_page.py:98: in open_meeting_creation_dialog\n    self.wait.until(\n_ _ _ _ _ _ _ _ _ _ _ _ _ _ _ _ _ _ _ _ _ _ _ _ _ _ _ _ _ _ _ _ _ _ _ _ _ _ _ _ _ _ _ _ _ _ _ _ _ _ _ _ _ _ _ _ _ _ _ _ _ _ _ _ _ _ _ _ _ _ _ _ _ _ _ _ _ _ \n\nself = &amp;lt;selenium.webdriver.support.wait.WebDriverWait (session=&amp;quot;fccd2f362915ce78ac754c983beacd1f&amp;quot;)&amp;gt;\nmethod = &amp;lt;function MeetingCreationPage.open_meeting_creation_dialog.&amp;lt;locals&amp;gt;.&amp;lt;lambda&amp;gt; at 0x00000234B5311B20&amp;gt;, message = &amp;#x27;&amp;#x27;\n\n    def until(self, method: Callable[[D], Union[Literal[False], T]], message: str = &amp;quot;&amp;quot;) -&amp;gt; T:\n        &amp;quot;&amp;quot;&amp;quot;Calls the method provided with the driver as an argument until the \\\n        return value does not evaluate to ``False``.\n    \n        :param method: callable(WebDriver)\n        :param message: optional message for :exc:`TimeoutException`\n        :returns: the result of the last call to `method`\n        :raises: :exc:`selenium.common.exceptions.TimeoutException` if timeout occurs\n        &amp;quot;&amp;quot;&amp;quot;\n        screen = None\n        stacktrace = None\n    \n        end_time = time.monotonic() + self._timeout\n        while True:\n            try:\n                value = method(self._driver)\n                if value:\n                    return value\n            except self._ignored_exceptions as exc:\n                screen = getattr(exc, &amp;quot;screen&amp;quot;, None)\n                stacktrace = getattr(exc, &amp;quot;stacktrace&amp;quot;, None)\n            time.sleep(self._poll)\n            if time.monotonic() &amp;gt; end_time:\n                break\n&amp;gt;       raise TimeoutException(message, screen, stacktrace)\nE       selenium.common.exceptions.TimeoutException: Message: \nE       Stacktrace:\nE       \tGetHandleVerifier [0x0xb244a3+62419]\nE       \tGetHandleVerifier [0x0xb244e4+62484]\nE       \t(No symbol) [0x0x962133]\nE       \t(No symbol) [0x0x9aa8fe]\nE       \t(No symbol) [0x0x9aac9b]\nE       \t(No symbol) [0x0x9f3052]\nE       \t(No symbol) [0x0x9cf4b4]\nE       \t(No symbol) [0x0x9f087a]\nE       \t(No symbol) [0x0x9cf266]\nE       \t(No symbol) [0x0x99e852]\nE       \t(No symbol) [0x0x99f6f4]\nE       \tGetHandleVerifier [0x0xd94793+2619075]\nE       \tGetHandleVerifier [0x0xd8fbaa+2599642]\nE       \tGetHandleVerifier [0x0xb4b04a+221050]\nE       \tGetHandleVerifier [0x0xb3b2c8+156152]\nE       \tGetHandleVerifier [0x0xb41c7d+183213]\nE       \tGetHandleVerifier [0x0xb2c388+94904]\nE       \tGetHandleVerifier [0x0xb2c512+95298]\nE       \tGetHandleVerifier [0x0xb1766a+9626]\nE       \tBaseThreadInitThunk [0x0x76557ba9+25]\nE       \tRtlInitializeExceptionChain [0x0x776dc36b+107]\nE       \tRtlClearBits [0x0x776dc2ef+191]\n\nC:\\Users\\LENOVO\\AppData\\Local\\Programs\\Python\\Python312\\Lib\\site-packages\\selenium\\webdriver\\support\\wait.py:105: TimeoutException\n\n------------------------------ Captured log setup ------------------------------\nINFO     automation:login_flow.py:19 STEP 1: Membuka landing page\nINFO     automation:base_page.py:54 Screenshot saved as screenshots/landing_page_20250715_091634.png\nINFO     automation:login_flow.py:24 STEP 2: Mengklik tombol Get Started\nINFO     automation:base_page.py:15 Clicking on element: (&amp;#x27;xpath&amp;#x27;, &amp;#x27;//*[@id=&amp;quot;hero&amp;quot;]/div/div[1]/div[2]/div[2]/button&amp;#x27;)\nINFO     automation:base_page.py:19 Successfully clicked the element\nINFO     automation:base_page.py:54 Screenshot saved as screenshots/after_get_started_20250715_091634.png\nINFO     automation:login_flow.py:29 STEP 3: Mengklik Register Now di auth dialog\nINFO     automation:base_page.py:15 Clicking on element: (&amp;#x27;id&amp;#x27;, &amp;#x27;registerNow&amp;#x27;)\nINFO     automation:base_page.py:19 Successfully clicked the element\nINFO     automation:base_page.py:54 Screenshot saved as screenshots/auth_dialog_20250715_091635.png\nINFO     automation:login_flow.py:34 STEP 4: Mengisi form login\nINFO     automation:base_page.py:25 Entering text &amp;#x27;nandopanjaitan003@gmail.com&amp;#x27; in element: (&amp;#x27;xpath&amp;#x27;, &amp;quot;//input[@type=&amp;#x27;email&amp;#x27;]&amp;quot;)\nINFO     automation:base_page.py:30 Text entered successfully\nINFO     automation:base_page.py:25 Entering text &amp;#x27;Twice300403&amp;#x27; in element: (&amp;#x27;xpath&amp;#x27;, &amp;quot;//input[@type=&amp;#x27;password&amp;#x27;]&amp;quot;)\nINFO     automation:base_page.py:30 Text entered successfully\nINFO     automation:base_page.py:54 Screenshot saved as screenshots/after_login_submit_20250715_091636.png\nINFO     automation:login_flow.py:41 STEP 5: Memverifikasi login berhasil dengan mengecek button create meeting\nINFO     automation:login_flow.py:45 Button create meeting ditemukan - login berhasil\nINFO     automation:login_flow.py:49 Berada di halaman dashboard\nINFO     automation:base_page.py:54 Screenshot saved as screenshots/dashboard_page_20250715_091638.png\nINFO     automation:base_page.py:15 Clicking on element: (&amp;#x27;id&amp;#x27;, &amp;#x27;createNewMeetingTrigger&amp;#x27;)\nERROR    automation:base_page.py:21 Failed to click element: Message: element click intercepted: Element &amp;lt;a class=&amp;quot;tap-highlight-transparent no-underline active:opacity-disabled transition-opacity z-0 group relative inline-flex items-center justify-center box-border appearance-none select-none whitespace-nowrap subpixel-antialiased overflow-hidden tap-highlight-transparent outline-none data-[focus-visible=true]:z-10 data-[focus-visible=true]:outline-2 data-[focus-visible=true]:outline-focus data-[focus-visible=true]:outline-offset-2 px-4 min-w-20 h-10 text-small gap-2 rounded-small w-full [&amp;amp;amp;&amp;gt;svg]:max-w-[theme(spacing.8)] data-[pressed=true]:scale-[0.97] transition-transform-colors-opacity motion-reduce:transition-none data-[hover=true]:opacity-hover bg-notulensi-primary hover:opacity-100 data-[hover=true]:opacity-100 hover:bg-notulensi-primary-400 text-white font-medium&amp;quot; id=&amp;quot;createNewMeetingTrigger&amp;quot; data-sentry-element=&amp;quot;UIButton&amp;quot; data-sentry-source-file=&amp;quot;DashboardLayout.tsx&amp;quot; tabindex=&amp;quot;0&amp;quot; role=&amp;quot;button&amp;quot; type=&amp;quot;button&amp;quot;&amp;gt;...&amp;lt;/a&amp;gt; is not clickable at point (140, 108). Other element would receive the click: &amp;lt;div class=&amp;quot;flex w-screen h-[100dvh] fixed inset-0 z-50 overflow-x-auto justify-center [--scale-enter:100%] [--scale-exit:100%] [--slide-enter:0px] [--slide-exit:80px] sm:[--scale-enter:100%] sm:[--scale-exit:103%] sm:[--slide-enter:0px] sm:[--slide-exit:0px] items-end sm:items-center&amp;quot; data-slot=&amp;quot;wrapper&amp;quot; style=&amp;quot;opacity: 1; transform: translateY(var(--slide-enter)) scale(var(--scale-enter)) translateZ(0);&amp;quot;&amp;gt;...&amp;lt;/div&amp;gt;\n  (Session info: chrome=138.0.7204.101)\nStacktrace:\n\tGetHandleVerifier [0x0xb244a3+62419]\n\tGetHandleVerifier [0x0xb244e4+62484]\n\t(No symbol) [0x0x962133]\n\t(No symbol) [0x0x9b0c40]\n\t(No symbol) [0x0x9aeffa]\n\t(No symbol) [0x0x9acb57]\n\t(No symbol) [0x0x9abe14]\n\t(No symbol) [0x0x9a05c5]\n\t(No symbol) [0x0x9cf46c]\n\t(No symbol) [0x0x9a0054]\n\t(No symbol) [0x0x9cf6e4]\n\t(No symbol) [0x0x9f087a]\n\t(No symbol) [0x0x9cf266]\n\t(No symbol) [0x0x99e852]\n\t(No symbol) [0x0x99f6f4]\n\tGetHandleVerifier [0x0xd94793+2619075]\n\tGetHandleVerifier [0x0xd8fbaa+2599642]\n\tGetHandleVerifier [0x0xb4b04a+221050]\n\tGetHandleVerifier [0x0xb3b2c8+156152]\n\tGetHandleVerifier [0x0xb41c7d+183213]\n\tGetHandleVerifier [0x0xb2c388+94904]\n\tGetHandleVerifier [0x0xb2c512+95298]\n\tGetHandleVerifier [0x0xb1766a+9626]\n\tBaseThreadInitThunk [0x0x76557ba9+25]\n\tRtlInitializeExceptionChain [0x0x776dc36b+107]\n\tRtlClearBits [0x0x776dc2ef+191]\n\nINFO     automation:base_page.py:78 No modal found to dismiss\n&#34;}], &#34;tests/test_meeting_creation.py::TestMeetingCreation::test_meeting_name_validation[AAAAAAAAAAAAAAAAAAAAAAAAAAAAAAAAAAAAAAAAAAAAAAAAAAAAAAAAAAAAAAAAAAAAAAAAAAAAAAAAAAAAAAAAAAAAAAAAAAAAAAAAAAAAAAAAAAAAAAAAAAAAAAAAAAAAAAAAAAAAAAAAAAAAAAAAAAAAAAAAAAAAAAAAAAAAAAAAAAAAAAAAAAAAAAAAAAAAAAAAAAAAAAAAAAAAAAAAAAAAAAAAAAAAAAAAAAAAAAAAAAAAAAAAAAAAAAA-True]&#34;: [{&#34;extras&#34;: [], &#34;result&#34;: &#34;Error&#34;, &#34;testId&#34;: &#34;tests/test_meeting_creation.py::TestMeetingCreation::test_meeting_name_validation[AAAAAAAAAAAAAAAAAAAAAAAAAAAAAAAAAAAAAAAAAAAAAAAAAAAAAAAAAAAAAAAAAAAAAAAAAAAAAAAAAAAAAAAAAAAAAAAAAAAAAAAAAAAAAAAAAAAAAAAAAAAAAAAAAAAAAAAAAAAAAAAAAAAAAAAAAAAAAAAAAAAAAAAAAAAAAAAAAAAAAAAAAAAAAAAAAAAAAAAAAAAAAAAAAAAAAAAAAAAAAAAAAAAAAAAAAAAAAAAAAAAAAAAAAAAAAAA-True]::setup&#34;, &#34;duration&#34;: &#34;00:00:44&#34;, &#34;resultsTableRow&#34;: [&#34;&lt;td class=\&#34;col-result\&#34;&gt;Error&lt;/td&gt;&#34;, &#34;&lt;td class=\&#34;col-testId\&#34;&gt;tests/test_meeting_creation.py::TestMeetingCreation::test_meeting_name_validation[AAAAAAAAAAAAAAAAAAAAAAAAAAAAAAAAAAAAAAAAAAAAAAAAAAAAAAAAAAAAAAAAAAAAAAAAAAAAAAAAAAAAAAAAAAAAAAAAAAAAAAAAAAAAAAAAAAAAAAAAAAAAAAAAAAAAAAAAAAAAAAAAAAAAAAAAAAAAAAAAAAAAAAAAAAAAAAAAAAAAAAAAAAAAAAAAAAAAAAAAAAAAAAAAAAAAAAAAAAAAAAAAAAAAAAAAAAAAAAAAAAAAAAAAAAAAAAA-True]::setup&lt;/td&gt;&#34;, &#34;&lt;td class=\&#34;col-duration\&#34;&gt;00:00:44&lt;/td&gt;&#34;, &#34;&lt;td class=\&#34;col-links\&#34;&gt;&lt;/td&gt;&#34;], &#34;log&#34;: &#34;self = &amp;lt;tests.test_meeting_creation.TestMeetingCreation object at 0x00000234B4D198B0&amp;gt;, login_flow = &amp;lt;pages.login_flow.LoginFlow object at 0x00000234B4D622A0&amp;gt;\n\n    @pytest.fixture(autouse=True)\n    def setup(self, login_flow):\n        &amp;quot;&amp;quot;&amp;quot;Setup: Login and open meeting creation dialog&amp;quot;&amp;quot;&amp;quot;\n        self.login_flow = login_flow\n        self.meeting_page = MeetingCreationPage(login_flow.driver)\n        self.login_flow.execute_login_flow(\n            email=&amp;quot;nandopanjaitan003@gmail.com&amp;quot;,\n            password=&amp;quot;Twice300403&amp;quot;\n        )\n&amp;gt;       self.meeting_page.open_meeting_creation_dialog()\n\ntests\\test_meeting_creation.py:46: \n_ _ _ _ _ _ _ _ _ _ _ _ _ _ _ _ _ _ _ _ _ _ _ _ _ _ _ _ _ _ _ _ _ _ _ _ _ _ _ _ _ _ _ _ _ _ _ _ _ _ _ _ _ _ _ _ _ _ _ _ _ _ _ _ _ _ _ _ _ _ _ _ _ _ _ _ _ _ \npages\\meeting_creation_page.py:98: in open_meeting_creation_dialog\n    self.wait.until(\n_ _ _ _ _ _ _ _ _ _ _ _ _ _ _ _ _ _ _ _ _ _ _ _ _ _ _ _ _ _ _ _ _ _ _ _ _ _ _ _ _ _ _ _ _ _ _ _ _ _ _ _ _ _ _ _ _ _ _ _ _ _ _ _ _ _ _ _ _ _ _ _ _ _ _ _ _ _ \n\nself = &amp;lt;selenium.webdriver.support.wait.WebDriverWait (session=&amp;quot;fa80fe0748a3d8e5f5f3227b641bc5ee&amp;quot;)&amp;gt;\nmethod = &amp;lt;function MeetingCreationPage.open_meeting_creation_dialog.&amp;lt;locals&amp;gt;.&amp;lt;lambda&amp;gt; at 0x00000234B5313A60&amp;gt;, message = &amp;#x27;&amp;#x27;\n\n    def until(self, method: Callable[[D], Union[Literal[False], T]], message: str = &amp;quot;&amp;quot;) -&amp;gt; T:\n        &amp;quot;&amp;quot;&amp;quot;Calls the method provided with the driver as an argument until the \\\n        return value does not evaluate to ``False``.\n    \n        :param method: callable(WebDriver)\n        :param message: optional message for :exc:`TimeoutException`\n        :returns: the result of the last call to `method`\n        :raises: :exc:`selenium.common.exceptions.TimeoutException` if timeout occurs\n        &amp;quot;&amp;quot;&amp;quot;\n        screen = None\n        stacktrace = None\n    \n        end_time = time.monotonic() + self._timeout\n        while True:\n            try:\n                value = method(self._driver)\n                if value:\n                    return value\n            except self._ignored_exceptions as exc:\n                screen = getattr(exc, &amp;quot;screen&amp;quot;, None)\n                stacktrace = getattr(exc, &amp;quot;stacktrace&amp;quot;, None)\n            time.sleep(self._poll)\n            if time.monotonic() &amp;gt; end_time:\n                break\n&amp;gt;       raise TimeoutException(message, screen, stacktrace)\nE       selenium.common.exceptions.TimeoutException: Message: \nE       Stacktrace:\nE       \tGetHandleVerifier [0x0xb244a3+62419]\nE       \tGetHandleVerifier [0x0xb244e4+62484]\nE       \t(No symbol) [0x0x962133]\nE       \t(No symbol) [0x0x9aa8fe]\nE       \t(No symbol) [0x0x9aac9b]\nE       \t(No symbol) [0x0x9f3052]\nE       \t(No symbol) [0x0x9cf4b4]\nE       \t(No symbol) [0x0x9f087a]\nE       \t(No symbol) [0x0x9cf266]\nE       \t(No symbol) [0x0x99e852]\nE       \t(No symbol) [0x0x99f6f4]\nE       \tGetHandleVerifier [0x0xd94793+2619075]\nE       \tGetHandleVerifier [0x0xd8fbaa+2599642]\nE       \tGetHandleVerifier [0x0xb4b04a+221050]\nE       \tGetHandleVerifier [0x0xb3b2c8+156152]\nE       \tGetHandleVerifier [0x0xb41c7d+183213]\nE       \tGetHandleVerifier [0x0xb2c388+94904]\nE       \tGetHandleVerifier [0x0xb2c512+95298]\nE       \tGetHandleVerifier [0x0xb1766a+9626]\nE       \tBaseThreadInitThunk [0x0x76557ba9+25]\nE       \tRtlInitializeExceptionChain [0x0x776dc36b+107]\nE       \tRtlClearBits [0x0x776dc2ef+191]\n\nC:\\Users\\LENOVO\\AppData\\Local\\Programs\\Python\\Python312\\Lib\\site-packages\\selenium\\webdriver\\support\\wait.py:105: TimeoutException\n\n------------------------------ Captured log setup ------------------------------\nINFO     automation:login_flow.py:19 STEP 1: Membuka landing page\nINFO     automation:base_page.py:54 Screenshot saved as screenshots/landing_page_20250715_091718.png\nINFO     automation:login_flow.py:24 STEP 2: Mengklik tombol Get Started\nINFO     automation:base_page.py:15 Clicking on element: (&amp;#x27;xpath&amp;#x27;, &amp;#x27;//*[@id=&amp;quot;hero&amp;quot;]/div/div[1]/div[2]/div[2]/button&amp;#x27;)\nINFO     automation:base_page.py:19 Successfully clicked the element\nINFO     automation:base_page.py:54 Screenshot saved as screenshots/after_get_started_20250715_091718.png\nINFO     automation:login_flow.py:29 STEP 3: Mengklik Register Now di auth dialog\nINFO     automation:base_page.py:15 Clicking on element: (&amp;#x27;id&amp;#x27;, &amp;#x27;registerNow&amp;#x27;)\nINFO     automation:base_page.py:19 Successfully clicked the element\nINFO     automation:base_page.py:54 Screenshot saved as screenshots/auth_dialog_20250715_091719.png\nINFO     automation:login_flow.py:34 STEP 4: Mengisi form login\nINFO     automation:base_page.py:25 Entering text &amp;#x27;nandopanjaitan003@gmail.com&amp;#x27; in element: (&amp;#x27;xpath&amp;#x27;, &amp;quot;//input[@type=&amp;#x27;email&amp;#x27;]&amp;quot;)\nINFO     automation:base_page.py:30 Text entered successfully\nINFO     automation:base_page.py:25 Entering text &amp;#x27;Twice300403&amp;#x27; in element: (&amp;#x27;xpath&amp;#x27;, &amp;quot;//input[@type=&amp;#x27;password&amp;#x27;]&amp;quot;)\nINFO     automation:base_page.py:30 Text entered successfully\nINFO     automation:base_page.py:54 Screenshot saved as screenshots/after_login_submit_20250715_091720.png\nINFO     automation:login_flow.py:41 STEP 5: Memverifikasi login berhasil dengan mengecek button create meeting\nINFO     automation:login_flow.py:45 Button create meeting ditemukan - login berhasil\nINFO     automation:login_flow.py:49 Berada di halaman dashboard\nINFO     automation:base_page.py:54 Screenshot saved as screenshots/dashboard_page_20250715_091724.png\nINFO     automation:base_page.py:15 Clicking on element: (&amp;#x27;id&amp;#x27;, &amp;#x27;createNewMeetingTrigger&amp;#x27;)\nERROR    automation:base_page.py:21 Failed to click element: Message: element click intercepted: Element &amp;lt;a class=&amp;quot;tap-highlight-transparent no-underline active:opacity-disabled transition-opacity z-0 group relative inline-flex items-center justify-center box-border appearance-none select-none whitespace-nowrap subpixel-antialiased overflow-hidden tap-highlight-transparent outline-none data-[focus-visible=true]:z-10 data-[focus-visible=true]:outline-2 data-[focus-visible=true]:outline-focus data-[focus-visible=true]:outline-offset-2 px-4 min-w-20 h-10 text-small gap-2 rounded-small w-full [&amp;amp;amp;&amp;gt;svg]:max-w-[theme(spacing.8)] data-[pressed=true]:scale-[0.97] transition-transform-colors-opacity motion-reduce:transition-none data-[hover=true]:opacity-hover bg-notulensi-primary hover:opacity-100 data-[hover=true]:opacity-100 hover:bg-notulensi-primary-400 text-white font-medium&amp;quot; id=&amp;quot;createNewMeetingTrigger&amp;quot; data-sentry-element=&amp;quot;UIButton&amp;quot; data-sentry-source-file=&amp;quot;DashboardLayout.tsx&amp;quot; tabindex=&amp;quot;0&amp;quot; role=&amp;quot;button&amp;quot; type=&amp;quot;button&amp;quot;&amp;gt;...&amp;lt;/a&amp;gt; is not clickable at point (140, 108). Other element would receive the click: &amp;lt;div class=&amp;quot;flex w-screen h-[100dvh] fixed inset-0 z-50 overflow-x-auto justify-center [--scale-enter:100%] [--scale-exit:100%] [--slide-enter:0px] [--slide-exit:80px] sm:[--scale-enter:100%] sm:[--scale-exit:103%] sm:[--slide-enter:0px] sm:[--slide-exit:0px] items-end sm:items-center&amp;quot; data-slot=&amp;quot;wrapper&amp;quot; style=&amp;quot;opacity: 1; transform: translateY(var(--slide-enter)) scale(var(--scale-enter)) translateZ(0);&amp;quot;&amp;gt;...&amp;lt;/div&amp;gt;\n  (Session info: chrome=138.0.7204.101)\nStacktrace:\n\tGetHandleVerifier [0x0xb244a3+62419]\n\tGetHandleVerifier [0x0xb244e4+62484]\n\t(No symbol) [0x0x962133]\n\t(No symbol) [0x0x9b0c40]\n\t(No symbol) [0x0x9aeffa]\n\t(No symbol) [0x0x9acb57]\n\t(No symbol) [0x0x9abe14]\n\t(No symbol) [0x0x9a05c5]\n\t(No symbol) [0x0x9cf46c]\n\t(No symbol) [0x0x9a0054]\n\t(No symbol) [0x0x9cf6e4]\n\t(No symbol) [0x0x9f087a]\n\t(No symbol) [0x0x9cf266]\n\t(No symbol) [0x0x99e852]\n\t(No symbol) [0x0x99f6f4]\n\tGetHandleVerifier [0x0xd94793+2619075]\n\tGetHandleVerifier [0x0xd8fbaa+2599642]\n\tGetHandleVerifier [0x0xb4b04a+221050]\n\tGetHandleVerifier [0x0xb3b2c8+156152]\n\tGetHandleVerifier [0x0xb41c7d+183213]\n\tGetHandleVerifier [0x0xb2c388+94904]\n\tGetHandleVerifier [0x0xb2c512+95298]\n\tGetHandleVerifier [0x0xb1766a+9626]\n\tBaseThreadInitThunk [0x0x76557ba9+25]\n\tRtlInitializeExceptionChain [0x0x776dc36b+107]\n\tRtlClearBits [0x0x776dc2ef+191]\n\nINFO     automation:base_page.py:78 No modal found to dismiss\n&#34;}], &#34;tests/test_meeting_creation.py::TestMeetingCreation::test_meeting_name_validation[AAAAAAAAAAAAAAAAAAAAAAAAAAAAAAAAAAAAAAAAAAAAAAAAAAAAAAAAAAAAAAAAAAAAAAAAAAAAAAAAAAAAAAAAAAAAAAAAAAAAAAAAAAAAAAAAAAAAAAAAAAAAAAAAAAAAAAAAAAAAAAAAAAAAAAAAAAAAAAAAAAAAAAAAAAAAAAAAAAAAAAAAAAAAAAAAAAAAAAAAAAAAAAAAAAAAAAAAAAAAAAAAAAAAAAAAAAAAAAAAAAAAAAAAAAAAAAAA-False]&#34;: [{&#34;extras&#34;: [], &#34;result&#34;: &#34;Error&#34;, &#34;testId&#34;: &#34;tests/test_meeting_creation.py::TestMeetingCreation::test_meeting_name_validation[AAAAAAAAAAAAAAAAAAAAAAAAAAAAAAAAAAAAAAAAAAAAAAAAAAAAAAAAAAAAAAAAAAAAAAAAAAAAAAAAAAAAAAAAAAAAAAAAAAAAAAAAAAAAAAAAAAAAAAAAAAAAAAAAAAAAAAAAAAAAAAAAAAAAAAAAAAAAAAAAAAAAAAAAAAAAAAAAAAAAAAAAAAAAAAAAAAAAAAAAAAAAAAAAAAAAAAAAAAAAAAAAAAAAAAAAAAAAAAAAAAAAAAAAAAAAAAAA-False]::setup&#34;, &#34;duration&#34;: &#34;00:00:36&#34;, &#34;resultsTableRow&#34;: [&#34;&lt;td class=\&#34;col-result\&#34;&gt;Error&lt;/td&gt;&#34;, &#34;&lt;td class=\&#34;col-testId\&#34;&gt;tests/test_meeting_creation.py::TestMeetingCreation::test_meeting_name_validation[AAAAAAAAAAAAAAAAAAAAAAAAAAAAAAAAAAAAAAAAAAAAAAAAAAAAAAAAAAAAAAAAAAAAAAAAAAAAAAAAAAAAAAAAAAAAAAAAAAAAAAAAAAAAAAAAAAAAAAAAAAAAAAAAAAAAAAAAAAAAAAAAAAAAAAAAAAAAAAAAAAAAAAAAAAAAAAAAAAAAAAAAAAAAAAAAAAAAAAAAAAAAAAAAAAAAAAAAAAAAAAAAAAAAAAAAAAAAAAAAAAAAAAAAAAAAAAAA-False]::setup&lt;/td&gt;&#34;, &#34;&lt;td class=\&#34;col-duration\&#34;&gt;00:00:36&lt;/td&gt;&#34;, &#34;&lt;td class=\&#34;col-links\&#34;&gt;&lt;/td&gt;&#34;], &#34;log&#34;: &#34;self = &amp;lt;tests.test_meeting_creation.TestMeetingCreation object at 0x00000234B4D19940&amp;gt;, login_flow = &amp;lt;pages.login_flow.LoginFlow object at 0x00000234B4D632F0&amp;gt;\n\n    @pytest.fixture(autouse=True)\n    def setup(self, login_flow):\n        &amp;quot;&amp;quot;&amp;quot;Setup: Login and open meeting creation dialog&amp;quot;&amp;quot;&amp;quot;\n        self.login_flow = login_flow\n        self.meeting_page = MeetingCreationPage(login_flow.driver)\n        self.login_flow.execute_login_flow(\n            email=&amp;quot;nandopanjaitan003@gmail.com&amp;quot;,\n            password=&amp;quot;Twice300403&amp;quot;\n        )\n&amp;gt;       self.meeting_page.open_meeting_creation_dialog()\n\ntests\\test_meeting_creation.py:46: \n_ _ _ _ _ _ _ _ _ _ _ _ _ _ _ _ _ _ _ _ _ _ _ _ _ _ _ _ _ _ _ _ _ _ _ _ _ _ _ _ _ _ _ _ _ _ _ _ _ _ _ _ _ _ _ _ _ _ _ _ _ _ _ _ _ _ _ _ _ _ _ _ _ _ _ _ _ _ \npages\\meeting_creation_page.py:98: in open_meeting_creation_dialog\n    self.wait.until(\n_ _ _ _ _ _ _ _ _ _ _ _ _ _ _ _ _ _ _ _ _ _ _ _ _ _ _ _ _ _ _ _ _ _ _ _ _ _ _ _ _ _ _ _ _ _ _ _ _ _ _ _ _ _ _ _ _ _ _ _ _ _ _ _ _ _ _ _ _ _ _ _ _ _ _ _ _ _ \n\nself = &amp;lt;selenium.webdriver.support.wait.WebDriverWait (session=&amp;quot;7d8f1687a5a6edb2f09931b539fc18d6&amp;quot;)&amp;gt;\nmethod = &amp;lt;function MeetingCreationPage.open_meeting_creation_dialog.&amp;lt;locals&amp;gt;.&amp;lt;lambda&amp;gt; at 0x00000234B5313240&amp;gt;, message = &amp;#x27;&amp;#x27;\n\n    def until(self, method: Callable[[D], Union[Literal[False], T]], message: str = &amp;quot;&amp;quot;) -&amp;gt; T:\n        &amp;quot;&amp;quot;&amp;quot;Calls the method provided with the driver as an argument until the \\\n        return value does not evaluate to ``False``.\n    \n        :param method: callable(WebDriver)\n        :param message: optional message for :exc:`TimeoutException`\n        :returns: the result of the last call to `method`\n        :raises: :exc:`selenium.common.exceptions.TimeoutException` if timeout occurs\n        &amp;quot;&amp;quot;&amp;quot;\n        screen = None\n        stacktrace = None\n    \n        end_time = time.monotonic() + self._timeout\n        while True:\n            try:\n                value = method(self._driver)\n                if value:\n                    return value\n            except self._ignored_exceptions as exc:\n                screen = getattr(exc, &amp;quot;screen&amp;quot;, None)\n                stacktrace = getattr(exc, &amp;quot;stacktrace&amp;quot;, None)\n            time.sleep(self._poll)\n            if time.monotonic() &amp;gt; end_time:\n                break\n&amp;gt;       raise TimeoutException(message, screen, stacktrace)\nE       selenium.common.exceptions.TimeoutException: Message: \nE       Stacktrace:\nE       \tGetHandleVerifier [0x0xb244a3+62419]\nE       \tGetHandleVerifier [0x0xb244e4+62484]\nE       \t(No symbol) [0x0x962133]\nE       \t(No symbol) [0x0x9aa8fe]\nE       \t(No symbol) [0x0x9aac9b]\nE       \t(No symbol) [0x0x9f3052]\nE       \t(No symbol) [0x0x9cf4b4]\nE       \t(No symbol) [0x0x9f087a]\nE       \t(No symbol) [0x0x9cf266]\nE       \t(No symbol) [0x0x99e852]\nE       \t(No symbol) [0x0x99f6f4]\nE       \tGetHandleVerifier [0x0xd94793+2619075]\nE       \tGetHandleVerifier [0x0xd8fbaa+2599642]\nE       \tGetHandleVerifier [0x0xb4b04a+221050]\nE       \tGetHandleVerifier [0x0xb3b2c8+156152]\nE       \tGetHandleVerifier [0x0xb41c7d+183213]\nE       \tGetHandleVerifier [0x0xb2c388+94904]\nE       \tGetHandleVerifier [0x0xb2c512+95298]\nE       \tGetHandleVerifier [0x0xb1766a+9626]\nE       \tBaseThreadInitThunk [0x0x76557ba9+25]\nE       \tRtlInitializeExceptionChain [0x0x776dc36b+107]\nE       \tRtlClearBits [0x0x776dc2ef+191]\n\nC:\\Users\\LENOVO\\AppData\\Local\\Programs\\Python\\Python312\\Lib\\site-packages\\selenium\\webdriver\\support\\wait.py:105: TimeoutException\n\n------------------------------ Captured log setup ------------------------------\nINFO     automation:login_flow.py:19 STEP 1: Membuka landing page\nINFO     automation:base_page.py:54 Screenshot saved as screenshots/landing_page_20250715_091759.png\nINFO     automation:login_flow.py:24 STEP 2: Mengklik tombol Get Started\nINFO     automation:base_page.py:15 Clicking on element: (&amp;#x27;xpath&amp;#x27;, &amp;#x27;//*[@id=&amp;quot;hero&amp;quot;]/div/div[1]/div[2]/div[2]/button&amp;#x27;)\nINFO     automation:base_page.py:19 Successfully clicked the element\nINFO     automation:base_page.py:54 Screenshot saved as screenshots/after_get_started_20250715_091759.png\nINFO     automation:login_flow.py:29 STEP 3: Mengklik Register Now di auth dialog\nINFO     automation:base_page.py:15 Clicking on element: (&amp;#x27;id&amp;#x27;, &amp;#x27;registerNow&amp;#x27;)\nINFO     automation:base_page.py:19 Successfully clicked the element\nINFO     automation:base_page.py:54 Screenshot saved as screenshots/auth_dialog_20250715_091800.png\nINFO     automation:login_flow.py:34 STEP 4: Mengisi form login\nINFO     automation:base_page.py:25 Entering text &amp;#x27;nandopanjaitan003@gmail.com&amp;#x27; in element: (&amp;#x27;xpath&amp;#x27;, &amp;quot;//input[@type=&amp;#x27;email&amp;#x27;]&amp;quot;)\nINFO     automation:base_page.py:30 Text entered successfully\nINFO     automation:base_page.py:25 Entering text &amp;#x27;Twice300403&amp;#x27; in element: (&amp;#x27;xpath&amp;#x27;, &amp;quot;//input[@type=&amp;#x27;password&amp;#x27;]&amp;quot;)\nINFO     automation:base_page.py:30 Text entered successfully\nINFO     automation:base_page.py:54 Screenshot saved as screenshots/after_login_submit_20250715_091801.png\nINFO     automation:login_flow.py:41 STEP 5: Memverifikasi login berhasil dengan mengecek button create meeting\nINFO     automation:login_flow.py:45 Button create meeting ditemukan - login berhasil\nINFO     automation:login_flow.py:49 Berada di halaman dashboard\nINFO     automation:base_page.py:54 Screenshot saved as screenshots/dashboard_page_20250715_091802.png\nINFO     automation:base_page.py:15 Clicking on element: (&amp;#x27;id&amp;#x27;, &amp;#x27;createNewMeetingTrigger&amp;#x27;)\nERROR    automation:base_page.py:21 Failed to click element: Message: element click intercepted: Element &amp;lt;a class=&amp;quot;tap-highlight-transparent no-underline active:opacity-disabled transition-opacity z-0 group relative inline-flex items-center justify-center box-border appearance-none select-none whitespace-nowrap subpixel-antialiased overflow-hidden tap-highlight-transparent outline-none data-[focus-visible=true]:z-10 data-[focus-visible=true]:outline-2 data-[focus-visible=true]:outline-focus data-[focus-visible=true]:outline-offset-2 px-4 min-w-20 h-10 text-small gap-2 rounded-small w-full [&amp;amp;amp;&amp;gt;svg]:max-w-[theme(spacing.8)] data-[pressed=true]:scale-[0.97] transition-transform-colors-opacity motion-reduce:transition-none data-[hover=true]:opacity-hover bg-notulensi-primary hover:opacity-100 data-[hover=true]:opacity-100 hover:bg-notulensi-primary-400 text-white font-medium&amp;quot; id=&amp;quot;createNewMeetingTrigger&amp;quot; data-sentry-element=&amp;quot;UIButton&amp;quot; data-sentry-source-file=&amp;quot;DashboardLayout.tsx&amp;quot; tabindex=&amp;quot;0&amp;quot; role=&amp;quot;button&amp;quot; type=&amp;quot;button&amp;quot;&amp;gt;...&amp;lt;/a&amp;gt; is not clickable at point (140, 108). Other element would receive the click: &amp;lt;div class=&amp;quot;flex w-screen h-[100dvh] fixed inset-0 z-50 overflow-x-auto justify-center [--scale-enter:100%] [--scale-exit:100%] [--slide-enter:0px] [--slide-exit:80px] sm:[--scale-enter:100%] sm:[--scale-exit:103%] sm:[--slide-enter:0px] sm:[--slide-exit:0px] items-end sm:items-center&amp;quot; data-slot=&amp;quot;wrapper&amp;quot; style=&amp;quot;opacity: 1; transform: translateY(var(--slide-enter)) scale(var(--scale-enter)) translateZ(0);&amp;quot;&amp;gt;...&amp;lt;/div&amp;gt;\n  (Session info: chrome=138.0.7204.101)\nStacktrace:\n\tGetHandleVerifier [0x0xb244a3+62419]\n\tGetHandleVerifier [0x0xb244e4+62484]\n\t(No symbol) [0x0x962133]\n\t(No symbol) [0x0x9b0c40]\n\t(No symbol) [0x0x9aeffa]\n\t(No symbol) [0x0x9acb57]\n\t(No symbol) [0x0x9abe14]\n\t(No symbol) [0x0x9a05c5]\n\t(No symbol) [0x0x9cf46c]\n\t(No symbol) [0x0x9a0054]\n\t(No symbol) [0x0x9cf6e4]\n\t(No symbol) [0x0x9f087a]\n\t(No symbol) [0x0x9cf266]\n\t(No symbol) [0x0x99e852]\n\t(No symbol) [0x0x99f6f4]\n\tGetHandleVerifier [0x0xd94793+2619075]\n\tGetHandleVerifier [0x0xd8fbaa+2599642]\n\tGetHandleVerifier [0x0xb4b04a+221050]\n\tGetHandleVerifier [0x0xb3b2c8+156152]\n\tGetHandleVerifier [0x0xb41c7d+183213]\n\tGetHandleVerifier [0x0xb2c388+94904]\n\tGetHandleVerifier [0x0xb2c512+95298]\n\tGetHandleVerifier [0x0xb1766a+9626]\n\tBaseThreadInitThunk [0x0x76557ba9+25]\n\tRtlInitializeExceptionChain [0x0x776dc36b+107]\n\tRtlClearBits [0x0x776dc2ef+191]\n\nINFO     automation:base_page.py:78 No modal found to dismiss\n&#34;}], &#34;tests/test_meeting_creation.py::TestMeetingCreation::test_cancel_meeting_creation&#34;: [{&#34;extras&#34;: [], &#34;result&#34;: &#34;Error&#34;, &#34;testId&#34;: &#34;tests/test_meeting_creation.py::TestMeetingCreation::test_cancel_meeting_creation::setup&#34;, &#34;duration&#34;: &#34;00:00:38&#34;, &#34;resultsTableRow&#34;: [&#34;&lt;td class=\&#34;col-result\&#34;&gt;Error&lt;/td&gt;&#34;, &#34;&lt;td class=\&#34;col-testId\&#34;&gt;tests/test_meeting_creation.py::TestMeetingCreation::test_cancel_meeting_creation::setup&lt;/td&gt;&#34;, &#34;&lt;td class=\&#34;col-duration\&#34;&gt;00:00:38&lt;/td&gt;&#34;, &#34;&lt;td class=\&#34;col-links\&#34;&gt;&lt;/td&gt;&#34;], &#34;log&#34;: &#34;self = &amp;lt;tests.test_meeting_creation.TestMeetingCreation object at 0x00000234B4D19A00&amp;gt;, login_flow = &amp;lt;pages.login_flow.LoginFlow object at 0x00000234B52EF8C0&amp;gt;\n\n    @pytest.fixture(autouse=True)\n    def setup(self, login_flow):\n        &amp;quot;&amp;quot;&amp;quot;Setup: Login and open meeting creation dialog&amp;quot;&amp;quot;&amp;quot;\n        self.login_flow = login_flow\n        self.meeting_page = MeetingCreationPage(login_flow.driver)\n        self.login_flow.execute_login_flow(\n            email=&amp;quot;nandopanjaitan003@gmail.com&amp;quot;,\n            password=&amp;quot;Twice300403&amp;quot;\n        )\n&amp;gt;       self.meeting_page.open_meeting_creation_dialog()\n\ntests\\test_meeting_creation.py:46: \n_ _ _ _ _ _ _ _ _ _ _ _ _ _ _ _ _ _ _ _ _ _ _ _ _ _ _ _ _ _ _ _ _ _ _ _ _ _ _ _ _ _ _ _ _ _ _ _ _ _ _ _ _ _ _ _ _ _ _ _ _ _ _ _ _ _ _ _ _ _ _ _ _ _ _ _ _ _ \npages\\meeting_creation_page.py:98: in open_meeting_creation_dialog\n    self.wait.until(\n_ _ _ _ _ _ _ _ _ _ _ _ _ _ _ _ _ _ _ _ _ _ _ _ _ _ _ _ _ _ _ _ _ _ _ _ _ _ _ _ _ _ _ _ _ _ _ _ _ _ _ _ _ _ _ _ _ _ _ _ _ _ _ _ _ _ _ _ _ _ _ _ _ _ _ _ _ _ \n\nself = &amp;lt;selenium.webdriver.support.wait.WebDriverWait (session=&amp;quot;7a0955875447da0ea517bd048c044e42&amp;quot;)&amp;gt;\nmethod = &amp;lt;function MeetingCreationPage.open_meeting_creation_dialog.&amp;lt;locals&amp;gt;.&amp;lt;lambda&amp;gt; at 0x00000234B5313EC0&amp;gt;, message = &amp;#x27;&amp;#x27;\n\n    def until(self, method: Callable[[D], Union[Literal[False], T]], message: str = &amp;quot;&amp;quot;) -&amp;gt; T:\n        &amp;quot;&amp;quot;&amp;quot;Calls the method provided with the driver as an argument until the \\\n        return value does not evaluate to ``False``.\n    \n        :param method: callable(WebDriver)\n        :param message: optional message for :exc:`TimeoutException`\n        :returns: the result of the last call to `method`\n        :raises: :exc:`selenium.common.exceptions.TimeoutException` if timeout occurs\n        &amp;quot;&amp;quot;&amp;quot;\n        screen = None\n        stacktrace = None\n    \n        end_time = time.monotonic() + self._timeout\n        while True:\n            try:\n                value = method(self._driver)\n                if value:\n                    return value\n            except self._ignored_exceptions as exc:\n                screen = getattr(exc, &amp;quot;screen&amp;quot;, None)\n                stacktrace = getattr(exc, &amp;quot;stacktrace&amp;quot;, None)\n            time.sleep(self._poll)\n            if time.monotonic() &amp;gt; end_time:\n                break\n&amp;gt;       raise TimeoutException(message, screen, stacktrace)\nE       selenium.common.exceptions.TimeoutException: Message: \nE       Stacktrace:\nE       \tGetHandleVerifier [0x0xb244a3+62419]\nE       \tGetHandleVerifier [0x0xb244e4+62484]\nE       \t(No symbol) [0x0x962133]\nE       \t(No symbol) [0x0x9aa8fe]\nE       \t(No symbol) [0x0x9aac9b]\nE       \t(No symbol) [0x0x9f3052]\nE       \t(No symbol) [0x0x9cf4b4]\nE       \t(No symbol) [0x0x9f087a]\nE       \t(No symbol) [0x0x9cf266]\nE       \t(No symbol) [0x0x99e852]\nE       \t(No symbol) [0x0x99f6f4]\nE       \tGetHandleVerifier [0x0xd94793+2619075]\nE       \tGetHandleVerifier [0x0xd8fbaa+2599642]\nE       \tGetHandleVerifier [0x0xb4b04a+221050]\nE       \tGetHandleVerifier [0x0xb3b2c8+156152]\nE       \tGetHandleVerifier [0x0xb41c7d+183213]\nE       \tGetHandleVerifier [0x0xb2c388+94904]\nE       \tGetHandleVerifier [0x0xb2c512+95298]\nE       \tGetHandleVerifier [0x0xb1766a+9626]\nE       \tBaseThreadInitThunk [0x0x76557ba9+25]\nE       \tRtlInitializeExceptionChain [0x0x776dc36b+107]\nE       \tRtlClearBits [0x0x776dc2ef+191]\n\nC:\\Users\\LENOVO\\AppData\\Local\\Programs\\Python\\Python312\\Lib\\site-packages\\selenium\\webdriver\\support\\wait.py:105: TimeoutException\n\n------------------------------ Captured log setup ------------------------------\nINFO     automation:login_flow.py:19 STEP 1: Membuka landing page\nINFO     automation:base_page.py:54 Screenshot saved as screenshots/landing_page_20250715_091838.png\nINFO     automation:login_flow.py:24 STEP 2: Mengklik tombol Get Started\nINFO     automation:base_page.py:15 Clicking on element: (&amp;#x27;xpath&amp;#x27;, &amp;#x27;//*[@id=&amp;quot;hero&amp;quot;]/div/div[1]/div[2]/div[2]/button&amp;#x27;)\nINFO     automation:base_page.py:19 Successfully clicked the element\nINFO     automation:base_page.py:54 Screenshot saved as screenshots/after_get_started_20250715_091839.png\nINFO     automation:login_flow.py:29 STEP 3: Mengklik Register Now di auth dialog\nINFO     automation:base_page.py:15 Clicking on element: (&amp;#x27;id&amp;#x27;, &amp;#x27;registerNow&amp;#x27;)\nINFO     automation:base_page.py:19 Successfully clicked the element\nINFO     automation:base_page.py:54 Screenshot saved as screenshots/auth_dialog_20250715_091839.png\nINFO     automation:login_flow.py:34 STEP 4: Mengisi form login\nINFO     automation:base_page.py:25 Entering text &amp;#x27;nandopanjaitan003@gmail.com&amp;#x27; in element: (&amp;#x27;xpath&amp;#x27;, &amp;quot;//input[@type=&amp;#x27;email&amp;#x27;]&amp;quot;)\nINFO     automation:base_page.py:30 Text entered successfully\nINFO     automation:base_page.py:25 Entering text &amp;#x27;Twice300403&amp;#x27; in element: (&amp;#x27;xpath&amp;#x27;, &amp;quot;//input[@type=&amp;#x27;password&amp;#x27;]&amp;quot;)\nINFO     automation:base_page.py:30 Text entered successfully\nINFO     automation:base_page.py:54 Screenshot saved as screenshots/after_login_submit_20250715_091840.png\nINFO     automation:login_flow.py:41 STEP 5: Memverifikasi login berhasil dengan mengecek button create meeting\nINFO     automation:login_flow.py:45 Button create meeting ditemukan - login berhasil\nINFO     automation:login_flow.py:49 Berada di halaman dashboard\nINFO     automation:base_page.py:54 Screenshot saved as screenshots/dashboard_page_20250715_091842.png\nINFO     automation:base_page.py:15 Clicking on element: (&amp;#x27;id&amp;#x27;, &amp;#x27;createNewMeetingTrigger&amp;#x27;)\nERROR    automation:base_page.py:21 Failed to click element: Message: element click intercepted: Element &amp;lt;a class=&amp;quot;tap-highlight-transparent no-underline active:opacity-disabled transition-opacity z-0 group relative inline-flex items-center justify-center box-border appearance-none select-none whitespace-nowrap subpixel-antialiased overflow-hidden tap-highlight-transparent outline-none data-[focus-visible=true]:z-10 data-[focus-visible=true]:outline-2 data-[focus-visible=true]:outline-focus data-[focus-visible=true]:outline-offset-2 px-4 min-w-20 h-10 text-small gap-2 rounded-small w-full [&amp;amp;amp;&amp;gt;svg]:max-w-[theme(spacing.8)] data-[pressed=true]:scale-[0.97] transition-transform-colors-opacity motion-reduce:transition-none data-[hover=true]:opacity-hover bg-notulensi-primary hover:opacity-100 data-[hover=true]:opacity-100 hover:bg-notulensi-primary-400 text-white font-medium&amp;quot; id=&amp;quot;createNewMeetingTrigger&amp;quot; data-sentry-element=&amp;quot;UIButton&amp;quot; data-sentry-source-file=&amp;quot;DashboardLayout.tsx&amp;quot; tabindex=&amp;quot;0&amp;quot; role=&amp;quot;button&amp;quot; type=&amp;quot;button&amp;quot;&amp;gt;...&amp;lt;/a&amp;gt; is not clickable at point (140, 108). Other element would receive the click: &amp;lt;div class=&amp;quot;flex w-screen h-[100dvh] fixed inset-0 z-50 overflow-x-auto justify-center [--scale-enter:100%] [--scale-exit:100%] [--slide-enter:0px] [--slide-exit:80px] sm:[--scale-enter:100%] sm:[--scale-exit:103%] sm:[--slide-enter:0px] sm:[--slide-exit:0px] items-end sm:items-center&amp;quot; data-slot=&amp;quot;wrapper&amp;quot; style=&amp;quot;opacity: 1; transform: translateY(var(--slide-enter)) scale(var(--scale-enter)) translateZ(0);&amp;quot;&amp;gt;...&amp;lt;/div&amp;gt;\n  (Session info: chrome=138.0.7204.101)\nStacktrace:\n\tGetHandleVerifier [0x0xb244a3+62419]\n\tGetHandleVerifier [0x0xb244e4+62484]\n\t(No symbol) [0x0x962133]\n\t(No symbol) [0x0x9b0c40]\n\t(No symbol) [0x0x9aeffa]\n\t(No symbol) [0x0x9acb57]\n\t(No symbol) [0x0x9abe14]\n\t(No symbol) [0x0x9a05c5]\n\t(No symbol) [0x0x9cf46c]\n\t(No symbol) [0x0x9a0054]\n\t(No symbol) [0x0x9cf6e4]\n\t(No symbol) [0x0x9f087a]\n\t(No symbol) [0x0x9cf266]\n\t(No symbol) [0x0x99e852]\n\t(No symbol) [0x0x99f6f4]\n\tGetHandleVerifier [0x0xd94793+2619075]\n\tGetHandleVerifier [0x0xd8fbaa+2599642]\n\tGetHandleVerifier [0x0xb4b04a+221050]\n\tGetHandleVerifier [0x0xb3b2c8+156152]\n\tGetHandleVerifier [0x0xb41c7d+183213]\n\tGetHandleVerifier [0x0xb2c388+94904]\n\tGetHandleVerifier [0x0xb2c512+95298]\n\tGetHandleVerifier [0x0xb1766a+9626]\n\tBaseThreadInitThunk [0x0x76557ba9+25]\n\tRtlInitializeExceptionChain [0x0x776dc36b+107]\n\tRtlClearBits [0x0x776dc2ef+191]\n\nINFO     automation:base_page.py:78 No modal found to dismiss\n&#34;}], &#34;tests/test_meeting_creation.py::TestMeetingCreation::test_create_meeting_no_name&#34;: [{&#34;extras&#34;: [], &#34;result&#34;: &#34;Error&#34;, &#34;testId&#34;: &#34;tests/test_meeting_creation.py::TestMeetingCreation::test_create_meeting_no_name::setup&#34;, &#34;duration&#34;: &#34;00:00:37&#34;, &#34;resultsTableRow&#34;: [&#34;&lt;td class=\&#34;col-result\&#34;&gt;Error&lt;/td&gt;&#34;, &#34;&lt;td class=\&#34;col-testId\&#34;&gt;tests/test_meeting_creation.py::TestMeetingCreation::test_create_meeting_no_name::setup&lt;/td&gt;&#34;, &#34;&lt;td class=\&#34;col-duration\&#34;&gt;00:00:37&lt;/td&gt;&#34;, &#34;&lt;td class=\&#34;col-links\&#34;&gt;&lt;/td&gt;&#34;], &#34;log&#34;: &#34;self = &amp;lt;tests.test_meeting_creation.TestMeetingCreation object at 0x00000234B4D19CD0&amp;gt;, login_flow = &amp;lt;pages.login_flow.LoginFlow object at 0x00000234B5368F80&amp;gt;\n\n    @pytest.fixture(autouse=True)\n    def setup(self, login_flow):\n        &amp;quot;&amp;quot;&amp;quot;Setup: Login and open meeting creation dialog&amp;quot;&amp;quot;&amp;quot;\n        self.login_flow = login_flow\n        self.meeting_page = MeetingCreationPage(login_flow.driver)\n        self.login_flow.execute_login_flow(\n            email=&amp;quot;nandopanjaitan003@gmail.com&amp;quot;,\n            password=&amp;quot;Twice300403&amp;quot;\n        )\n&amp;gt;       self.meeting_page.open_meeting_creation_dialog()\n\ntests\\test_meeting_creation.py:46: \n_ _ _ _ _ _ _ _ _ _ _ _ _ _ _ _ _ _ _ _ _ _ _ _ _ _ _ _ _ _ _ _ _ _ _ _ _ _ _ _ _ _ _ _ _ _ _ _ _ _ _ _ _ _ _ _ _ _ _ _ _ _ _ _ _ _ _ _ _ _ _ _ _ _ _ _ _ _ \npages\\meeting_creation_page.py:98: in open_meeting_creation_dialog\n    self.wait.until(\n_ _ _ _ _ _ _ _ _ _ _ _ _ _ _ _ _ _ _ _ _ _ _ _ _ _ _ _ _ _ _ _ _ _ _ _ _ _ _ _ _ _ _ _ _ _ _ _ _ _ _ _ _ _ _ _ _ _ _ _ _ _ _ _ _ _ _ _ _ _ _ _ _ _ _ _ _ _ \n\nself = &amp;lt;selenium.webdriver.support.wait.WebDriverWait (session=&amp;quot;21faa638c2c730946255b9d0400759b3&amp;quot;)&amp;gt;\nmethod = &amp;lt;function MeetingCreationPage.open_meeting_creation_dialog.&amp;lt;locals&amp;gt;.&amp;lt;lambda&amp;gt; at 0x00000234B5313380&amp;gt;, message = &amp;#x27;&amp;#x27;\n\n    def until(self, method: Callable[[D], Union[Literal[False], T]], message: str = &amp;quot;&amp;quot;) -&amp;gt; T:\n        &amp;quot;&amp;quot;&amp;quot;Calls the method provided with the driver as an argument until the \\\n        return value does not evaluate to ``False``.\n    \n        :param method: callable(WebDriver)\n        :param message: optional message for :exc:`TimeoutException`\n        :returns: the result of the last call to `method`\n        :raises: :exc:`selenium.common.exceptions.TimeoutException` if timeout occurs\n        &amp;quot;&amp;quot;&amp;quot;\n        screen = None\n        stacktrace = None\n    \n        end_time = time.monotonic() + self._timeout\n        while True:\n            try:\n                value = method(self._driver)\n                if value:\n                    return value\n            except self._ignored_exceptions as exc:\n                screen = getattr(exc, &amp;quot;screen&amp;quot;, None)\n                stacktrace = getattr(exc, &amp;quot;stacktrace&amp;quot;, None)\n            time.sleep(self._poll)\n            if time.monotonic() &amp;gt; end_time:\n                break\n&amp;gt;       raise TimeoutException(message, screen, stacktrace)\nE       selenium.common.exceptions.TimeoutException: Message: \nE       Stacktrace:\nE       \tGetHandleVerifier [0x0xb244a3+62419]\nE       \tGetHandleVerifier [0x0xb244e4+62484]\nE       \t(No symbol) [0x0x962133]\nE       \t(No symbol) [0x0x9aa8fe]\nE       \t(No symbol) [0x0x9aac9b]\nE       \t(No symbol) [0x0x9f3052]\nE       \t(No symbol) [0x0x9cf4b4]\nE       \t(No symbol) [0x0x9f087a]\nE       \t(No symbol) [0x0x9cf266]\nE       \t(No symbol) [0x0x99e852]\nE       \t(No symbol) [0x0x99f6f4]\nE       \tGetHandleVerifier [0x0xd94793+2619075]\nE       \tGetHandleVerifier [0x0xd8fbaa+2599642]\nE       \tGetHandleVerifier [0x0xb4b04a+221050]\nE       \tGetHandleVerifier [0x0xb3b2c8+156152]\nE       \tGetHandleVerifier [0x0xb41c7d+183213]\nE       \tGetHandleVerifier [0x0xb2c388+94904]\nE       \tGetHandleVerifier [0x0xb2c512+95298]\nE       \tGetHandleVerifier [0x0xb1766a+9626]\nE       \tBaseThreadInitThunk [0x0x76557ba9+25]\nE       \tRtlInitializeExceptionChain [0x0x776dc36b+107]\nE       \tRtlClearBits [0x0x776dc2ef+191]\n\nC:\\Users\\LENOVO\\AppData\\Local\\Programs\\Python\\Python312\\Lib\\site-packages\\selenium\\webdriver\\support\\wait.py:105: TimeoutException\n\n------------------------------ Captured log setup ------------------------------\nINFO     automation:login_flow.py:19 STEP 1: Membuka landing page\nINFO     automation:base_page.py:54 Screenshot saved as screenshots/landing_page_20250715_091917.png\nINFO     automation:login_flow.py:24 STEP 2: Mengklik tombol Get Started\nINFO     automation:base_page.py:15 Clicking on element: (&amp;#x27;xpath&amp;#x27;, &amp;#x27;//*[@id=&amp;quot;hero&amp;quot;]/div/div[1]/div[2]/div[2]/button&amp;#x27;)\nINFO     automation:base_page.py:19 Successfully clicked the element\nINFO     automation:base_page.py:54 Screenshot saved as screenshots/after_get_started_20250715_091918.png\nINFO     automation:login_flow.py:29 STEP 3: Mengklik Register Now di auth dialog\nINFO     automation:base_page.py:15 Clicking on element: (&amp;#x27;id&amp;#x27;, &amp;#x27;registerNow&amp;#x27;)\nINFO     automation:base_page.py:19 Successfully clicked the element\nINFO     automation:base_page.py:54 Screenshot saved as screenshots/auth_dialog_20250715_091918.png\nINFO     automation:login_flow.py:34 STEP 4: Mengisi form login\nINFO     automation:base_page.py:25 Entering text &amp;#x27;nandopanjaitan003@gmail.com&amp;#x27; in element: (&amp;#x27;xpath&amp;#x27;, &amp;quot;//input[@type=&amp;#x27;email&amp;#x27;]&amp;quot;)\nINFO     automation:base_page.py:30 Text entered successfully\nINFO     automation:base_page.py:25 Entering text &amp;#x27;Twice300403&amp;#x27; in element: (&amp;#x27;xpath&amp;#x27;, &amp;quot;//input[@type=&amp;#x27;password&amp;#x27;]&amp;quot;)\nINFO     automation:base_page.py:30 Text entered successfully\nINFO     automation:base_page.py:54 Screenshot saved as screenshots/after_login_submit_20250715_091919.png\nINFO     automation:login_flow.py:41 STEP 5: Memverifikasi login berhasil dengan mengecek button create meeting\nINFO     automation:login_flow.py:45 Button create meeting ditemukan - login berhasil\nINFO     automation:login_flow.py:49 Berada di halaman dashboard\nINFO     automation:base_page.py:54 Screenshot saved as screenshots/dashboard_page_20250715_091921.png\nINFO     automation:base_page.py:15 Clicking on element: (&amp;#x27;id&amp;#x27;, &amp;#x27;createNewMeetingTrigger&amp;#x27;)\nERROR    automation:base_page.py:21 Failed to click element: Message: element click intercepted: Element &amp;lt;a class=&amp;quot;tap-highlight-transparent no-underline active:opacity-disabled transition-opacity z-0 group relative inline-flex items-center justify-center box-border appearance-none select-none whitespace-nowrap subpixel-antialiased overflow-hidden tap-highlight-transparent outline-none data-[focus-visible=true]:z-10 data-[focus-visible=true]:outline-2 data-[focus-visible=true]:outline-focus data-[focus-visible=true]:outline-offset-2 px-4 min-w-20 h-10 text-small gap-2 rounded-small w-full [&amp;amp;amp;&amp;gt;svg]:max-w-[theme(spacing.8)] data-[pressed=true]:scale-[0.97] transition-transform-colors-opacity motion-reduce:transition-none data-[hover=true]:opacity-hover bg-notulensi-primary hover:opacity-100 data-[hover=true]:opacity-100 hover:bg-notulensi-primary-400 text-white font-medium&amp;quot; id=&amp;quot;createNewMeetingTrigger&amp;quot; data-sentry-element=&amp;quot;UIButton&amp;quot; data-sentry-source-file=&amp;quot;DashboardLayout.tsx&amp;quot; tabindex=&amp;quot;0&amp;quot; role=&amp;quot;button&amp;quot; type=&amp;quot;button&amp;quot;&amp;gt;...&amp;lt;/a&amp;gt; is not clickable at point (140, 108). Other element would receive the click: &amp;lt;div class=&amp;quot;flex w-screen h-[100dvh] fixed inset-0 z-50 overflow-x-auto justify-center [--scale-enter:100%] [--scale-exit:100%] [--slide-enter:0px] [--slide-exit:80px] sm:[--scale-enter:100%] sm:[--scale-exit:103%] sm:[--slide-enter:0px] sm:[--slide-exit:0px] items-end sm:items-center&amp;quot; data-slot=&amp;quot;wrapper&amp;quot; style=&amp;quot;opacity: 1; transform: translateY(var(--slide-enter)) scale(var(--scale-enter)) translateZ(0);&amp;quot;&amp;gt;...&amp;lt;/div&amp;gt;\n  (Session info: chrome=138.0.7204.101)\nStacktrace:\n\tGetHandleVerifier [0x0xb244a3+62419]\n\tGetHandleVerifier [0x0xb244e4+62484]\n\t(No symbol) [0x0x962133]\n\t(No symbol) [0x0x9b0c40]\n\t(No symbol) [0x0x9aeffa]\n\t(No symbol) [0x0x9acb57]\n\t(No symbol) [0x0x9abe14]\n\t(No symbol) [0x0x9a05c5]\n\t(No symbol) [0x0x9cf46c]\n\t(No symbol) [0x0x9a0054]\n\t(No symbol) [0x0x9cf6e4]\n\t(No symbol) [0x0x9f087a]\n\t(No symbol) [0x0x9cf266]\n\t(No symbol) [0x0x99e852]\n\t(No symbol) [0x0x99f6f4]\n\tGetHandleVerifier [0x0xd94793+2619075]\n\tGetHandleVerifier [0x0xd8fbaa+2599642]\n\tGetHandleVerifier [0x0xb4b04a+221050]\n\tGetHandleVerifier [0x0xb3b2c8+156152]\n\tGetHandleVerifier [0x0xb41c7d+183213]\n\tGetHandleVerifier [0x0xb2c388+94904]\n\tGetHandleVerifier [0x0xb2c512+95298]\n\tGetHandleVerifier [0x0xb1766a+9626]\n\tBaseThreadInitThunk [0x0x76557ba9+25]\n\tRtlInitializeExceptionChain [0x0x776dc36b+107]\n\tRtlClearBits [0x0x776dc2ef+191]\n\nINFO     automation:base_page.py:78 No modal found to dismiss\n&#34;}], &#34;tests/test_normal_login.py::TestNormalLogin::test_successful_login_with_valid_credentials&#34;: [{&#34;extras&#34;: [], &#34;result&#34;: &#34;Passed&#34;, &#34;testId&#34;: &#34;tests/test_normal_login.py::TestNormalLogin::test_successful_login_with_valid_credentials&#34;, &#34;duration&#34;: &#34;00:00:12&#34;, &#34;resultsTableRow&#34;: [&#34;&lt;td class=\&#34;col-result\&#34;&gt;Passed&lt;/td&gt;&#34;, &#34;&lt;td class=\&#34;col-testId\&#34;&gt;tests/test_normal_login.py::TestNormalLogin::test_successful_login_with_valid_credentials&lt;/td&gt;&#34;, &#34;&lt;td class=\&#34;col-duration\&#34;&gt;00:00:12&lt;/td&gt;&#34;, &#34;&lt;td class=\&#34;col-links\&#34;&gt;&lt;/td&gt;&#34;], &#34;log&#34;: &#34;------------------------------ Captured log call -------------------------------\nINFO     automation:test_normal_login.py:14 Starting test_successful_login_with_valid_credentials\nINFO     automation:login_flow.py:19 STEP 1: Membuka landing page\nINFO     automation:base_page.py:54 Screenshot saved as screenshots/landing_page_20250715_091956.png\nINFO     automation:login_flow.py:24 STEP 2: Mengklik tombol Get Started\nINFO     automation:base_page.py:15 Clicking on element: (&amp;#x27;xpath&amp;#x27;, &amp;#x27;//*[@id=&amp;quot;hero&amp;quot;]/div/div[1]/div[2]/div[2]/button&amp;#x27;)\nINFO     automation:base_page.py:19 Successfully clicked the element\nINFO     automation:base_page.py:54 Screenshot saved as screenshots/after_get_started_20250715_091956.png\nINFO     automation:login_flow.py:29 STEP 3: Mengklik Register Now di auth dialog\nINFO     automation:base_page.py:15 Clicking on element: (&amp;#x27;id&amp;#x27;, &amp;#x27;registerNow&amp;#x27;)\nINFO     automation:base_page.py:19 Successfully clicked the element\nINFO     automation:base_page.py:54 Screenshot saved as screenshots/auth_dialog_20250715_091957.png\nINFO     automation:login_flow.py:34 STEP 4: Mengisi form login\nINFO     automation:base_page.py:25 Entering text &amp;#x27;nandopanjaitan003@gmail.com&amp;#x27; in element: (&amp;#x27;xpath&amp;#x27;, &amp;quot;//input[@type=&amp;#x27;email&amp;#x27;]&amp;quot;)\nINFO     automation:base_page.py:30 Text entered successfully\nINFO     automation:base_page.py:25 Entering text &amp;#x27;Twice300403&amp;#x27; in element: (&amp;#x27;xpath&amp;#x27;, &amp;quot;//input[@type=&amp;#x27;password&amp;#x27;]&amp;quot;)\nINFO     automation:base_page.py:30 Text entered successfully\nINFO     automation:base_page.py:54 Screenshot saved as screenshots/after_login_submit_20250715_091958.png\nINFO     automation:login_flow.py:41 STEP 5: Memverifikasi login berhasil dengan mengecek button create meeting\nINFO     automation:login_flow.py:45 Button create meeting ditemukan - login berhasil\nINFO     automation:login_flow.py:49 Berada di halaman dashboard\nINFO     automation:base_page.py:54 Screenshot saved as screenshots/dashboard_page_20250715_091959.png\nINFO     automation:test_normal_login.py:30 Successfully verified login and dashboard page\n\n---------------------------- Captured log teardown -----------------------------\nINFO     automation:test_normal_login.py:10 Test completed. Cleaning up...&#34;}], &#34;tests/test_normal_login.py::TestNormalLogin::test_login_with_invalid_credentials[valid@example.com-wrongpass]&#34;: [{&#34;extras&#34;: [], &#34;result&#34;: &#34;Passed&#34;, &#34;testId&#34;: &#34;tests/test_normal_login.py::TestNormalLogin::test_login_with_invalid_credentials[valid@example.com-wrongpass]&#34;, &#34;duration&#34;: &#34;00:00:29&#34;, &#34;resultsTableRow&#34;: [&#34;&lt;td class=\&#34;col-result\&#34;&gt;Passed&lt;/td&gt;&#34;, &#34;&lt;td class=\&#34;col-testId\&#34;&gt;tests/test_normal_login.py::TestNormalLogin::test_login_with_invalid_credentials[valid@example.com-wrongpass]&lt;/td&gt;&#34;, &#34;&lt;td class=\&#34;col-duration\&#34;&gt;00:00:29&lt;/td&gt;&#34;, &#34;&lt;td class=\&#34;col-links\&#34;&gt;&lt;/td&gt;&#34;], &#34;log&#34;: &#34;------------------------------ Captured log call -------------------------------\nINFO     automation:test_normal_login.py:40 Starting test with email: valid@example.com, password: wrongpass\nINFO     automation:login_flow.py:19 STEP 1: Membuka landing page\nINFO     automation:base_page.py:54 Screenshot saved as screenshots/landing_page_20250715_092010.png\nINFO     automation:login_flow.py:24 STEP 2: Mengklik tombol Get Started\nINFO     automation:base_page.py:15 Clicking on element: (&amp;#x27;xpath&amp;#x27;, &amp;#x27;//*[@id=&amp;quot;hero&amp;quot;]/div/div[1]/div[2]/div[2]/button&amp;#x27;)\nINFO     automation:base_page.py:19 Successfully clicked the element\nINFO     automation:base_page.py:54 Screenshot saved as screenshots/after_get_started_20250715_092011.png\nINFO     automation:login_flow.py:29 STEP 3: Mengklik Register Now di auth dialog\nINFO     automation:base_page.py:15 Clicking on element: (&amp;#x27;id&amp;#x27;, &amp;#x27;registerNow&amp;#x27;)\nINFO     automation:base_page.py:19 Successfully clicked the element\nINFO     automation:base_page.py:54 Screenshot saved as screenshots/auth_dialog_20250715_092012.png\nINFO     automation:login_flow.py:34 STEP 4: Mengisi form login\nINFO     automation:base_page.py:25 Entering text &amp;#x27;valid@example.com&amp;#x27; in element: (&amp;#x27;xpath&amp;#x27;, &amp;quot;//input[@type=&amp;#x27;email&amp;#x27;]&amp;quot;)\nINFO     automation:base_page.py:30 Text entered successfully\nINFO     automation:base_page.py:25 Entering text &amp;#x27;wrongpass&amp;#x27; in element: (&amp;#x27;xpath&amp;#x27;, &amp;quot;//input[@type=&amp;#x27;password&amp;#x27;]&amp;quot;)\nINFO     automation:base_page.py:30 Text entered successfully\nINFO     automation:base_page.py:54 Screenshot saved as screenshots/after_login_submit_20250715_092014.png\nINFO     automation:login_flow.py:41 STEP 5: Memverifikasi login berhasil dengan mengecek button create meeting\nINFO     automation:test_normal_login.py:45 Test passed - login failed as expected with invalid credentials\n\n---------------------------- Captured log teardown -----------------------------\nINFO     automation:test_normal_login.py:10 Test completed. Cleaning up...&#34;}], &#34;tests/test_normal_login.py::TestNormalLogin::test_login_with_invalid_credentials[invalid@example.com-password123]&#34;: [{&#34;extras&#34;: [], &#34;result&#34;: &#34;Passed&#34;, &#34;testId&#34;: &#34;tests/test_normal_login.py::TestNormalLogin::test_login_with_invalid_credentials[invalid@example.com-password123]&#34;, &#34;duration&#34;: &#34;00:00:25&#34;, &#34;resultsTableRow&#34;: [&#34;&lt;td class=\&#34;col-result\&#34;&gt;Passed&lt;/td&gt;&#34;, &#34;&lt;td class=\&#34;col-testId\&#34;&gt;tests/test_normal_login.py::TestNormalLogin::test_login_with_invalid_credentials[invalid@example.com-password123]&lt;/td&gt;&#34;, &#34;&lt;td class=\&#34;col-duration\&#34;&gt;00:00:25&lt;/td&gt;&#34;, &#34;&lt;td class=\&#34;col-links\&#34;&gt;&lt;/td&gt;&#34;], &#34;log&#34;: &#34;------------------------------ Captured log call -------------------------------\nINFO     automation:test_normal_login.py:40 Starting test with email: invalid@example.com, password: password123\nINFO     automation:login_flow.py:19 STEP 1: Membuka landing page\nINFO     automation:base_page.py:54 Screenshot saved as screenshots/landing_page_20250715_092036.png\nINFO     automation:login_flow.py:24 STEP 2: Mengklik tombol Get Started\nINFO     automation:base_page.py:15 Clicking on element: (&amp;#x27;xpath&amp;#x27;, &amp;#x27;//*[@id=&amp;quot;hero&amp;quot;]/div/div[1]/div[2]/div[2]/button&amp;#x27;)\nINFO     automation:base_page.py:19 Successfully clicked the element\nINFO     automation:base_page.py:54 Screenshot saved as screenshots/after_get_started_20250715_092036.png\nINFO     automation:login_flow.py:29 STEP 3: Mengklik Register Now di auth dialog\nINFO     automation:base_page.py:15 Clicking on element: (&amp;#x27;id&amp;#x27;, &amp;#x27;registerNow&amp;#x27;)\nINFO     automation:base_page.py:19 Successfully clicked the element\nINFO     automation:base_page.py:54 Screenshot saved as screenshots/auth_dialog_20250715_092037.png\nINFO     automation:login_flow.py:34 STEP 4: Mengisi form login\nINFO     automation:base_page.py:25 Entering text &amp;#x27;invalid@example.com&amp;#x27; in element: (&amp;#x27;xpath&amp;#x27;, &amp;quot;//input[@type=&amp;#x27;email&amp;#x27;]&amp;quot;)\nINFO     automation:base_page.py:30 Text entered successfully\nINFO     automation:base_page.py:25 Entering text &amp;#x27;password123&amp;#x27; in element: (&amp;#x27;xpath&amp;#x27;, &amp;quot;//input[@type=&amp;#x27;password&amp;#x27;]&amp;quot;)\nINFO     automation:base_page.py:30 Text entered successfully\nINFO     automation:base_page.py:54 Screenshot saved as screenshots/after_login_submit_20250715_092038.png\nINFO     automation:login_flow.py:41 STEP 5: Memverifikasi login berhasil dengan mengecek button create meeting\nINFO     automation:test_normal_login.py:45 Test passed - login failed as expected with invalid credentials\n\n---------------------------- Captured log teardown -----------------------------\nINFO     automation:test_normal_login.py:10 Test completed. Cleaning up...&#34;}], &#34;tests/test_normal_login.py::TestNormalLogin::test_login_with_invalid_credentials[-password123]&#34;: [{&#34;extras&#34;: [], &#34;result&#34;: &#34;Passed&#34;, &#34;testId&#34;: &#34;tests/test_normal_login.py::TestNormalLogin::test_login_with_invalid_credentials[-password123]&#34;, &#34;duration&#34;: &#34;00:00:28&#34;, &#34;resultsTableRow&#34;: [&#34;&lt;td class=\&#34;col-result\&#34;&gt;Passed&lt;/td&gt;&#34;, &#34;&lt;td class=\&#34;col-testId\&#34;&gt;tests/test_normal_login.py::TestNormalLogin::test_login_with_invalid_credentials[-password123]&lt;/td&gt;&#34;, &#34;&lt;td class=\&#34;col-duration\&#34;&gt;00:00:28&lt;/td&gt;&#34;, &#34;&lt;td class=\&#34;col-links\&#34;&gt;&lt;/td&gt;&#34;], &#34;log&#34;: &#34;------------------------------ Captured log call -------------------------------\nINFO     automation:test_normal_login.py:40 Starting test with email: , password: password123\nINFO     automation:login_flow.py:19 STEP 1: Membuka landing page\nINFO     automation:base_page.py:54 Screenshot saved as screenshots/landing_page_20250715_092103.png\nINFO     automation:login_flow.py:24 STEP 2: Mengklik tombol Get Started\nINFO     automation:base_page.py:15 Clicking on element: (&amp;#x27;xpath&amp;#x27;, &amp;#x27;//*[@id=&amp;quot;hero&amp;quot;]/div/div[1]/div[2]/div[2]/button&amp;#x27;)\nINFO     automation:base_page.py:19 Successfully clicked the element\nINFO     automation:base_page.py:54 Screenshot saved as screenshots/after_get_started_20250715_092105.png\nINFO     automation:login_flow.py:29 STEP 3: Mengklik Register Now di auth dialog\nINFO     automation:base_page.py:15 Clicking on element: (&amp;#x27;id&amp;#x27;, &amp;#x27;registerNow&amp;#x27;)\nINFO     automation:base_page.py:19 Successfully clicked the element\nINFO     automation:base_page.py:54 Screenshot saved as screenshots/auth_dialog_20250715_092105.png\nINFO     automation:login_flow.py:34 STEP 4: Mengisi form login\nINFO     automation:base_page.py:25 Entering text &amp;#x27;&amp;#x27; in element: (&amp;#x27;xpath&amp;#x27;, &amp;quot;//input[@type=&amp;#x27;email&amp;#x27;]&amp;quot;)\nINFO     automation:base_page.py:30 Text entered successfully\nINFO     automation:base_page.py:25 Entering text &amp;#x27;password123&amp;#x27; in element: (&amp;#x27;xpath&amp;#x27;, &amp;quot;//input[@type=&amp;#x27;password&amp;#x27;]&amp;quot;)\nINFO     automation:base_page.py:30 Text entered successfully\nINFO     automation:base_page.py:54 Screenshot saved as screenshots/after_login_submit_20250715_092106.png\nINFO     automation:login_flow.py:41 STEP 5: Memverifikasi login berhasil dengan mengecek button create meeting\nINFO     automation:test_normal_login.py:45 Test passed - login failed as expected with invalid credentials\n\n---------------------------- Captured log teardown -----------------------------\nINFO     automation:test_normal_login.py:10 Test completed. Cleaning up...&#34;}], &#34;tests/test_normal_login.py::TestNormalLogin::test_login_with_invalid_credentials[valid@example.com-]&#34;: [{&#34;extras&#34;: [], &#34;result&#34;: &#34;Passed&#34;, &#34;testId&#34;: &#34;tests/test_normal_login.py::TestNormalLogin::test_login_with_invalid_credentials[valid@example.com-]&#34;, &#34;duration&#34;: &#34;00:00:26&#34;, &#34;resultsTableRow&#34;: [&#34;&lt;td class=\&#34;col-result\&#34;&gt;Passed&lt;/td&gt;&#34;, &#34;&lt;td class=\&#34;col-testId\&#34;&gt;tests/test_normal_login.py::TestNormalLogin::test_login_with_invalid_credentials[valid@example.com-]&lt;/td&gt;&#34;, &#34;&lt;td class=\&#34;col-duration\&#34;&gt;00:00:26&lt;/td&gt;&#34;, &#34;&lt;td class=\&#34;col-links\&#34;&gt;&lt;/td&gt;&#34;], &#34;log&#34;: &#34;------------------------------ Captured log call -------------------------------\nINFO     automation:test_normal_login.py:40 Starting test with email: valid@example.com, password: \nINFO     automation:login_flow.py:19 STEP 1: Membuka landing page\nINFO     automation:base_page.py:54 Screenshot saved as screenshots/landing_page_20250715_092130.png\nINFO     automation:login_flow.py:24 STEP 2: Mengklik tombol Get Started\nINFO     automation:base_page.py:15 Clicking on element: (&amp;#x27;xpath&amp;#x27;, &amp;#x27;//*[@id=&amp;quot;hero&amp;quot;]/div/div[1]/div[2]/div[2]/button&amp;#x27;)\nINFO     automation:base_page.py:19 Successfully clicked the element\nINFO     automation:base_page.py:54 Screenshot saved as screenshots/after_get_started_20250715_092130.png\nINFO     automation:login_flow.py:29 STEP 3: Mengklik Register Now di auth dialog\nINFO     automation:base_page.py:15 Clicking on element: (&amp;#x27;id&amp;#x27;, &amp;#x27;registerNow&amp;#x27;)\nINFO     automation:base_page.py:19 Successfully clicked the element\nINFO     automation:base_page.py:54 Screenshot saved as screenshots/auth_dialog_20250715_092131.png\nINFO     automation:login_flow.py:34 STEP 4: Mengisi form login\nINFO     automation:base_page.py:25 Entering text &amp;#x27;valid@example.com&amp;#x27; in element: (&amp;#x27;xpath&amp;#x27;, &amp;quot;//input[@type=&amp;#x27;email&amp;#x27;]&amp;quot;)\nINFO     automation:base_page.py:30 Text entered successfully\nINFO     automation:base_page.py:25 Entering text &amp;#x27;&amp;#x27; in element: (&amp;#x27;xpath&amp;#x27;, &amp;quot;//input[@type=&amp;#x27;password&amp;#x27;]&amp;quot;)\nINFO     automation:base_page.py:30 Text entered successfully\nINFO     automation:base_page.py:54 Screenshot saved as screenshots/after_login_submit_20250715_092132.png\nINFO     automation:login_flow.py:41 STEP 5: Memverifikasi login berhasil dengan mengecek button create meeting\nINFO     automation:test_normal_login.py:45 Test passed - login failed as expected with invalid credentials\n\n---------------------------- Captured log teardown -----------------------------\nINFO     automation:test_normal_login.py:10 Test completed. Cleaning up...&#34;}]}, &#34;renderCollapsed&#34;: [&#34;passed&#34;], &#34;initialSort&#34;: &#34;result&#34;, &#34;title&#34;: &#34;test_report.html&#34;}"></div>
    <script>
      (function(){function r(e,n,t){function o(i,f){if(!n[i]){if(!e[i]){var c="function"==typeof require&&require;if(!f&&c)return c(i,!0);if(u)return u(i,!0);var a=new Error("Cannot find module '"+i+"'");throw a.code="MODULE_NOT_FOUND",a}var p=n[i]={exports:{}};e[i][0].call(p.exports,function(r){var n=e[i][1][r];return o(n||r)},p,p.exports,r,e,n,t)}return n[i].exports}for(var u="function"==typeof require&&require,i=0;i<t.length;i++)o(t[i]);return o}return r})()({1:[function(require,module,exports){
const { getCollapsedCategory, setCollapsedIds } = require('./storage.js')

class DataManager {
    setManager(data) {
        const collapsedCategories = [...getCollapsedCategory(data.renderCollapsed)]
        const collapsedIds = []
        const tests = Object.values(data.tests).flat().map((test, index) => {
            const collapsed = collapsedCategories.includes(test.result.toLowerCase())
            const id = `test_${index}`
            if (collapsed) {
                collapsedIds.push(id)
            }
            return {
                ...test,
                id,
                collapsed,
            }
        })
        const dataBlob = { ...data, tests }
        this.data = { ...dataBlob }
        this.renderData = { ...dataBlob }
        setCollapsedIds(collapsedIds)
    }

    get allData() {
        return { ...this.data }
    }

    resetRender() {
        this.renderData = { ...this.data }
    }

    setRender(data) {
        this.renderData.tests = [...data]
    }

    toggleCollapsedItem(id) {
        this.renderData.tests = this.renderData.tests.map((test) =>
            test.id === id ? { ...test, collapsed: !test.collapsed } : test,
        )
    }

    set allCollapsed(collapsed) {
        this.renderData = { ...this.renderData, tests: [...this.renderData.tests.map((test) => (
            { ...test, collapsed }
        ))] }
    }

    get testSubset() {
        return [...this.renderData.tests]
    }

    get environment() {
        return this.renderData.environment
    }

    get initialSort() {
        return this.data.initialSort
    }
}

module.exports = {
    manager: new DataManager(),
}

},{"./storage.js":8}],2:[function(require,module,exports){
const mediaViewer = require('./mediaviewer.js')
const templateEnvRow = document.getElementById('template_environment_row')
const templateResult = document.getElementById('template_results-table__tbody')

function htmlToElements(html) {
    const temp = document.createElement('template')
    temp.innerHTML = html
    return temp.content.childNodes
}

const find = (selector, elem) => {
    if (!elem) {
        elem = document
    }
    return elem.querySelector(selector)
}

const findAll = (selector, elem) => {
    if (!elem) {
        elem = document
    }
    return [...elem.querySelectorAll(selector)]
}

const dom = {
    getStaticRow: (key, value) => {
        const envRow = templateEnvRow.content.cloneNode(true)
        const isObj = typeof value === 'object' && value !== null
        const values = isObj ? Object.keys(value).map((k) => `${k}: ${value[k]}`) : null

        const valuesElement = htmlToElements(
            values ? `<ul>${values.map((val) => `<li>${val}</li>`).join('')}<ul>` : `<div>${value}</div>`)[0]
        const td = findAll('td', envRow)
        td[0].textContent = key
        td[1].appendChild(valuesElement)

        return envRow
    },
    getResultTBody: ({ testId, id, log, extras, resultsTableRow, tableHtml, result, collapsed }) => {
        const resultBody = templateResult.content.cloneNode(true)
        resultBody.querySelector('tbody').classList.add(result.toLowerCase())
        resultBody.querySelector('tbody').id = testId
        resultBody.querySelector('.collapsible').dataset.id = id

        resultsTableRow.forEach((html) => {
            const t = document.createElement('template')
            t.innerHTML = html
            resultBody.querySelector('.collapsible').appendChild(t.content)
        })

        if (log) {
            // Wrap lines starting with "E" with span.error to color those lines red
            const wrappedLog = log.replace(/^E.*$/gm, (match) => `<span class="error">${match}</span>`)
            resultBody.querySelector('.log').innerHTML = wrappedLog
        } else {
            resultBody.querySelector('.log').remove()
        }

        if (collapsed) {
            resultBody.querySelector('.collapsible > td')?.classList.add('collapsed')
            resultBody.querySelector('.extras-row').classList.add('hidden')
        } else {
            resultBody.querySelector('.collapsible > td')?.classList.remove('collapsed')
        }

        const media = []
        extras?.forEach(({ name, format_type, content }) => {
            if (['image', 'video'].includes(format_type)) {
                media.push({ path: content, name, format_type })
            }

            if (format_type === 'html') {
                resultBody.querySelector('.extraHTML').insertAdjacentHTML('beforeend', `<div>${content}</div>`)
            }
        })
        mediaViewer.setup(resultBody, media)

        // Add custom html from the pytest_html_results_table_html hook
        tableHtml?.forEach((item) => {
            resultBody.querySelector('td[class="extra"]').insertAdjacentHTML('beforeend', item)
        })

        return resultBody
    },
}

module.exports = {
    dom,
    htmlToElements,
    find,
    findAll,
}

},{"./mediaviewer.js":6}],3:[function(require,module,exports){
const { manager } = require('./datamanager.js')
const { doSort } = require('./sort.js')
const storageModule = require('./storage.js')

const getFilteredSubSet = (filter) =>
    manager.allData.tests.filter(({ result }) => filter.includes(result.toLowerCase()))

const doInitFilter = () => {
    const currentFilter = storageModule.getVisible()
    const filteredSubset = getFilteredSubSet(currentFilter)
    manager.setRender(filteredSubset)
}

const doFilter = (type, show) => {
    if (show) {
        storageModule.showCategory(type)
    } else {
        storageModule.hideCategory(type)
    }

    const currentFilter = storageModule.getVisible()
    const filteredSubset = getFilteredSubSet(currentFilter)
    manager.setRender(filteredSubset)

    const sortColumn = storageModule.getSort()
    doSort(sortColumn, true)
}

module.exports = {
    doFilter,
    doInitFilter,
}

},{"./datamanager.js":1,"./sort.js":7,"./storage.js":8}],4:[function(require,module,exports){
const { redraw, bindEvents, renderStatic } = require('./main.js')
const { doInitFilter } = require('./filter.js')
const { doInitSort } = require('./sort.js')
const { manager } = require('./datamanager.js')
const data = JSON.parse(document.getElementById('data-container').dataset.jsonblob)

function init() {
    manager.setManager(data)
    doInitFilter()
    doInitSort()
    renderStatic()
    redraw()
    bindEvents()
}

init()

},{"./datamanager.js":1,"./filter.js":3,"./main.js":5,"./sort.js":7}],5:[function(require,module,exports){
const { dom, find, findAll } = require('./dom.js')
const { manager } = require('./datamanager.js')
const { doSort } = require('./sort.js')
const { doFilter } = require('./filter.js')
const {
    getVisible,
    getCollapsedIds,
    setCollapsedIds,
    getSort,
    getSortDirection,
    possibleFilters,
} = require('./storage.js')

const removeChildren = (node) => {
    while (node.firstChild) {
        node.removeChild(node.firstChild)
    }
}

const renderStatic = () => {
    const renderEnvironmentTable = () => {
        const environment = manager.environment
        const rows = Object.keys(environment).map((key) => dom.getStaticRow(key, environment[key]))
        const table = document.getElementById('environment')
        removeChildren(table)
        rows.forEach((row) => table.appendChild(row))
    }
    renderEnvironmentTable()
}

const addItemToggleListener = (elem) => {
    elem.addEventListener('click', ({ target }) => {
        const id = target.parentElement.dataset.id
        manager.toggleCollapsedItem(id)

        const collapsedIds = getCollapsedIds()
        if (collapsedIds.includes(id)) {
            const updated = collapsedIds.filter((item) => item !== id)
            setCollapsedIds(updated)
        } else {
            collapsedIds.push(id)
            setCollapsedIds(collapsedIds)
        }
        redraw()
    })
}

const renderContent = (tests) => {
    const sortAttr = getSort(manager.initialSort)
    const sortAsc = JSON.parse(getSortDirection())
    const rows = tests.map(dom.getResultTBody)
    const table = document.getElementById('results-table')
    const tableHeader = document.getElementById('results-table-head')

    const newTable = document.createElement('table')
    newTable.id = 'results-table'

    // remove all sorting classes and set the relevant
    findAll('.sortable', tableHeader).forEach((elem) => elem.classList.remove('asc', 'desc'))
    tableHeader.querySelector(`.sortable[data-column-type="${sortAttr}"]`)?.classList.add(sortAsc ? 'desc' : 'asc')
    newTable.appendChild(tableHeader)

    if (!rows.length) {
        const emptyTable = document.getElementById('template_results-table__body--empty').content.cloneNode(true)
        newTable.appendChild(emptyTable)
    } else {
        rows.forEach((row) => {
            if (!!row) {
                findAll('.collapsible td:not(.col-links', row).forEach(addItemToggleListener)
                find('.logexpander', row).addEventListener('click',
                    (evt) => evt.target.parentNode.classList.toggle('expanded'),
                )
                newTable.appendChild(row)
            }
        })
    }

    table.replaceWith(newTable)
}

const renderDerived = () => {
    const currentFilter = getVisible()
    possibleFilters.forEach((result) => {
        const input = document.querySelector(`input[data-test-result="${result}"]`)
        input.checked = currentFilter.includes(result)
    })
}

const bindEvents = () => {
    const filterColumn = (evt) => {
        const { target: element } = evt
        const { testResult } = element.dataset

        doFilter(testResult, element.checked)
        const collapsedIds = getCollapsedIds()
        const updated = manager.renderData.tests.map((test) => {
            return {
                ...test,
                collapsed: collapsedIds.includes(test.id),
            }
        })
        manager.setRender(updated)
        redraw()
    }

    const header = document.getElementById('environment-header')
    header.addEventListener('click', () => {
        const table = document.getElementById('environment')
        table.classList.toggle('hidden')
        header.classList.toggle('collapsed')
    })

    findAll('input[name="filter_checkbox"]').forEach((elem) => {
        elem.addEventListener('click', filterColumn)
    })

    findAll('.sortable').forEach((elem) => {
        elem.addEventListener('click', (evt) => {
            const { target: element } = evt
            const { columnType } = element.dataset
            doSort(columnType)
            redraw()
        })
    })

    document.getElementById('show_all_details').addEventListener('click', () => {
        manager.allCollapsed = false
        setCollapsedIds([])
        redraw()
    })
    document.getElementById('hide_all_details').addEventListener('click', () => {
        manager.allCollapsed = true
        const allIds = manager.renderData.tests.map((test) => test.id)
        setCollapsedIds(allIds)
        redraw()
    })
}

const redraw = () => {
    const { testSubset } = manager

    renderContent(testSubset)
    renderDerived()
}

module.exports = {
    redraw,
    bindEvents,
    renderStatic,
}

},{"./datamanager.js":1,"./dom.js":2,"./filter.js":3,"./sort.js":7,"./storage.js":8}],6:[function(require,module,exports){
class MediaViewer {
    constructor(assets) {
        this.assets = assets
        this.index = 0
    }

    nextActive() {
        this.index = this.index === this.assets.length - 1 ? 0 : this.index + 1
        return [this.activeFile, this.index]
    }

    prevActive() {
        this.index = this.index === 0 ? this.assets.length - 1 : this.index -1
        return [this.activeFile, this.index]
    }

    get currentIndex() {
        return this.index
    }

    get activeFile() {
        return this.assets[this.index]
    }
}


const setup = (resultBody, assets) => {
    if (!assets.length) {
        resultBody.querySelector('.media').classList.add('hidden')
        return
    }

    const mediaViewer = new MediaViewer(assets)
    const container = resultBody.querySelector('.media-container')
    const leftArrow = resultBody.querySelector('.media-container__nav--left')
    const rightArrow = resultBody.querySelector('.media-container__nav--right')
    const mediaName = resultBody.querySelector('.media__name')
    const counter = resultBody.querySelector('.media__counter')
    const imageEl = resultBody.querySelector('img')
    const sourceEl = resultBody.querySelector('source')
    const videoEl = resultBody.querySelector('video')

    const setImg = (media, index) => {
        if (media?.format_type === 'image') {
            imageEl.src = media.path

            imageEl.classList.remove('hidden')
            videoEl.classList.add('hidden')
        } else if (media?.format_type === 'video') {
            sourceEl.src = media.path

            videoEl.classList.remove('hidden')
            imageEl.classList.add('hidden')
        }

        mediaName.innerText = media?.name
        counter.innerText = `${index + 1} / ${assets.length}`
    }
    setImg(mediaViewer.activeFile, mediaViewer.currentIndex)

    const moveLeft = () => {
        const [media, index] = mediaViewer.prevActive()
        setImg(media, index)
    }
    const doRight = () => {
        const [media, index] = mediaViewer.nextActive()
        setImg(media, index)
    }
    const openImg = () => {
        window.open(mediaViewer.activeFile.path, '_blank')
    }
    if (assets.length === 1) {
        container.classList.add('media-container--fullscreen')
    } else {
        leftArrow.addEventListener('click', moveLeft)
        rightArrow.addEventListener('click', doRight)
    }
    imageEl.addEventListener('click', openImg)
}

module.exports = {
    setup,
}

},{}],7:[function(require,module,exports){
const { manager } = require('./datamanager.js')
const storageModule = require('./storage.js')

const genericSort = (list, key, ascending, customOrder) => {
    let sorted
    if (customOrder) {
        sorted = list.sort((a, b) => {
            const aValue = a.result.toLowerCase()
            const bValue = b.result.toLowerCase()

            const aIndex = customOrder.findIndex((item) => item.toLowerCase() === aValue)
            const bIndex = customOrder.findIndex((item) => item.toLowerCase() === bValue)

            // Compare the indices to determine the sort order
            return aIndex - bIndex
        })
    } else {
        sorted = list.sort((a, b) => a[key] === b[key] ? 0 : a[key] > b[key] ? 1 : -1)
    }

    if (ascending) {
        sorted.reverse()
    }
    return sorted
}

const durationSort = (list, ascending) => {
    const parseDuration = (duration) => {
        if (duration.includes(':')) {
            // If it's in the format "HH:mm:ss"
            const [hours, minutes, seconds] = duration.split(':').map(Number)
            return (hours * 3600 + minutes * 60 + seconds) * 1000
        } else {
            // If it's in the format "nnn ms"
            return parseInt(duration)
        }
    }
    const sorted = list.sort((a, b) => parseDuration(a['duration']) - parseDuration(b['duration']))
    if (ascending) {
        sorted.reverse()
    }
    return sorted
}

const doInitSort = () => {
    const type = storageModule.getSort(manager.initialSort)
    const ascending = storageModule.getSortDirection()
    const list = manager.testSubset
    const initialOrder = ['Error', 'Failed', 'Rerun', 'XFailed', 'XPassed', 'Skipped', 'Passed']

    storageModule.setSort(type)
    storageModule.setSortDirection(ascending)

    if (type?.toLowerCase() === 'original') {
        manager.setRender(list)
    } else {
        let sortedList
        switch (type) {
        case 'duration':
            sortedList = durationSort(list, ascending)
            break
        case 'result':
            sortedList = genericSort(list, type, ascending, initialOrder)
            break
        default:
            sortedList = genericSort(list, type, ascending)
            break
        }
        manager.setRender(sortedList)
    }
}

const doSort = (type, skipDirection) => {
    const newSortType = storageModule.getSort(manager.initialSort) !== type
    const currentAsc = storageModule.getSortDirection()
    let ascending
    if (skipDirection) {
        ascending = currentAsc
    } else {
        ascending = newSortType ? false : !currentAsc
    }
    storageModule.setSort(type)
    storageModule.setSortDirection(ascending)

    const list = manager.testSubset
    const sortedList = type === 'duration' ? durationSort(list, ascending) : genericSort(list, type, ascending)
    manager.setRender(sortedList)
}

module.exports = {
    doInitSort,
    doSort,
}

},{"./datamanager.js":1,"./storage.js":8}],8:[function(require,module,exports){
const possibleFilters = [
    'passed',
    'skipped',
    'failed',
    'error',
    'xfailed',
    'xpassed',
    'rerun',
]

const getVisible = () => {
    const url = new URL(window.location.href)
    const settings = new URLSearchParams(url.search).get('visible')
    const lower = (item) => {
        const lowerItem = item.toLowerCase()
        if (possibleFilters.includes(lowerItem)) {
            return lowerItem
        }
        return null
    }
    return settings === null ?
        possibleFilters :
        [...new Set(settings?.split(',').map(lower).filter((item) => item))]
}

const hideCategory = (categoryToHide) => {
    const url = new URL(window.location.href)
    const visibleParams = new URLSearchParams(url.search).get('visible')
    const currentVisible = visibleParams ? visibleParams.split(',') : [...possibleFilters]
    const settings = [...new Set(currentVisible)].filter((f) => f !== categoryToHide).join(',')

    url.searchParams.set('visible', settings)
    window.history.pushState({}, null, unescape(url.href))
}

const showCategory = (categoryToShow) => {
    if (typeof window === 'undefined') {
        return
    }
    const url = new URL(window.location.href)
    const currentVisible = new URLSearchParams(url.search).get('visible')?.split(',').filter(Boolean) ||
        [...possibleFilters]
    const settings = [...new Set([categoryToShow, ...currentVisible])]
    const noFilter = possibleFilters.length === settings.length || !settings.length

    noFilter ? url.searchParams.delete('visible') : url.searchParams.set('visible', settings.join(','))
    window.history.pushState({}, null, unescape(url.href))
}

const getSort = (initialSort) => {
    const url = new URL(window.location.href)
    let sort = new URLSearchParams(url.search).get('sort')
    if (!sort) {
        sort = initialSort || 'result'
    }
    return sort
}

const setSort = (type) => {
    const url = new URL(window.location.href)
    url.searchParams.set('sort', type)
    window.history.pushState({}, null, unescape(url.href))
}

const getCollapsedCategory = (renderCollapsed) => {
    let categories
    if (typeof window !== 'undefined') {
        const url = new URL(window.location.href)
        const collapsedItems = new URLSearchParams(url.search).get('collapsed')
        switch (true) {
        case !renderCollapsed && collapsedItems === null:
            categories = ['passed']
            break
        case collapsedItems?.length === 0 || /^["']{2}$/.test(collapsedItems):
            categories = []
            break
        case /^all$/.test(collapsedItems) || collapsedItems === null && /^all$/.test(renderCollapsed):
            categories = [...possibleFilters]
            break
        default:
            categories = collapsedItems?.split(',').map((item) => item.toLowerCase()) || renderCollapsed
            break
        }
    } else {
        categories = []
    }
    return categories
}

const getSortDirection = () => JSON.parse(sessionStorage.getItem('sortAsc')) || false
const setSortDirection = (ascending) => sessionStorage.setItem('sortAsc', ascending)

const getCollapsedIds = () => JSON.parse(sessionStorage.getItem('collapsedIds')) || []
const setCollapsedIds = (list) => sessionStorage.setItem('collapsedIds', JSON.stringify(list))

module.exports = {
    getVisible,
    hideCategory,
    showCategory,
    getCollapsedIds,
    setCollapsedIds,
    getSort,
    setSort,
    getSortDirection,
    setSortDirection,
    getCollapsedCategory,
    possibleFilters,
}

},{}]},{},[4]);
    </script>
  </footer>
</html>